This is LuaTeX, Version 1.0.4 (TeX Live 2017)  (format=lualatex 2017.5.23)  16 MAY 2020 12:16
 restricted system commands enabled.
 file:line:error style messages enabled.
**section_01_data_sets.tex
(./section_01_data_sets.tex
LaTeX2e <2017-04-15>
Lua module: luaotfload-main 2017/01/29 2.80001 OpenType layout system.
Lua module: lualibs 2017-02-01 2.5 ConTeXt Lua standard libraries.
Lua module: lualibs-extended 2017-02-01 2.5 ConTeXt Lua libraries -- extended collection.(using write cache: /Users/nathanb/Library/texlive/2017/texmf-var/luatex-cache/generic)(using read cache: /usr/local/texlive/2017/texmf-var/luatex-cache/generic /Users/nathanb/Library/texlive/2017/texmf-var/luatex-cache/generic)
luaotfload | conf : Root cache directory is /Users/nathanb/Library/texlive/2017/texmf-var/luatex-cache/generic/names.
luaotfload | init : Loading fontloader “fontloader-2017-02-11.lua” from kpse-resolved path “/usr/local/texlive/2017/texmf-dist/tex/luatex/luaotfload/fontloader-2017-02-11.lua”.
Lua-only attribute luaotfload@state = 1
Lua-only attribute luaotfload@noligature = 2
Lua-only attribute luaotfload@syllabe = 3
luaotfload | init : Context OpenType loader version “3.027”
Inserting `luaotfload.node_processor' at position 1 in `pre_linebreak_filter'.
Inserting `luaotfload.node_processor' at position 1 in `hpack_filter'.
Inserting `luaotfload.define_font' at position 1 in `define_font'.
Lua-only attribute luaotfload_color_attribute = 4
luaotfload | conf : Root cache directory is /Users/nathanb/Library/texlive/2017/texmf-var/luatex-cache/generic/names.
Inserting `luaotfload.aux.set_sscale_dimens' at position 1 in `luaotfload.patch_font'.
Inserting `luaotfload.aux.patch_cambria_domh' at position 2 in `luaotfload.patch_font'.
Inserting `luaotfload.aux.fixup_fontdata' at position 1 in `luaotfload.patch_font_unsafe'.
Inserting `luaotfload.aux.set_capheight' at position 3 in `luaotfload.patch_font'.
Inserting `luaotfload.rewrite_fontname' at position 4 in `luaotfload.patch_font'.
luaotfload | main : initialization completed in 0.201 seconds
Babel <3.10> and hyphenation patterns for 1 language(s) loaded.
./section_01_data_sets.tex:3: Undefined control sequence.
l.3 \section
          {Summary of Proteome Datasets.}
The control sequence at the end of the top line
of your error message was never \def'ed. If you have
misspelled it (e.g., `\hobx'), type `I' and the correct
spelling (e.g., `I\hbox'). Otherwise just continue,
and I'll forget about whatever was undefined.


./section_01_data_sets.tex:3: LaTeX Error: Missing \begin{document}.

See the LaTeX manual or LaTeX Companion for explanation.
Type  H <return>  for immediate help.
 ...                                              
                                                  
l.3 \section{S
            ummary of Proteome Datasets.}
You're in trouble here.  Try typing  <return>  to proceed.
If that doesn't work, type  X <return>  to quit.


Overfull \hbox (20.0pt too wide) in paragraph at lines 3--4
[]Summary
 []


./section_01_data_sets.tex:5: LaTeX Error: Missing \begin{document}.

See the LaTeX manual or LaTeX Companion for explanation.
Type  H <return>  for immediate help.
 ...                                              
                                                  
l.5 [
   NB: in progress. I think one useful figure for me to make is a schematic ...
You're in trouble here.  Try typing  <return>  to proceed.
If that doesn't work, type  X <return>  to quit.


Overfull \hbox (20.0pt too wide) in paragraph at lines 5--6
[][NB:
 []

./section_01_data_sets.tex:81: Undefined control sequence.
l.81 \section
           {Adjustments to Copy Number Data.}
The control sequence at the end of the top line
of your error message was never \def'ed. If you have
misspelled it (e.g., `\hobx'), type `I' and the correct
spelling (e.g., `I\hbox'). Otherwise just continue,
and I'll forget about whatever was undefined.


./section_01_data_sets.tex:81: LaTeX Error: Missing \begin{document}.

See the LaTeX manual or LaTeX Companion for explanation.
Type  H <return>  for immediate help.
 ...                                              
                                                  
l.81 \section{A
             djustments to Copy Number Data.}
You're in trouble here.  Try typing  <return>  to proceed.
If that doesn't work, type  X <return>  to quit.


Overfull \hbox (20.0pt too wide) in paragraph at lines 81--82
[]Adjustments
 []


./section_01_data_sets.tex:91: LaTeX Error: Missing \begin{document}.

See the LaTeX manual or LaTeX Companion for explanation.
Type  H <return>  for immediate help.
 ...                                              
                                                  
l.91 T
    he datasets encompass a wide range of bacterial growth conditions and
You're in trouble here.  Try typing  <return>  to proceed.
If that doesn't work, type  X <return>  to quit.

luaotfload | db : Font names database loaded from /Users/nathanb/Library/texlive/2017/texmf-var/luatex-cache/generic/names/luaotfload-names.luc(load luc: /Users/nathanb/Library/texlive/2017/texmf-var/luatex-cache/generic/fonts/otl/lmroman10-italic.luc)
Overfull \hbox (20.0pt too wide) in paragraph at lines 91--102
[]The
 []


Overfull \hbox (7.67001pt too wide) in paragraph at lines 91--102
\TU/lmr/m/it/10 e.
 []


Overfull \hbox (14.83002pt too wide) in paragraph at lines 91--102
\TU/lmr/m/it/10 coli
 []


Overfull \hbox (5.11pt too wide) in paragraph at lines 91--102
\TU/lmr/m/it/10 a
 []


Overfull \hbox (15.98001pt too wide) in paragraph at lines 91--102
\TU/lmr/m/it/10 pri-
 []


Overfull \hbox (12.40001pt too wide) in paragraph at lines 91--102
\TU/lmr/m/it/10 ori\nullfont ,
 []


./section_01_data_sets.tex:113: LaTeX Error: Missing \begin{document}.

See the LaTeX manual or LaTeX Companion for explanation.
Type  H <return>  for immediate help.
 ...                                              
                                                  
l.113 F
     igure [](A) compares the total protein mass reported as a function of
You're in trouble here.  Try typing  <return>  to proceed.
If that doesn't work, type  X <return>  to quit.

(load luc: /Users/nathanb/Library/texlive/2017/texmf-var/luatex-cache/generic/fonts/otl/lmroman10-regular.luc)(load luc: /Users/nathanb/Library/texlive/2017/texmf-var/luatex-cache/generic/fonts/otl/lmroman10-bold.luc)
./section_01_data_sets.tex:114: Undefined control sequence.
<write> 
LaTeX Warning: Reference `[' on page \thepage 
                                               \space undefined\on@line .
l.114 ...e original data sets, while in Figure \ref[
                                                  ](B)  we
The control sequence at the end of the top line
of your error message was never \def'ed. If you have
misspelled it (e.g., `\hobx'), type `I' and the correct
spelling (e.g., `I\hbox'). Otherwise just continue,
and I'll forget about whatever was undefined.


LaTeX Warning: Reference `[' on page  undefined on input line 114.


Overfull \hbox (20.0pt too wide) in paragraph at lines 113--118
[]Figure
 []


Overfull \hbox (10.85999pt too wide) in paragraph at lines 113--118
[]](B)
 []

./section_01_data_sets.tex:125: Undefined control sequence.
l.125 \section
            {Adjustments to Schmidt \textit{et al.} dataset}
The control sequence at the end of the top line
of your error message was never \def'ed. If you have
misspelled it (e.g., `\hobx'), type `I' and the correct
spelling (e.g., `I\hbox'). Otherwise just continue,
and I'll forget about whatever was undefined.


./section_01_data_sets.tex:125: LaTeX Error: Missing \begin{document}.

See the LaTeX manual or LaTeX Companion for explanation.
Type  H <return>  for immediate help.
 ...                                              
                                                  
l.125 \section{A
              djustments to Schmidt \textit{et al.} dataset}
You're in trouble here.  Try typing  <return>  to proceed.
If that doesn't work, type  X <return>  to quit.


Overfull \hbox (20.0pt too wide) in paragraph at lines 125--126
[]Adjustments
 []


Overfull \hbox (7.92001pt too wide) in paragraph at lines 125--126
\TU/lmr/m/it/10 et
 []


Overfull \hbox (10.74pt too wide) in paragraph at lines 125--126
\TU/lmr/m/it/10 al.
 []


./section_01_data_sets.tex:130: LaTeX Error: Missing \begin{document}.

See the LaTeX manual or LaTeX Companion for explanation.
Type  H <return>  for immediate help.
 ...                                              
                                                  
l.130 W
     hile the dataset from Schmidt \textit{et al.} remains a heroic effort a...
You're in trouble here.  Try typing  <return>  to proceed.
If that doesn't work, type  X <return>  to quit.

\citation{schaechter1958}
./section_01_data_sets.tex:137: Undefined control sequence.
<write> ... Warning: Citation `\@citeb ' on page \thepage 
                                                  \space undefined\on@line .
l.137 ...e{schaechter1958, taheriaraghi2015, si2017}
                                                  . This resulted in
The control sequence at the end of the top line
of your error message was never \def'ed. If you have
misspelled it (e.g., `\hobx'), type `I' and the correct
spelling (e.g., `I\hbox'). Otherwise just continue,
and I'll forget about whatever was undefined.


LaTeX Warning: Citation `schaechter1958' on page  undefined on input line 137.

\citation{taheriaraghi2015}
./section_01_data_sets.tex:137: Undefined control sequence.
<write> ... Warning: Citation `\@citeb ' on page \thepage 
                                                  \space undefined\on@line .
l.137 ...e{schaechter1958, taheriaraghi2015, si2017}
                                                  . This resulted in
The control sequence at the end of the top line
of your error message was never \def'ed. If you have
misspelled it (e.g., `\hobx'), type `I' and the correct
spelling (e.g., `I\hbox'). Otherwise just continue,
and I'll forget about whatever was undefined.


LaTeX Warning: Citation `taheriaraghi2015' on page  undefined on input line 137.

\citation{si2017}
./section_01_data_sets.tex:137: Undefined control sequence.
<write> ... Warning: Citation `\@citeb ' on page \thepage 
                                                  \space undefined\on@line .
l.137 ...e{schaechter1958, taheriaraghi2015, si2017}
                                                  . This resulted in
The control sequence at the end of the top line
of your error message was never \def'ed. If you have
misspelled it (e.g., `\hobx'), type `I' and the correct
spelling (e.g., `I\hbox'). Otherwise just continue,
and I'll forget about whatever was undefined.


LaTeX Warning: Citation `si2017' on page  undefined on input line 137.

\citation{basan2015}
./section_01_data_sets.tex:139: Undefined control sequence.
<write> ... Warning: Citation `\@citeb ' on page \thepage 
                                                  \space undefined\on@line .
l.139 ...nt with other measurements \cite{basan2015}
                                                  .
The control sequence at the end of the top line
of your error message was never \def'ed. If you have
misspelled it (e.g., `\hobx'), type `I' and the correct
spelling (e.g., `I\hbox'). Otherwise just continue,
and I'll forget about whatever was undefined.


LaTeX Warning: Citation `basan2015' on page  undefined on input line 139.


Overfull \hbox (20.0pt too wide) in paragraph at lines 130--140
[]While
 []


Overfull \hbox (7.92001pt too wide) in paragraph at lines 130--140
\TU/lmr/m/it/10 et
 []


Overfull \hbox (10.74pt too wide) in paragraph at lines 130--140
\TU/lmr/m/it/10 al.
 []


Overfull \hbox (9.85pt too wide) in paragraph at lines 130--140
\TU/lmr/m/it/10 E.
 []


Overfull \hbox (14.83002pt too wide) in paragraph at lines 130--140
\TU/lmr/m/it/10 coli
 []


Overfull \hbox (5.43pt too wide) in paragraph at lines 130--140
[[],
 []


Overfull \hbox (5.43pt too wide) in paragraph at lines 130--140
[],
 []


Overfull \hbox (5.43pt too wide) in paragraph at lines 130--140
[]].
 []


Overfull \hbox (5.43pt too wide) in paragraph at lines 130--140
[[]]. 
 []


./section_01_data_sets.tex:141: LaTeX Error: Missing \begin{document}.

See the LaTeX manual or LaTeX Companion for explanation.
Type  H <return>  for immediate help.
 ...                                              
                                                  
l.141 W
     e begin by looking at the cell volume measurements that were used in their
You're in trouble here.  Try typing  <return>  to proceed.
If that doesn't work, type  X <return>  to quit.

./section_01_data_sets.tex:142: Undefined control sequence.
<write> ...ce `fig:cell_size_literature' on page \thepage 
                                                  \space undefined\on@line .
l.142 ...ue in Figure \ref{fig:cell_size_literature}
                                                  .
The control sequence at the end of the top line
of your error message was never \def'ed. If you have
misspelled it (e.g., `\hobx'), type `I' and the correct
spelling (e.g., `I\hbox'). Otherwise just continue,
and I'll forget about whatever was undefined.


LaTeX Warning: Reference `fig:cell_size_literature' on page  undefined on input line 142.


Overfull \hbox (20.0pt too wide) in paragraph at lines 141--157
[]We
 []


Overfull \hbox (10.85999pt too wide) in paragraph at lines 141--157
[].
 []


Overfull \hbox (7.92001pt too wide) in paragraph at lines 141--157
\TU/lmr/m/it/10 et
 []


Overfull \hbox (10.74pt too wide) in paragraph at lines 141--157
\TU/lmr/m/it/10 al.
 []


Overfull \hbox (7.92001pt too wide) in paragraph at lines 141--157
\TU/lmr/m/it/10 et
 []


Overfull \hbox (10.74pt too wide) in paragraph at lines 141--157
\TU/lmr/m/it/10 al.
 []


Overfull \hbox (7.92001pt too wide) in paragraph at lines 141--157
\TU/lmr/m/it/10 et
 []


Overfull \hbox (10.74pt too wide) in paragraph at lines 141--157
\TU/lmr/m/it/10 al.
 []


Overfull \hbox (7.92001pt too wide) in paragraph at lines 141--157
\TU/lmr/m/it/10 et
 []


Overfull \hbox (10.74pt too wide) in paragraph at lines 141--157
\TU/lmr/m/it/10 al.
 []


Overfull \hbox (7.92001pt too wide) in paragraph at lines 141--157
\TU/lmr/m/it/10 et
 []


Overfull \hbox (10.74pt too wide) in paragraph at lines 141--157
\TU/lmr/m/it/10 al.
 []


./section_01_data_sets.tex:158: LaTeX Error: Environment figure undefined.

See the LaTeX manual or LaTeX Companion for explanation.
Type  H <return>  for immediate help.
 ...                                              
                                                  
l.158 \begin{figure}
                  
Your command was ignored.
Type  I <command> <return>  to replace it with another command,
or  <return>  to continue without it.

./section_01_data_sets.tex:160: Undefined control sequence.
l.160     \includegraphics
                        [width=1\textwidth]{../../figures/supplemental_cell_...
The control sequence at the end of the top line
of your error message was never \def'ed. If you have
misspelled it (e.g., `\hobx'), type `I' and the correct
spelling (e.g., `I\hbox'). Otherwise just continue,
and I'll forget about whatever was undefined.


./section_01_data_sets.tex:160: LaTeX Error: Missing \begin{document}.

See the LaTeX manual or LaTeX Companion for explanation.
Type  H <return>  for immediate help.
 ...                                              
                                                  
l.160     \includegraphics[
                         width=1\textwidth]{../../figures/supplemental_cell_...
You're in trouble here.  Try typing  <return>  to proceed.
If that doesn't work, type  X <return>  to quit.

./section_01_data_sets.tex:160: Missing number, treated as zero.
<to be read again> 
]
l.160     \includegraphics[width=1\textwidth]
                                           {../../figures/supplemental_cell_...
A number should have been here; I inserted `0'.
(If you can't figure out why I needed to see a number,
look up `weird error' in the index to The TeXbook.)

./section_01_data_sets.tex:160: Illegal unit of measure (pt inserted).
<to be read again> 
]
l.160     \includegraphics[width=1\textwidth]
                                           {../../figures/supplemental_cell_...
Dimensions can be in units of em, ex, in, pt, pc,
cm, mm, dd, cc, nd, nc, bp, or sp; but yours is a new one!
I'll assume that you meant to say pt, for printer's points.
To recover gracefully from this error, it's best to
delete the erroneous units; e.g., type `2' to delete
two letters. (See Chapter 27 of The TeXbook.)

./section_01_data_sets.tex:160: Missing $ inserted.
<inserted text> 
$
l.160 ...th=1\textwidth]{../../figures/supplemental_
                                                  cell_volumes.pdf}
I've inserted a begin-math/end-math symbol since I think
you left one out. Proceed, with fingers crossed.

LaTeX Font Info:    External font `cmex10' loaded for size
(Font)              <7> on input line 160.
LaTeX Font Info:    External font `cmex10' loaded for size
(Font)              <5> on input line 160.
./section_01_data_sets.tex:160: Extra }, or forgotten $.
l.160 ..../../figures/supplemental_cell_volumes.pdf}
                                                  
I've deleted a group-closing symbol because it seems to be
spurious, as in `$x}$'. But perhaps the } is legitimate and
you forgot something else, as in `\hbox{$x}'. In such cases
the way to recover is to insert both the forgotten and the
deleted material, e.g., by typing `I$}'.


./section_01_data_sets.tex:161: LaTeX Error: \caption outside float.

See the LaTeX manual or LaTeX Companion for explanation.
Type  H <return>  for immediate help.
 ...                                              
                                                  
l.161   \caption
              {\textbf{Measurements of cell size as a function of growth rate.}
You're in trouble here.  Try typing  <return>  to proceed.
If that doesn't work, type  X <return>  to quit.

\citation{Volkmer2011}
./section_01_data_sets.tex:163: Undefined control sequence.
<write> ... Warning: Citation `\@citeb ' on page \thepage 
                                                  \space undefined\on@line .
l.163 ...kmer and Heinemann, 2011 \cite{Volkmer2011}
                                                   and were
The control sequence at the end of the top line
of your error message was never \def'ed. If you have
misspelled it (e.g., `\hobx'), type `I' and the correct
spelling (e.g., `I\hbox'). Otherwise just continue,
and I'll forget about whatever was undefined.


LaTeX Warning: Citation `Volkmer2011' on page  undefined on input line 163.

\citation{basan2015}
./section_01_data_sets.tex:165: Undefined control sequence.
<write> ... Warning: Citation `\@citeb ' on page \thepage 
                                                  \space undefined\on@line .
l.165 	 	are shown in red \cite{basan2015}
                                        , while the two data sets shown in g...
The control sequence at the end of the top line
of your error message was never \def'ed. If you have
misspelled it (e.g., `\hobx'), type `I' and the correct
spelling (e.g., `I\hbox'). Otherwise just continue,
and I'll forget about whatever was undefined.


LaTeX Warning: Citation `basan2015' on page  undefined on input line 165.

\citation{taheriaraghi2015}
./section_01_data_sets.tex:167: Undefined control sequence.
<write> ... Warning: Citation `\@citeb ' on page \thepage 
                                                  \space undefined\on@line .
l.167 	 	si2017}
              . (B) Same as in (A) but with the data plotted on a logarithmic
The control sequence at the end of the top line
of your error message was never \def'ed. If you have
misspelled it (e.g., `\hobx'), type `I' and the correct
spelling (e.g., `I\hbox'). Otherwise just continue,
and I'll forget about whatever was undefined.


LaTeX Warning: Citation `taheriaraghi2015' on page  undefined on input line 167.

\citation{si2017}
./section_01_data_sets.tex:167: Undefined control sequence.
<write> ... Warning: Citation `\@citeb ' on page \thepage 
                                                  \space undefined\on@line .
l.167 	 	si2017}
              . (B) Same as in (A) but with the data plotted on a logarithmic
The control sequence at the end of the top line
of your error message was never \def'ed. If you have
misspelled it (e.g., `\hobx'), type `I' and the correct
spelling (e.g., `I\hbox'). Otherwise just continue,
and I'll forget about whatever was undefined.


LaTeX Warning: Citation `si2017' on page  undefined on input line 167.

./section_01_data_sets.tex:171: Extra }, or forgotten $.
l.171   }
       
I've deleted a group-closing symbol because it seems to be
spurious, as in `$x}$'. But perhaps the } is legitimate and
you forgot something else, as in `\hbox{$x}'. In such cases
the way to recover is to insert both the forgotten and the
deleted material, e.g., by typing `I$}'.


./section_01_data_sets.tex:172: LaTeX Error: \begin{document} ended by \end{figure}.

See the LaTeX manual or LaTeX Companion for explanation.
Type  H <return>  for immediate help.
 ...                                              
                                                  
l.172 \end{figure}
                
Your command was ignored.
Type  I <command> <return>  to replace it with another command,
or  <return>  to continue without it.

./section_01_data_sets.tex:172: Missing $ inserted.
<inserted text> 
$
l.172 \end{figure}
                
I've inserted something that you may have forgotten.
(See the <inserted text> above.)
With luck, this will get me unwedged. But if you
really didn't forget anything, try typing `2' now; then
my insertion and my current dilemma will both disappear.

./section_01_data_sets.tex:172: Missing } inserted.
<inserted text> 
}
l.172 \end{figure}
                
I've inserted something that you may have forgotten.
(See the <inserted text> above.)
With luck, this will get me unwedged. But if you
really didn't forget anything, try typing `2' now; then
my insertion and my current dilemma will both disappear.

./section_01_data_sets.tex:172: Missing } inserted.
<inserted text> 
}
l.172 \end{figure}
                
I've inserted something that you may have forgotten.
(See the <inserted text> above.)
With luck, this will get me unwedged. But if you
really didn't forget anything, try typing `2' now; then
my insertion and my current dilemma will both disappear.


Overfull \hbox (2162.91289pt too wide) in paragraph at lines 160--173
[][width=1]../../figures/supplemental$[][]\OML/cmm/m/it/10 ell[]olumes:pdf[][]$ 
 []


./section_01_data_sets.tex:175: LaTeX Error: Missing \begin{document}.

See the LaTeX manual or LaTeX Companion for explanation.
Type  H <return>  for immediate help.
 ...                                              
                                                  
l.175 I
     n the next three subsections we consider three different approaches to ...
You're in trouble here.  Try typing  <return>  to proceed.
If that doesn't work, type  X <return>  to quit.


Overfull \hbox (20.0pt too wide) in paragraph at lines 175--182
[]In
 []


Overfull \hbox (7.92001pt too wide) in paragraph at lines 175--182
\TU/lmr/m/it/10 et
 []


Overfull \hbox (10.74pt too wide) in paragraph at lines 175--182
\TU/lmr/m/it/10 al.
 []

./section_01_data_sets.tex:185: Undefined control sequence.
l.185 \subsection
               {Schmidt \textit{et al.} copy number correction, approach 1. }
The control sequence at the end of the top line
of your error message was never \def'ed. If you have
misspelled it (e.g., `\hobx'), type `I' and the correct
spelling (e.g., `I\hbox'). Otherwise just continue,
and I'll forget about whatever was undefined.


./section_01_data_sets.tex:185: LaTeX Error: Missing \begin{document}.

See the LaTeX manual or LaTeX Companion for explanation.
Type  H <return>  for immediate help.
 ...                                              
                                                  
l.185 \subsection{S
                 chmidt \textit{et al.} copy number correction, approach 1. }
You're in trouble here.  Try typing  <return>  to proceed.
If that doesn't work, type  X <return>  to quit.


Overfull \hbox (20.0pt too wide) in paragraph at lines 185--186
[]Schmidt
 []


Overfull \hbox (7.92001pt too wide) in paragraph at lines 185--186
\TU/lmr/m/it/10 et
 []


Overfull \hbox (10.74pt too wide) in paragraph at lines 185--186
\TU/lmr/m/it/10 al.
 []


./section_01_data_sets.tex:187: LaTeX Error: Missing \begin{document}.

See the LaTeX manual or LaTeX Companion for explanation.
Type  H <return>  for immediate help.
 ...                                              
                                                  
l.187 i
     n order to deal with
You're in trouble here.  Try typing  <return>  to proceed.
If that doesn't work, type  X <return>  to quit.


Overfull \hbox (20.0pt too wide) in paragraph at lines 187--199
[]in
 []


./section_01_data_sets.tex:200: LaTeX Error: Missing \begin{document}.

See the LaTeX manual or LaTeX Companion for explanation.
Type  H <return>  for immediate help.
 ...                                              
                                                  
l.200 I
     n Figure [] we perform the total protein mass correction that Schmidt \...
You're in trouble here.  Try typing  <return>  to proceed.
If that doesn't work, type  X <return>  to quit.


Overfull \hbox (20.0pt too wide) in paragraph at lines 200--205
[]In
 []


Overfull \hbox (7.92001pt too wide) in paragraph at lines 200--205
\TU/lmr/m/it/10 et
 []


Overfull \hbox (10.74pt too wide) in paragraph at lines 200--205
\TU/lmr/m/it/10 al.
 []


Overfull \hbox (7.92001pt too wide) in paragraph at lines 200--205
\TU/lmr/m/it/10 et
 []


Overfull \hbox (10.74pt too wide) in paragraph at lines 200--205
\TU/lmr/m/it/10 al.\nullfont .
 []


./section_01_data_sets.tex:207: LaTeX Error: Missing \begin{document}.

See the LaTeX manual or LaTeX Companion for explanation.
Type  H <return>  for immediate help.
 ...                                              
                                                  
l.207 T
     he first approach we consider is to only readjust the protein copy numb...
You're in trouble here.  Try typing  <return>  to proceed.
If that doesn't work, type  X <return>  to quit.


Overfull \hbox (20.0pt too wide) in paragraph at lines 207--220
[]The
 []


Overfull \hbox (7.92001pt too wide) in paragraph at lines 207--220
\TU/lmr/m/it/10 et
 []


Overfull \hbox (10.74pt too wide) in paragraph at lines 207--220
\TU/lmr/m/it/10 al.
 []


Overfull \hbox (7.80904pt too wide) in paragraph at lines 207--220
\OML/cmm/m/it/10 P$
 []


Overfull \hbox (21.19054pt too wide) in paragraph at lines 207--220
\OML/cmm/m/it/10 V[]$
 []


Overfull \hbox (20.52736pt too wide) in paragraph at lines 207--220
\OML/cmm/m/it/10 []$
 []


Overfull \hbox (33.44403pt too wide) in paragraph at lines 207--220
\OML/cmm/m/it/10 P=V[]$
 []


Overfull \hbox (7.92001pt too wide) in paragraph at lines 207--220
\TU/lmr/m/it/10 et
 []


Overfull \hbox (10.74pt too wide) in paragraph at lines 207--220
\TU/lmr/m/it/10 al.
 []


Overfull \hbox (25.93552pt too wide) in paragraph at lines 207--220
\OML/cmm/m/it/10 V[]$
 []


Overfull \hbox (13.79251pt too wide) in paragraph at lines 207--220
\OML/cmm/m/it/10 []$
 []


Overfull \hbox (38.18901pt too wide) in paragraph at lines 207--220
\OML/cmm/m/it/10 P=V[]$
 []


./section_01_data_sets.tex:221: LaTeX Error: Missing \begin{document}.

See the LaTeX manual or LaTeX Companion for explanation.
Type  H <return>  for immediate help.
 ...                                              
                                                  
l.221 \begin{equation}
                    
You're in trouble here.  Try typing  <return>  to proceed.
If that doesn't work, type  X <return>  to quit.


Overfull \hbox (20.0pt too wide) in paragraph at lines 221--221
[] 
 []


Overfull \hbox (55.33609pt too wide) detected at line 223
\OML/cmm/m/it/10 P \OT1/cmr/m/n/10 = \OML/cmm/m/it/10 [] \OMS/cmsy/m/n/10  \OML/cmm/m/it/10 V[]
 []


Overfull \hbox (17.62354pt too wide) in paragraph at lines 223--226
\OML/cmm/m/it/10 V[]$
 []


Overfull \hbox (3.44513pt too wide) in paragraph at lines 223--226
\OML/cmm/m/it/10 i$\nullfont ,
 []


Overfull \hbox (7.92001pt too wide) in paragraph at lines 223--226
\TU/lmr/m/it/10 et
 []


Overfull \hbox (7.67pt too wide) in paragraph at lines 223--226
\TU/lmr/m/it/10 al\nullfont . 
 []


./section_01_data_sets.tex:227: LaTeX Error: Environment figure undefined.

See the LaTeX manual or LaTeX Companion for explanation.
Type  H <return>  for immediate help.
 ...                                              
                                                  
l.227 \begin{figure}
                  
Your command was ignored.
Type  I <command> <return>  to replace it with another command,
or  <return>  to continue without it.

./section_01_data_sets.tex:229: Undefined control sequence.
l.229     \includegraphics
                        [width=1\textwidth]{../../figures/.pdf}
The control sequence at the end of the top line
of your error message was never \def'ed. If you have
misspelled it (e.g., `\hobx'), type `I' and the correct
spelling (e.g., `I\hbox'). Otherwise just continue,
and I'll forget about whatever was undefined.


./section_01_data_sets.tex:229: LaTeX Error: Missing \begin{document}.

See the LaTeX manual or LaTeX Companion for explanation.
Type  H <return>  for immediate help.
 ...                                              
                                                  
l.229     \includegraphics[
                         width=1\textwidth]{../../figures/.pdf}
You're in trouble here.  Try typing  <return>  to proceed.
If that doesn't work, type  X <return>  to quit.

./section_01_data_sets.tex:229: Missing number, treated as zero.
<to be read again> 
]
l.229     \includegraphics[width=1\textwidth]
                                           {../../figures/.pdf}
A number should have been here; I inserted `0'.
(If you can't figure out why I needed to see a number,
look up `weird error' in the index to The TeXbook.)

./section_01_data_sets.tex:229: Illegal unit of measure (pt inserted).
<to be read again> 
]
l.229     \includegraphics[width=1\textwidth]
                                           {../../figures/.pdf}
Dimensions can be in units of em, ex, in, pt, pc,
cm, mm, dd, cc, nd, nc, bp, or sp; but yours is a new one!
I'll assume that you meant to say pt, for printer's points.
To recover gracefully from this error, it's best to
delete the erroneous units; e.g., type `2' to delete
two letters. (See Chapter 27 of The TeXbook.)


./section_01_data_sets.tex:230: LaTeX Error: \caption outside float.

See the LaTeX manual or LaTeX Companion for explanation.
Type  H <return>  for immediate help.
 ...                                              
                                                  
l.230   \caption
              {{\bf Readjustment to total cellular protein using the volume ...
You're in trouble here.  Try typing  <return>  to proceed.
If that doesn't work, type  X <return>  to quit.

./section_01_data_sets.tex:230: Undefined control sequence.
l.230   \caption{{\bf
                    Readjustment to total cellular protein using the volume ...
The control sequence at the end of the top line
of your error message was never \def'ed. If you have
misspelled it (e.g., `\hobx'), type `I' and the correct
spelling (e.g., `I\hbox'). Otherwise just continue,
and I'll forget about whatever was undefined.


./section_01_data_sets.tex:233: LaTeX Error: \begin{document} ended by \end{figure}.

See the LaTeX manual or LaTeX Companion for explanation.
Type  H <return>  for immediate help.
 ...                                              
                                                  
l.233 \end{figure}
                
Your command was ignored.
Type  I <command> <return>  to replace it with another command,
or  <return>  to continue without it.


Overfull \hbox (7.92001pt too wide) in paragraph at lines 229--234
\TU/lmr/m/it/10 et
 []


Overfull \hbox (10.74pt too wide) in paragraph at lines 229--234
\TU/lmr/m/it/10 al.
 []

./section_01_data_sets.tex:235: Undefined control sequence.
l.235 \subsection
               {Schmidt \textit{et al.} copy number correction, approach 2. }
The control sequence at the end of the top line
of your error message was never \def'ed. If you have
misspelled it (e.g., `\hobx'), type `I' and the correct
spelling (e.g., `I\hbox'). Otherwise just continue,
and I'll forget about whatever was undefined.


./section_01_data_sets.tex:235: LaTeX Error: Missing \begin{document}.

See the LaTeX manual or LaTeX Companion for explanation.
Type  H <return>  for immediate help.
 ...                                              
                                                  
l.235 \subsection{S
                 chmidt \textit{et al.} copy number correction, approach 2. }
You're in trouble here.  Try typing  <return>  to proceed.
If that doesn't work, type  X <return>  to quit.


Overfull \hbox (20.0pt too wide) in paragraph at lines 235--236
[]Schmidt
 []


Overfull \hbox (7.92001pt too wide) in paragraph at lines 235--236
\TU/lmr/m/it/10 et
 []


Overfull \hbox (10.74pt too wide) in paragraph at lines 235--236
\TU/lmr/m/it/10 al.
 []


./section_01_data_sets.tex:238: LaTeX Error: Missing \begin{document}.

See the LaTeX manual or LaTeX Companion for explanation.
Type  H <return>  for immediate help.
 ...                                              
                                                  
l.238 A
     s a quick estimate of protein concentration, if we assume a cellular mass
You're in trouble here.  Try typing  <return>  to proceed.
If that doesn't work, type  X <return>  to quit.


Overfull \hbox (20.0pt too wide) in paragraph at lines 238--242
[]As
 []


./section_01_data_sets.tex:243: LaTeX Error: Missing \begin{document}.

See the LaTeX manual or LaTeX Companion for explanation.
Type  H <return>  for immediate help.
 ...                                              
                                                  
l.243 I
     n this next approach we instead rescale the total protein mass accordin...
You're in trouble here.  Try typing  <return>  to proceed.
If that doesn't work, type  X <return>  to quit.


Overfull \hbox (20.0pt too wide) in paragraph at lines 243--252
[]In
 []


Overfull \hbox (5.17015pt too wide) in paragraph at lines 243--252
\OML/cmm/m/it/10 $
 []


Overfull \hbox (7.92001pt too wide) in paragraph at lines 243--252
\TU/lmr/m/it/10 et
 []


Overfull \hbox (10.74pt too wide) in paragraph at lines 243--252
\TU/lmr/m/it/10 al.
 []


./section_01_data_sets.tex:253: LaTeX Error: Missing \begin{document}.

See the LaTeX manual or LaTeX Companion for explanation.
Type  H <return>  for immediate help.
 ...                                              
                                                  
l.253 W
     e now turn to the assumption that cellular protein concentration is rel...
You're in trouble here.  Try typing  <return>  to proceed.
If that doesn't work, type  X <return>  to quit.


Overfull \hbox (20.0pt too wide) in paragraph at lines 253--267
[]We
 []


Overfull \hbox (7.92001pt too wide) in paragraph at lines 253--267
\TU/lmr/m/it/10 et
 []


Overfull \hbox (10.74pt too wide) in paragraph at lines 253--267
\TU/lmr/m/it/10 al.\nullfont ,
 []


Overfull \hbox (7.92001pt too wide) in paragraph at lines 253--267
\TU/lmr/m/it/10 et
 []


Overfull \hbox (7.67pt too wide) in paragraph at lines 253--267
\TU/lmr/m/it/10 al\nullfont .
 []

./section_01_data_sets.tex:268: Undefined control sequence.
l.268 \subsection
               {Schmidt \textit{et al.} copy number correction, approach 3. }
The control sequence at the end of the top line
of your error message was never \def'ed. If you have
misspelled it (e.g., `\hobx'), type `I' and the correct
spelling (e.g., `I\hbox'). Otherwise just continue,
and I'll forget about whatever was undefined.


./section_01_data_sets.tex:268: LaTeX Error: Missing \begin{document}.

See the LaTeX manual or LaTeX Companion for explanation.
Type  H <return>  for immediate help.
 ...                                              
                                                  
l.268 \subsection{S
                 chmidt \textit{et al.} copy number correction, approach 3. }
You're in trouble here.  Try typing  <return>  to proceed.
If that doesn't work, type  X <return>  to quit.


Overfull \hbox (20.0pt too wide) in paragraph at lines 268--269
[]Schmidt
 []


Overfull \hbox (7.92001pt too wide) in paragraph at lines 268--269
\TU/lmr/m/it/10 et
 []


Overfull \hbox (10.74pt too wide) in paragraph at lines 268--269
\TU/lmr/m/it/10 al.
 []


./section_01_data_sets.tex:270: LaTeX Error: Missing \begin{document}.

See the LaTeX manual or LaTeX Companion for explanation.
Type  H <return>  for immediate help.
 ...                                              
                                                  
l.270 I
     n our last appoach we make no assumptions about protein concentration o...
You're in trouble here.  Try typing  <return>  to proceed.
If that doesn't work, type  X <return>  to quit.


Overfull \hbox (20.0pt too wide) in paragraph at lines 270--280
[]In
 []


Overfull \hbox (7.92001pt too wide) in paragraph at lines 270--280
\TU/lmr/m/it/10 et
 []


Overfull \hbox (7.67pt too wide) in paragraph at lines 270--280
\TU/lmr/m/it/10 al
 []


Overfull \hbox (9.85pt too wide) in paragraph at lines 270--280
\TU/lmr/m/it/10 E.
 []


Overfull \hbox (14.83002pt too wide) in paragraph at lines 270--280
\TU/lmr/m/it/10 coli
 []


Overfull \hbox (7.92001pt too wide) in paragraph at lines 270--280
\TU/lmr/m/it/10 et
 []


Overfull \hbox (10.74pt too wide) in paragraph at lines 270--280
\TU/lmr/m/it/10 al.\nullfont ,
 []


Overfull \hbox (7.92001pt too wide) in paragraph at lines 270--280
\TU/lmr/m/it/10 et
 []


Overfull \hbox (10.74pt too wide) in paragraph at lines 270--280
\TU/lmr/m/it/10 al.
 []


./section_01_data_sets.tex:285: LaTeX Error: Missing \begin{document}.

See the LaTeX manual or LaTeX Companion for explanation.
Type  H <return>  for immediate help.
 ...                                              
                                                  
l.285 O
     ne parameter that we do not expect to change substantially across growth
You're in trouble here.  Try typing  <return>  to proceed.
If that doesn't work, type  X <return>  to quit.


Overfull \hbox (20.0pt too wide) in paragraph at lines 285--296
[]One
 []


Overfull \hbox (7.67001pt too wide) in paragraph at lines 285--296
\TU/lmr/m/it/10 e.
 []


Overfull \hbox (14.83002pt too wide) in paragraph at lines 285--296
\TU/lmr/m/it/10 coli
 []


Overfull \hbox (7.92001pt too wide) in paragraph at lines 285--296
\TU/lmr/m/it/10 et
 []


Overfull \hbox (10.74pt too wide) in paragraph at lines 285--296
\TU/lmr/m/it/10 al.
 []


./section_01_data_sets.tex:298: LaTeX Error: Missing \begin{document}.

See the LaTeX manual or LaTeX Companion for explanation.
Type  H <return>  for immediate help.
 ...                                              
                                                  
l.298 F
     rom the work of Schmidt \textit{et al.} they reported an ability to con...
You're in trouble here.  Try typing  <return>  to proceed.
If that doesn't work, type  X <return>  to quit.

./section_01_data_sets.tex:305: Undefined control sequence.
<write> 
LaTeX Warning: Reference `[' on page \thepage 
                                               \space undefined\on@line .
l.305 volumes are shown in Figure \ref[
                                     ]B. While it is difficult to assess the
The control sequence at the end of the top line
of your error message was never \def'ed. If you have
misspelled it (e.g., `\hobx'), type `I' and the correct
spelling (e.g., `I\hbox'). Otherwise just continue,
and I'll forget about whatever was undefined.


LaTeX Warning: Reference `[' on page  undefined on input line 305.


Overfull \hbox (20.0pt too wide) in paragraph at lines 298--310
[]From
 []


Overfull \hbox (7.92001pt too wide) in paragraph at lines 298--310
\TU/lmr/m/it/10 et
 []


Overfull \hbox (10.74pt too wide) in paragraph at lines 298--310
\TU/lmr/m/it/10 al.
 []


Overfull \hbox (10.85999pt too wide) in paragraph at lines 298--310
[]]B.
 []


Overfull \hbox (7.92001pt too wide) in paragraph at lines 298--310
\TU/lmr/m/it/10 et
 []


Overfull \hbox (10.74pt too wide) in paragraph at lines 298--310
\TU/lmr/m/it/10 al.
 []


./section_01_data_sets.tex:311: LaTeX Error: Missing \begin{document}.

See the LaTeX manual or LaTeX Companion for explanation.
Type  H <return>  for immediate help.
 ...                                              
                                                  
l.311 I
     n addition, since cell volume was not determined in all studies, and to be
You're in trouble here.  Try typing  <return>  to proceed.
If that doesn't work, type  X <return>  to quit.


Overfull \hbox (20.0pt too wide) in paragraph at lines 311--318
[]In
 []


Overfull \hbox (7.92001pt too wide) in paragraph at lines 311--318
\TU/lmr/m/it/10 et
 []


Overfull \hbox (10.74pt too wide) in paragraph at lines 311--318
\TU/lmr/m/it/10 al.\nullfont .
 []


Overfull \hbox (5.95834pt too wide) in paragraph at lines 311--318
\OML/cmm/m/it/10 $
 []


./section_01_data_sets.tex:319: LaTeX Error: Missing \begin{document}.

See the LaTeX manual or LaTeX Companion for explanation.
Type  H <return>  for immediate help.
 ...                                              
                                                  
l.319 \begin{equation}
                    
You're in trouble here.  Try typing  <return>  to proceed.
If that doesn't work, type  X <return>  to quit.


Overfull \hbox (20.0pt too wide) in paragraph at lines 319--319
[] 
 []


Overfull \hbox (52.01163pt too wide) detected at line 321
\OML/cmm/m/it/10  \OT1/cmr/m/n/10 = [] \OMS/cmsy/m/n/10  \OT1/cmr/m/n/10 [\OML/cmm/m/it/10 P\OT1/cmr/m/n/10 ][]
 []


./section_01_data_sets.tex:323: LaTeX Error: Missing \begin{document}.

See the LaTeX manual or LaTeX Companion for explanation.
Type  H <return>  for immediate help.
 ...                                              
                                                  
l.323 w
     here $P_i$ is the total protein mass in conditino $i$, $V_i$ is the est...
You're in trouble here.  Try typing  <return>  to proceed.
If that doesn't work, type  X <return>  to quit.

)
! Emergency stop.
<*> section_01_data_sets.tex
                         
*** (job aborted, no legal \end found)



Here is how much of LuaTeX's memory you used:
 37 strings out of 494481
 100000,89155 words of node,token memory allocated 79358 words of node memory still in use:
   251 hlist, 1 vlist, 1 rule, 4 disc, 28 local_par, 1 dir, 21 math, 2149 glue, 136 kern, 80 penalty, 9966 glyph, 178 attribute, 35 glue_spec, 178 attribute_list, 1 temp, 2 write nodes
   avail lists: 1:1,3:318,4:118,5:4,7:26,8:371,9:1,10:117
 4270 multiletter control sequences out of 65536+600000
 27 fonts using 1608479 bytes
 18i,5n,25p,240b,104s stack positions out of 5000i,500n,10000p,200000b,100000s
!  ==> Fatal error occurred, no output PDF file produced!
