\BOOKMARK [1][-]{section*.1}{Additional Estimates of Fundamental Biological Processes}{}% 1
\BOOKMARK [2][-]{subsection*.2}{Nutrient Transport}{section*.1}% 2
\BOOKMARK [3][-]{subsubsection*.3}{Nitrogen}{subsection*.2}% 3
\BOOKMARK [3][-]{subsubsection*.4}{Phosphorus}{subsection*.2}% 4
\BOOKMARK [3][-]{subsubsection*.5}{Sulfur}{subsection*.2}% 5
\BOOKMARK [2][-]{subsection*.6}{Additional Process of the Central Dogma}{section*.1}% 6
\BOOKMARK [3][-]{subsubsection*.7}{dNTP synthesis}{subsection*.6}% 7
\BOOKMARK [3][-]{subsubsection*.8}{mRNA and tRNA Synthesis}{subsection*.6}% 8
\BOOKMARK [3][-]{subsubsection*.9}{tRNA Charging}{subsection*.6}% 9
\BOOKMARK [1][-]{section*.10}{Experimental Details Behind Proteomic Data}{}% 10
\BOOKMARK [2][-]{subsection*.12}{Fluorescence based measurements}{section*.10}% 11
\BOOKMARK [2][-]{subsection*.13}{Ribosomal profiling measurements}{section*.10}% 12
\BOOKMARK [2][-]{subsection*.14}{Mass spectrometry measurements}{section*.10}% 13
\BOOKMARK [1][-]{section*.15}{Summary of Proteomic Data}{}% 14
\BOOKMARK [1][-]{section*.18}{Estimation of Cell Size and Surface Area}{}% 15
\BOOKMARK [1][-]{section*.20}{Estimation of Total Protein Content per Cell}{}% 16
\BOOKMARK [2][-]{subsection*.22}{Estimating Volume and Number of Amino Acids from Ribosome Copy Number}{section*.20}% 17
\BOOKMARK [1][-]{section*.24}{Additional Considerations of Schmidt et al. Data Set}{}% 18
\BOOKMARK [2][-]{subsection*.27}{Effect of cell volume on reported absolute protein abundances}{section*.24}% 19
\BOOKMARK [2][-]{subsection*.28}{Relaxing assumption of constant protein concentration across growth conditions}{section*.24}% 20
\BOOKMARK [2][-]{subsection*.29}{Comparison with total protein measurements from Basan et al. 2015.}{section*.24}% 21
\BOOKMARK [1][-]{section*.31}{Calculation of Complex Abundance}{}% 22
\BOOKMARK [1][-]{section*.33}{Extending Estimates to a Continuum of Growth Rates}{}% 23
\BOOKMARK [2][-]{subsection*.34}{Estimation of the total cell mass}{section*.33}% 24
\BOOKMARK [2][-]{subsection*.35}{Complex Abundance Scaling With Cell Volume}{section*.33}% 25
\BOOKMARK [2][-]{subsection*.36}{A Relation for Complex Abundance Scaling With Surface Area}{section*.33}% 26
\BOOKMARK [3][-]{subsubsection*.37}{Number of Lipids}{subsection*.36}% 27
\BOOKMARK [3][-]{subsubsection*.38}{Number of Murein Monomers}{subsection*.36}% 28
\BOOKMARK [2][-]{subsection*.39}{Complex Abundance Scaling With Number of Origins, and rRNA Synthesis}{section*.33}% 29
\BOOKMARK [1][-]{section*.40}{Calculation of active ribosomal fraction.}{}% 30
\BOOKMARK [1][-]{section*.41}{Estimation of "43EA310 \043ori"53EB311 \040/ "43EA310 \043ter"53EB311 \040and "43EA310 \043ori"53EB311 .}{}% 31
\BOOKMARK [1][-]{section*.43}{Derivation of Minimal Model for Nutrient-Mediated Growth Rate Control}{}% 32
