This is LuaTeX, Version 1.0.4 (TeX Live 2017)  (format=lualatex 2017.5.23)  18 MAR 2020 10:00
 restricted system commands enabled.
 file:line:error style messages enabled.
**Supplemental.tex
(./Supplemental.tex
LaTeX2e <2017-04-15>
Lua module: luaotfload-main 2017/01/29 2.80001 OpenType layout system.
Lua module: lualibs 2017-02-01 2.5 ConTeXt Lua standard libraries.
Lua module: lualibs-extended 2017-02-01 2.5 ConTeXt Lua libraries -- extended collection.(using write cache: /Users/nathanb/Library/texlive/2017/texmf-var/luatex-cache/generic)(using read cache: /usr/local/texlive/2017/texmf-var/luatex-cache/generic /Users/nathanb/Library/texlive/2017/texmf-var/luatex-cache/generic)
luaotfload | conf : Root cache directory is /Users/nathanb/Library/texlive/2017/texmf-var/luatex-cache/generic/names.
luaotfload | init : Loading fontloader “fontloader-2017-02-11.lua” from kpse-resolved path “/usr/local/texlive/2017/texmf-dist/tex/luatex/luaotfload/fontloader-2017-02-11.lua”.
Lua-only attribute luaotfload@state = 1
Lua-only attribute luaotfload@noligature = 2
Lua-only attribute luaotfload@syllabe = 3
luaotfload | init : Context OpenType loader version “3.027”
Inserting `luaotfload.node_processor' at position 1 in `pre_linebreak_filter'.
Inserting `luaotfload.node_processor' at position 1 in `hpack_filter'.
Inserting `luaotfload.define_font' at position 1 in `define_font'.
Lua-only attribute luaotfload_color_attribute = 4
luaotfload | conf : Root cache directory is /Users/nathanb/Library/texlive/2017/texmf-var/luatex-cache/generic/names.
Inserting `luaotfload.aux.set_sscale_dimens' at position 1 in `luaotfload.patch_font'.
Inserting `luaotfload.aux.patch_cambria_domh' at position 2 in `luaotfload.patch_font'.
Inserting `luaotfload.aux.fixup_fontdata' at position 1 in `luaotfload.patch_font_unsafe'.
Inserting `luaotfload.aux.set_capheight' at position 3 in `luaotfload.patch_font'.
Inserting `luaotfload.rewrite_fontname' at position 4 in `luaotfload.patch_font'.
luaotfload | main : initialization completed in 0.299 seconds
Babel <3.10> and hyphenation patterns for 1 language(s) loaded.
(/usr/local/texlive/2017/texmf-dist/tex/latex/base/article.cls
Document Class: article 2014/09/29 v1.4h Standard LaTeX document class
(/usr/local/texlive/2017/texmf-dist/tex/latex/base/size11.clo
File: size11.clo 2014/09/29 v1.4h Standard LaTeX file (size option)
luaotfload | db : Font names database loaded from /Users/nathanb/Library/texlive/2017/texmf-var/luatex-cache/generic/names/luaotfload-names.luc(load luc: /Users/nathanb/Library/texlive/2017/texmf-var/luatex-cache/generic/fonts/otl/lmroman10-regular.luc))
\c@part=\count79
\c@section=\count80
\c@subsection=\count81
\c@subsubsection=\count82
\c@paragraph=\count83
\c@subparagraph=\count84
\c@figure=\count85
\c@table=\count86
\abovecaptionskip=\skip41
\belowcaptionskip=\skip42
\bibindent=\dimen102
) (/usr/local/texlive/2017/texmf-dist/tex/latex/graphics/graphicx.sty
Package: graphicx 2014/10/28 v1.0g Enhanced LaTeX Graphics (DPC,SPQR)
 (/usr/local/texlive/2017/texmf-dist/tex/latex/graphics/keyval.sty
Package: keyval 2014/10/28 v1.15 key=value parser (DPC)
\KV@toks@=\toks14
) (/usr/local/texlive/2017/texmf-dist/tex/latex/graphics/graphics.sty
Package: graphics 2017/04/14 v1.1b Standard LaTeX Graphics (DPC,SPQR)
 (/usr/local/texlive/2017/texmf-dist/tex/latex/graphics/trig.sty
Package: trig 2016/01/03 v1.10 sin cos tan (DPC)
) (/usr/local/texlive/2017/texmf-dist/tex/latex/graphics-cfg/graphics.cfg
File: graphics.cfg 2016/06/04 v1.11 sample graphics configuration
)
Package graphics Info: Driver file: luatex.def on input line 99.
 (/usr/local/texlive/2017/texmf-dist/tex/latex/graphics-def/luatex.def
File: luatex.def 2017/01/12 v0.01h Graphics/Color for luaTeX
 (/usr/local/texlive/2017/texmf-dist/tex/generic/oberdiek/infwarerr.sty
Package: infwarerr 2016/05/16 v1.4 Providing info/warning/error messages (HO)
) (/usr/local/texlive/2017/texmf-dist/tex/generic/oberdiek/ltxcmds.sty
Package: ltxcmds 2016/05/16 v1.23 LaTeX kernel commands for general use (HO)
)
\Gread@gobject=\count87
))
\Gin@req@height=\dimen103
\Gin@req@width=\dimen104
) (/usr/local/texlive/2017/texmf-dist/tex/latex/chemmacros/chemmacros.sty (/usr/local/texlive/2017/texmf-dist/tex/latex/l3kernel/expl3.sty
Package: expl3 2017/05/13 L3 programming layer (loader) 
 (/usr/local/texlive/2017/texmf-dist/tex/latex/l3kernel/expl3-code.tex
Package: expl3 2017/05/13 L3 programming layer (code)
\ucharcat@table=\catcodetable5
\c_max_int=\count88
\l_tmpa_int=\count89
\l_tmpb_int=\count90
\g_tmpa_int=\count91
\g_tmpb_int=\count92
\g__prg_map_int=\count93
\c_log_iow=\count94
\l_iow_line_count_int=\count95
\l__iow_line_target_int=\count96
\l__iow_one_indent_int=\count97
\l__iow_indent_int=\count98
\c_zero_dim=\dimen105
\c_max_dim=\dimen106
\l_tmpa_dim=\dimen107
\l_tmpb_dim=\dimen108
\g_tmpa_dim=\dimen109
\g_tmpb_dim=\dimen110
\c_zero_skip=\skip43
\c_max_skip=\skip44
\l_tmpa_skip=\skip45
\l_tmpb_skip=\skip46
\g_tmpa_skip=\skip47
\g_tmpb_skip=\skip48
\c_zero_muskip=\muskip10
\c_max_muskip=\muskip11
\l_tmpa_muskip=\muskip12
\l_tmpb_muskip=\muskip13
\g_tmpa_muskip=\muskip14
\g_tmpb_muskip=\muskip15
\l_keys_choice_int=\count99
\c__fp_leading_shift_int=\count100
\c__fp_middle_shift_int=\count101
\c__fp_trailing_shift_int=\count102
\c__fp_big_leading_shift_int=\count103
\c__fp_big_middle_shift_int=\count104
\c__fp_big_trailing_shift_int=\count105
\c__fp_Bigg_leading_shift_int=\count106
\c__fp_Bigg_middle_shift_int=\count107
\c__fp_Bigg_trailing_shift_int=\count108
\c__fp_rand_size_int=\count109
\c__fp_rand_four_int=\count110
\c__fp_rand_eight_int=\count111
\l__sort_length_int=\count112
\l__sort_min_int=\count113
\l__sort_top_int=\count114
\l__sort_max_int=\count115
\l__sort_true_max_int=\count116
\l__sort_block_int=\count117
\l__sort_begin_int=\count118
\l__sort_end_int=\count119
\l__sort_A_int=\count120
\l__sort_B_int=\count121
\l__sort_C_int=\count122
\c_empty_box=\box26
\l_tmpa_box=\box27
\l_tmpb_box=\box28
\g_tmpa_box=\box29
\g_tmpb_box=\box30
\l__box_top_dim=\dimen111
\l__box_bottom_dim=\dimen112
\l__box_left_dim=\dimen113
\l__box_right_dim=\dimen114
\l__box_top_new_dim=\dimen115
\l__box_bottom_new_dim=\dimen116
\l__box_left_new_dim=\dimen117
\l__box_right_new_dim=\dimen118
\l__box_internal_box=\box31
\l__coffin_internal_box=\box32
\l__coffin_internal_dim=\dimen119
\l__coffin_offset_x_dim=\dimen120
\l__coffin_offset_y_dim=\dimen121
\l__coffin_x_dim=\dimen122
\l__coffin_y_dim=\dimen123
\l__coffin_x_prime_dim=\dimen124
\l__coffin_y_prime_dim=\dimen125
\c_empty_coffin=\box33
\l__coffin_aligned_coffin=\box34
\l__coffin_aligned_internal_coffin=\box35
\l_tmpa_coffin=\box36
\l_tmpb_coffin=\box37
\l__coffin_display_coffin=\box38
\l__coffin_display_coord_coffin=\box39
\l__coffin_display_pole_coffin=\box40
\l__coffin_display_offset_dim=\dimen126
\l__coffin_display_x_dim=\dimen127
\l__coffin_display_y_dim=\dimen128
\l__coffin_bounding_shift_dim=\dimen129
\l__coffin_left_corner_dim=\dimen130
\l__coffin_right_corner_dim=\dimen131
\l__coffin_bottom_corner_dim=\dimen132
\l__coffin_top_corner_dim=\dimen133
\l__coffin_scaled_total_height_dim=\dimen134
\l__coffin_scaled_width_dim=\dimen135
)
(/usr/local/texlive/2017/texmf-dist/tex/latex/l3kernel/l3pdfmode.def
File: l3pdfmode.def 2017/03/18 v L3 Experimental driver: PDF mode
\l__driver_color_stack_int=\count123
\l__driver_tmp_box=\box41
)) (/usr/local/texlive/2017/texmf-dist/tex/latex/l3packages/xparse/xparse.sty
Package: xparse 2017/05/13 L3 Experimental document command parser
\l__xparse_current_arg_int=\count124
\g__xparse_grabber_int=\count125
\l__xparse_m_args_int=\count126
\l__xparse_mandatory_args_int=\count127
\l__xparse_v_nesting_int=\count128
) (/usr/local/texlive/2017/texmf-dist/tex/latex/l3packages/l3keys2e/l3keys2e.sty
Package: l3keys2e 2017/05/13 LaTeX2e option processing using LaTeX3 keys
)
Package: chemmacros 2017/04/24 v5.8 comprehensive support for typesetting chemistry documents (CN)
.................................................
. LaTeX info: "xparse/define-command"
. 
. Defining command \IfChemCompatibilityTF with sig. 'mm+m+m' on line 133.
.................................................
.................................................
. LaTeX info: "xparse/define-command"
. 
. Defining command \IfChemCompatibilityT with sig. 'mm+m' on line 136.
.................................................
.................................................
. LaTeX info: "xparse/define-command"
. 
. Defining command \IfChemCompatibilityF with sig. 'mm+m' on line 139.
.................................................
 (/usr/local/texlive/2017/texmf-dist/tex/latex/chemmacros/chemmacros5.sty
Package: chemmacros5 2017/04/24 v5.8 comprehensive support for typesetting chemistry documents (CN)
\l__chemmacros_tmpa_dim=\dimen136
\l__chemmacros_tmpb_dim=\dimen137
\l__chemmacros_tmpc_dim=\dimen138
\l__chemmacros_tmpa_int=\count129
\l__chemmacros_tmpb_int=\count130
\l__chemmacros_tmpc_int=\count131
\l__chemmacros_tmpa_box=\box42
\l__chemmacros_tmpb_box=\box43
\l__chemmacros_tmpc_box=\box44
.................................................
. LaTeX info: "xparse/define-command"
. 
. Defining command \ChemModule with sig. 'smmO{5.0}' on line 258.
.................................................
.................................................
. LaTeX info: "xparse/define-command"
. 
. Defining command \usechemmodule with sig. 'm' on line 262.
.................................................
\g__file_internal_ior=\read1
(chemmacros)    Loading module `base'...
 (/usr/local/texlive/2017/texmf-dist/tex/latex/chemmacros/chemmacros.module.base.code.tex
File: chemmacros.module.base.code.tex 2017/04/24 v5.8 chemmacros module `base' 2016/05/04 basic chemmacros module
 (/usr/local/texlive/2017/texmf-dist/tex/latex/etoolbox/etoolbox.sty
Package: etoolbox 2017/01/02 v2.4 e-TeX tools for LaTeX (JAW)
\etb@tempcnta=\count132
)
.................................................
. LaTeX info: "xparse/define-command"
. 
. Defining command \DeclareChemDeprecated with sig. 'mm' on line 53.
.................................................
.................................................
. LaTeX info: "xparse/define-command"
. 
. Defining command \NewChemMacroset with sig. 'smmm' on line 151.
.................................................
 (/usr/local/texlive/2017/texmf-dist/tex/latex/koma-script/scrlfile.sty
Package: scrlfile 2017/04/13 v3.23 KOMA-Script package (loading files)

Package scrlfile, 2017/04/13 v3.23 KOMA-Script package (loading files)
                  Copyright (C) Markus Kohm

)
.................................................
. LaTeX info: "xparse/define-command"
. 
. Defining command \ChemCleverefSupport with sig. 'mmomo' on line 356.
.................................................
.................................................
. LaTeX info: "xparse/define-command"
. 
. Defining command \ChemFancyrefSupport with sig. 'mmo' on line 356.
.................................................
 (/usr/local/texlive/2017/texmf-dist/tex/latex/tools/bm.sty
Package: bm 2017/01/16 v1.2c Bold Symbol Support (DPC/FMi)
\symboldoperators=\mathgroup4
\symboldletters=\mathgroup5
\symboldsymbols=\mathgroup6
LaTeX Font Info:    Redeclaring math alphabet \mathbf on input line 141.
LaTeX Info: Redefining \bm on input line 207.
) (/usr/local/texlive/2017/texmf-dist/tex/latex/amsmath/amstext.sty
Package: amstext 2000/06/29 v2.01 AMS text
 (/usr/local/texlive/2017/texmf-dist/tex/latex/amsmath/amsgen.sty
File: amsgen.sty 1999/11/30 v2.0 generic functions
\@emptytoks=\toks15
\ex@=\dimen139
))
.................................................
. LaTeX info: "xparse/define-command"
. 
. Defining command \chemsetup with sig. 'om' on line 428.
.................................................
(chemmacros)    Loading module `errorcheck'...
 (/usr/local/texlive/2017/texmf-dist/tex/latex/chemmacros/chemmacros.module.errorcheck.code.tex
File: chemmacros.module.errorcheck.code.tex 2017/04/24 v5.8 chemmacros module `errorcheck' 2016/10/05 error checking for unloaded modules
))
(chemmacros)    Loading module `lang'...
 (/usr/local/texlive/2017/texmf-dist/tex/latex/chemmacros/chemmacros.module.lang.code.tex
File: chemmacros.module.lang.code.tex 2017/04/24 v5.8 chemmacros module `lang' 2016/05/31 language settings for chemmacros
 (/usr/local/texlive/2017/texmf-dist/tex/latex/translations/translations.sty
Package: translations 2017/05/16 v1.6 internationalization of LaTeX2e packages (CN)
)
.................................................
. LaTeX info: "xparse/define-command"
. 
. Defining command \ChemTranslate with sig. 'm' on line 68.
.................................................
.................................................
. LaTeX info: "xparse/define-command"
. 
. Defining command \DeclareChemTranslations with sig. 'mm' on line 141.
.................................................
.................................................
. LaTeX info: "xparse/define-command"
. 
. Defining command \DeclareChemTranslation with sig. 'mmm' on line 145.
.................................................
.................................................
. LaTeX info: "xparse/define-command"
. 
. Defining command \ForAllChemTranslationsDo with sig. '+m' on line 164.
.................................................
)
(chemmacros)    Loading module `greek'...
 (/usr/local/texlive/2017/texmf-dist/tex/latex/chemmacros/chemmacros.module.greek.code.tex
File: chemmacros.module.greek.code.tex 2017/04/24 v5.8 chemmacros module `greek' 2015/06/09 upright greek symbols
 (/usr/local/texlive/2017/texmf-dist/tex/latex/chemgreek/chemgreek.sty
Package: chemgreek 2016/12/20 v1.1 interfaceforuprightgreeklettersforuseinchemistry (CN)
\l__chemgreek_tmpa_int=\count133
\g__chemgreek_tmpa_int=\count134
.................................................
. LaTeX info: "xparse/define-command"
. 
. Defining command \newchemgreekmapping with sig. 'O{}mm' on line 336.
.................................................
.................................................
. LaTeX info: "xparse/define-command"
. 
. Defining command \renewchemgreekmapping with sig. 'O{}mm' on line 339.
.................................................
.................................................
. LaTeX info: "xparse/define-command"
. 
. Defining command \declarechemgreekmapping with sig. 'O{}mm' on line 342.
.................................................
.................................................
. LaTeX info: "xparse/define-command"
. 
. Defining command \newchemgreekmappingalias with sig. 'mm' on line 347.
.................................................
.................................................
. LaTeX info: "xparse/define-command"
. 
. Defining command \renewchemgreekmappingalias with sig. 'mm' on line 350.
.................................................
.................................................
. LaTeX info: "xparse/define-command"
. 
. Defining command \declarechemgreekmappingalias with sig. 'mm' on line 353.
.................................................
.................................................
. LaTeX info: "xparse/define-command"
. 
. Defining command \changechemgreeksymbol with sig. 'mmmm' on line 383.
.................................................
.................................................
. LaTeX info: "xparse/define-command"
. 
. Defining command \chemgreekmappingsymbol with sig. 'mm' on line 477.
.................................................
.................................................
. LaTeX info: "xparse/define-command"
. 
. Defining command \activatechemgreekmapping with sig. 'sm' on line 486.
.................................................
.................................................
. LaTeX info: "xparse/define-command"
. 
. Defining command \selectchemgreekmapping with sig. 'm' on line 491.
.................................................
))
(chemmacros)    Loading module `chemformula'...
 (/usr/local/texlive/2017/texmf-dist/tex/latex/chemmacros/chemmacros.module.chemformula.code.tex
File: chemmacros.module.chemformula.code.tex 2017/04/24 v5.8 chemmacros module `chemformula' 2016/05/03 integration of chemical formulas
(chemmacros)    Loading module `charges'...
 (/usr/local/texlive/2017/texmf-dist/tex/latex/chemmacros/chemmacros.module.charges.code.tex
File: chemmacros.module.charges.code.tex 2017/04/24 v5.8 chemmacros module `charges' 2015/07/30 charges
.................................................
. LaTeX info: "xparse/define-command"
. 
. Defining command \NewChemCharge with sig. 'mm' on line 122.
.................................................
.................................................
. LaTeX info: "xparse/define-command"
. 
. Defining command \RenewChemCharge with sig. 'mm' on line 122.
.................................................
.................................................
. LaTeX info: "xparse/define-command"
. 
. Defining command \DeclareChemCharge with sig. 'mm' on line 122.
.................................................
.................................................
. LaTeX info: "xparse/define-command"
. 
. Defining command \ProvideChemCharge with sig. 'mm' on line 122.
.................................................
.................................................
. LaTeX info: "xparse/define-command"
. 
. Defining command \NewChemPartialCharge with sig. 'mm' on line 125.
.................................................
.................................................
. LaTeX info: "xparse/define-command"
. 
. Defining command \RenewChemPartialCharge with sig. 'mm' on line 125.
.................................................
.................................................
. LaTeX info: "xparse/define-command"
. 
. Defining command \DeclareChemPartialCharge with sig. 'mm' on line 125.
.................................................
.................................................
. LaTeX info: "xparse/define-command"
. 
. Defining command \ProvideChemPartialCharge with sig. 'mm' on line 125.
.................................................
.................................................
. LaTeX info: "xparse/define-command"
. 
. Defining command \mch with sig. 'o' on line 146.
.................................................
.................................................
. LaTeX info: "xparse/define-command"
. 
. Defining command \pch with sig. 'o' on line 147.
.................................................
.................................................
. LaTeX info: "xparse/define-command"
. 
. Defining command \fmch with sig. 'o' on line 148.
.................................................
.................................................
. LaTeX info: "xparse/define-command"
. 
. Defining command \fpch with sig. 'o' on line 149.
.................................................
))
(chemmacros)    Loading module `acid-base'...
 (/usr/local/texlive/2017/texmf-dist/tex/latex/chemmacros/chemmacros.module.acid-base.code.tex
File: chemmacros.module.acid-base.code.tex 2017/04/24 v5.8 chemmacros module `acid-base' 2016/05/31 acid/base
.................................................
. LaTeX info: "xparse/define-command"
. 
. Defining command \NewChemEqConstant with sig. 'mmm' on line 87.
.................................................
.................................................
. LaTeX info: "xparse/define-command"
. 
. Defining command \RenewChemEqConstant with sig. 'mmm' on line 87.
.................................................
.................................................
. LaTeX info: "xparse/define-command"
. 
. Defining command \DeclareChemEqConstant with sig. 'mmm' on line 87.
.................................................
.................................................
. LaTeX info: "xparse/define-command"
. 
. Defining command \ProvideChemEqConstant with sig. 'mmm' on line 87.
.................................................
.................................................
. LaTeX info: "xparse/define-command"
. 
. Defining command \p with sig. 'm' on line 119.
.................................................
.................................................
. LaTeX info: "xparse/define-command"
. 
. Defining command \pH with sig. '' on line 120.
.................................................
.................................................
. LaTeX info: "xparse/define-command"
. 
. Defining command \pOH with sig. '' on line 121.
.................................................
.................................................
. LaTeX info: "xparse/define-command"
. 
. Defining command \pKa with sig. 'o' on line 130.
.................................................
.................................................
. LaTeX info: "xparse/define-command"
. 
. Defining command \pKb with sig. 'o' on line 139.
.................................................
)
(chemmacros)    Loading module `symbols'...
 (/usr/local/texlive/2017/texmf-dist/tex/latex/chemmacros/chemmacros.module.symbols.code.tex
File: chemmacros.module.symbols.code.tex 2017/04/24 v5.8 chemmacros module `symbols' 2015/06/09 symbols
.................................................
. LaTeX info: "xparse/define-command"
. 
. Defining command \standardstate with sig. '' on line 67.
.................................................
)
(chemmacros)    Loading module `particles'...

(/usr/local/texlive/2017/texmf-dist/tex/latex/chemmacros/chemmacros.module.particles.code.tex
File: chemmacros.module.particles.code.tex 2017/04/24 v5.8 chemmacros module `particles' 2016/04/02 particles
.................................................
. LaTeX info: "xparse/define-command"
. 
. Defining command \NewChemParticle with sig. 'mm' on line 45.
.................................................
.................................................
. LaTeX info: "xparse/define-command"
. 
. Defining command \RenewChemParticle with sig. 'mm' on line 45.
.................................................
.................................................
. LaTeX info: "xparse/define-command"
. 
. Defining command \DeclareChemParticle with sig. 'mm' on line 45.
.................................................
.................................................
. LaTeX info: "xparse/define-command"
. 
. Defining command \ProvideChemParticle with sig. 'mm' on line 45.
.................................................
\l__chemmacros_nucleophile_dim=\dimen140
.................................................
. LaTeX info: "xparse/define-command"
. 
. Defining command \NewChemNucleophile with sig. 'mm' on line 111.
.................................................
.................................................
. LaTeX info: "xparse/define-command"
. 
. Defining command \RenewChemNucleophile with sig. 'mm' on line 111.
.................................................
.................................................
. LaTeX info: "xparse/define-command"
. 
. Defining command \DeclareChemNucleophile with sig. 'mm' on line 111.
.................................................
.................................................
. LaTeX info: "xparse/define-command"
. 
. Defining command \ProvideChemNucleophile with sig. 'mm' on line 111.
.................................................
.................................................
. LaTeX info: "xparse/define-command"
. 
. Defining command \Nuc with sig. 'o' on line 130.
.................................................
.................................................
. LaTeX info: "xparse/define-command"
. 
. Defining command \ba with sig. 'o' on line 131.
.................................................
)
(chemmacros)    Loading module `phases'...
 (/usr/local/texlive/2017/texmf-dist/tex/latex/chemmacros/chemmacros.module.phases.code.tex
File: chemmacros.module.phases.code.tex 2017/04/24 v5.8 chemmacros module `phases' 2016/05/31 phase descriptors
\l__chemmacros_phases_space_dim=\dimen141
.................................................
. LaTeX info: "xparse/define-command"
. 
. Defining command \NewChemPhase with sig. 'mm' on line 45.
.................................................
.................................................
. LaTeX info: "xparse/define-command"
. 
. Defining command \RenewChemPhase with sig. 'mm' on line 45.
.................................................
.................................................
. LaTeX info: "xparse/define-command"
. 
. Defining command \DeclareChemPhase with sig. 'mm' on line 45.
.................................................
.................................................
. LaTeX info: "xparse/define-command"
. 
. Defining command \ProvideChemPhase with sig. 'mm' on line 45.
.................................................
.................................................
. LaTeX info: "xparse/define-command"
. 
. Defining command \phase with sig. 'm' on line 93.
.................................................
.................................................
. LaTeX info: "xparse/redefine-command"
. 
. Redefining command \sld with sig. 'o' on line 95.
.................................................
.................................................
. LaTeX info: "xparse/redefine-command"
. 
. Redefining command \lqd with sig. 'o' on line 96.
.................................................
.................................................
. LaTeX info: "xparse/redefine-command"
. 
. Redefining command \gas with sig. 'o' on line 97.
.................................................
.................................................
. LaTeX info: "xparse/redefine-command"
. 
. Redefining command \aq with sig. 'o' on line 98.
.................................................
)
(chemmacros)    Loading module `nomenclature'...
 (/usr/local/texlive/2017/texmf-dist/tex/latex/chemmacros/chemmacros.module.nomenclature.code.tex
File: chemmacros.module.nomenclature.code.tex 2017/04/24 v5.8 chemmacros module `nomenclature' 2017/07/10 chemical names
(chemmacros)    Loading module `tikz'...
 (/usr/local/texlive/2017/texmf-dist/tex/latex/chemmacros/chemmacros.module.tikz.code.tex
File: chemmacros.module.tikz.code.tex 2017/04/24 v5.8 chemmacros module `tikz' 2015/10/26 upright greek symbols
 (/usr/local/texlive/2017/texmf-dist/tex/latex/pgf/frontendlayer/tikz.sty (/usr/local/texlive/2017/texmf-dist/tex/latex/pgf/basiclayer/pgf.sty (/usr/local/texlive/2017/texmf-dist/tex/latex/pgf/utilities/pgfrcs.sty (/usr/local/texlive/2017/texmf-dist/tex/generic/pgf/utilities/pgfutil-common.tex
\pgfutil@everybye=\toks16
\pgfutil@tempdima=\dimen142
\pgfutil@tempdimb=\dimen143
 (/usr/local/texlive/2017/texmf-dist/tex/generic/pgf/utilities/pgfutil-common-lists.tex)) (/usr/local/texlive/2017/texmf-dist/tex/generic/pgf/utilities/pgfutil-latex.def
\pgfutil@abb=\box45
 (/usr/local/texlive/2017/texmf-dist/tex/latex/ms/everyshi.sty
Package: everyshi 2001/05/15 v3.00 EveryShipout Package (MS)
)) (/usr/local/texlive/2017/texmf-dist/tex/generic/pgf/utilities/pgfrcs.code.tex
Package: pgfrcs 2015/08/07 v3.0.1a (rcs-revision 1.31)
))
Package: pgf 2015/08/07 v3.0.1a (rcs-revision 1.15)

(/usr/local/texlive/2017/texmf-dist/tex/latex/pgf/basiclayer/pgfcore.sty (/usr/local/texlive/2017/texmf-dist/tex/latex/pgf/systemlayer/pgfsys.sty (/usr/local/texlive/2017/texmf-dist/tex/generic/pgf/systemlayer/pgfsys.code.tex
Package: pgfsys 2014/07/09 v3.0.1a (rcs-revision 1.48)
 (/usr/local/texlive/2017/texmf-dist/tex/generic/pgf/utilities/pgfkeys.code.tex
\pgfkeys@pathtoks=\toks17
\pgfkeys@temptoks=\toks18
 (/usr/local/texlive/2017/texmf-dist/tex/generic/pgf/utilities/pgfkeysfiltered.code.tex
\pgfkeys@tmptoks=\toks19
))
\pgf@x=\dimen144
\pgf@y=\dimen145
\pgf@xa=\dimen146
\pgf@ya=\dimen147
\pgf@xb=\dimen148
\pgf@yb=\dimen149
\pgf@xc=\dimen150
\pgf@yc=\dimen151
\w@pgf@writea=\write3
\r@pgf@reada=\read2
\c@pgf@counta=\count135
\c@pgf@countb=\count136
\c@pgf@countc=\count137
\c@pgf@countd=\count138
\t@pgf@toka=\toks20
\t@pgf@tokb=\toks21
\t@pgf@tokc=\toks22
 (/usr/local/texlive/2017/texmf-dist/tex/generic/pgf/systemlayer/pgf.cfg
File: pgf.cfg 2008/05/14  (rcs-revision 1.7)
)
Driver file for pgf: pgfsys-luatex.def
 (/usr/local/texlive/2017/texmf-dist/tex/generic/pgf/systemlayer/pgfsys-luatex.def
File: pgfsys-luatex.def 2014/10/11  (rcs-revision 1.35)
 (/usr/local/texlive/2017/texmf-dist/tex/generic/pgf/systemlayer/pgfsys-common-pdf.def
File: pgfsys-common-pdf.def 2013/10/10  (rcs-revision 1.13)
))) (/usr/local/texlive/2017/texmf-dist/tex/generic/pgf/systemlayer/pgfsyssoftpath.code.tex
File: pgfsyssoftpath.code.tex 2013/09/09  (rcs-revision 1.9)
\pgfsyssoftpath@smallbuffer@items=\count139
\pgfsyssoftpath@bigbuffer@items=\count140
) (/usr/local/texlive/2017/texmf-dist/tex/generic/pgf/systemlayer/pgfsysprotocol.code.tex
File: pgfsysprotocol.code.tex 2006/10/16  (rcs-revision 1.4)
)) (/usr/local/texlive/2017/texmf-dist/tex/latex/xcolor/xcolor.sty
Package: xcolor 2016/05/11 v2.12 LaTeX color extensions (UK)
 (/usr/local/texlive/2017/texmf-dist/tex/latex/graphics-cfg/color.cfg
File: color.cfg 2016/01/02 v1.6 sample color configuration
)
Package xcolor Info: Driver file: luatex.def on input line 225.
Package xcolor Info: Model `cmy' substituted by `cmy0' on input line 1348.
Package xcolor Info: Model `hsb' substituted by `rgb' on input line 1352.
Package xcolor Info: Model `RGB' extended on input line 1364.
Package xcolor Info: Model `HTML' substituted by `rgb' on input line 1366.
Package xcolor Info: Model `Hsb' substituted by `hsb' on input line 1367.
Package xcolor Info: Model `tHsb' substituted by `hsb' on input line 1368.
Package xcolor Info: Model `HSB' substituted by `hsb' on input line 1369.
Package xcolor Info: Model `Gray' substituted by `gray' on input line 1370.
Package xcolor Info: Model `wave' substituted by `hsb' on input line 1371.
)
(/usr/local/texlive/2017/texmf-dist/tex/generic/pgf/basiclayer/pgfcore.code.tex
Package: pgfcore 2010/04/11 v3.0.1a (rcs-revision 1.7)
 (/usr/local/texlive/2017/texmf-dist/tex/generic/pgf/math/pgfmath.code.tex (/usr/local/texlive/2017/texmf-dist/tex/generic/pgf/math/pgfmathcalc.code.tex (/usr/local/texlive/2017/texmf-dist/tex/generic/pgf/math/pgfmathutil.code.tex) (/usr/local/texlive/2017/texmf-dist/tex/generic/pgf/math/pgfmathparser.code.tex
\pgfmath@dimen=\dimen152
\pgfmath@count=\count141
\pgfmath@box=\box46
\pgfmath@toks=\toks23
\pgfmath@stack@operand=\toks24
\pgfmath@stack@operation=\toks25
) (/usr/local/texlive/2017/texmf-dist/tex/generic/pgf/math/pgfmathfunctions.code.tex (/usr/local/texlive/2017/texmf-dist/tex/generic/pgf/math/pgfmathfunctions.basic.code.tex) (/usr/local/texlive/2017/texmf-dist/tex/generic/pgf/math/pgfmathfunctions.trigonometric.code.tex) (/usr/local/texlive/2017/texmf-dist/tex/generic/pgf/math/pgfmathfunctions.random.code.tex) (/usr/local/texlive/2017/texmf-dist/tex/generic/pgf/math/pgfmathfunctions.comparison.code.tex) (/usr/local/texlive/2017/texmf-dist/tex/generic/pgf/math/pgfmathfunctions.base.code.tex)
(/usr/local/texlive/2017/texmf-dist/tex/generic/pgf/math/pgfmathfunctions.round.code.tex) (/usr/local/texlive/2017/texmf-dist/tex/generic/pgf/math/pgfmathfunctions.misc.code.tex) (/usr/local/texlive/2017/texmf-dist/tex/generic/pgf/math/pgfmathfunctions.integerarithmetics.code.tex))) (/usr/local/texlive/2017/texmf-dist/tex/generic/pgf/math/pgfmathfloat.code.tex
\c@pgfmathroundto@lastzeros=\count142
)) (/usr/local/texlive/2017/texmf-dist/tex/generic/pgf/basiclayer/pgfcorepoints.code.tex
File: pgfcorepoints.code.tex 2013/10/07  (rcs-revision 1.27)
\pgf@picminx=\dimen153
\pgf@picmaxx=\dimen154
\pgf@picminy=\dimen155
\pgf@picmaxy=\dimen156
\pgf@pathminx=\dimen157
\pgf@pathmaxx=\dimen158
\pgf@pathminy=\dimen159
\pgf@pathmaxy=\dimen160
\pgf@xx=\dimen161
\pgf@xy=\dimen162
\pgf@yx=\dimen163
\pgf@yy=\dimen164
\pgf@zx=\dimen165
\pgf@zy=\dimen166
) (/usr/local/texlive/2017/texmf-dist/tex/generic/pgf/basiclayer/pgfcorepathconstruct.code.tex
File: pgfcorepathconstruct.code.tex 2013/10/07  (rcs-revision 1.29)
\pgf@path@lastx=\dimen167
\pgf@path@lasty=\dimen168
) (/usr/local/texlive/2017/texmf-dist/tex/generic/pgf/basiclayer/pgfcorepathusage.code.tex
File: pgfcorepathusage.code.tex 2014/11/02  (rcs-revision 1.24)
\pgf@shorten@end@additional=\dimen169
\pgf@shorten@start@additional=\dimen170
) (/usr/local/texlive/2017/texmf-dist/tex/generic/pgf/basiclayer/pgfcorescopes.code.tex
File: pgfcorescopes.code.tex 2015/05/08  (rcs-revision 1.46)
\pgfpic=\box47
\pgf@hbox=\box48
\pgf@layerbox@main=\box49
\pgf@picture@serial@count=\count143
) (/usr/local/texlive/2017/texmf-dist/tex/generic/pgf/basiclayer/pgfcoregraphicstate.code.tex
File: pgfcoregraphicstate.code.tex 2014/11/02  (rcs-revision 1.12)
\pgflinewidth=\dimen171
) (/usr/local/texlive/2017/texmf-dist/tex/generic/pgf/basiclayer/pgfcoretransformations.code.tex
File: pgfcoretransformations.code.tex 2015/08/07  (rcs-revision 1.20)
\pgf@pt@x=\dimen172
\pgf@pt@y=\dimen173
\pgf@pt@temp=\dimen174
) (/usr/local/texlive/2017/texmf-dist/tex/generic/pgf/basiclayer/pgfcorequick.code.tex
File: pgfcorequick.code.tex 2008/10/09  (rcs-revision 1.3)
)
(/usr/local/texlive/2017/texmf-dist/tex/generic/pgf/basiclayer/pgfcoreobjects.code.tex
File: pgfcoreobjects.code.tex 2006/10/11  (rcs-revision 1.2)
) (/usr/local/texlive/2017/texmf-dist/tex/generic/pgf/basiclayer/pgfcorepathprocessing.code.tex
File: pgfcorepathprocessing.code.tex 2013/09/09  (rcs-revision 1.9)
) (/usr/local/texlive/2017/texmf-dist/tex/generic/pgf/basiclayer/pgfcorearrows.code.tex
File: pgfcorearrows.code.tex 2015/05/14  (rcs-revision 1.43)
\pgfarrowsep=\dimen175
) (/usr/local/texlive/2017/texmf-dist/tex/generic/pgf/basiclayer/pgfcoreshade.code.tex
File: pgfcoreshade.code.tex 2013/07/15  (rcs-revision 1.15)
\pgf@max=\dimen176
\pgf@sys@shading@range@num=\count144
) (/usr/local/texlive/2017/texmf-dist/tex/generic/pgf/basiclayer/pgfcoreimage.code.tex
File: pgfcoreimage.code.tex 2013/07/15  (rcs-revision 1.18)
 (/usr/local/texlive/2017/texmf-dist/tex/generic/pgf/basiclayer/pgfcoreexternal.code.tex
File: pgfcoreexternal.code.tex 2014/07/09  (rcs-revision 1.21)
\pgfexternal@startupbox=\box50
)) (/usr/local/texlive/2017/texmf-dist/tex/generic/pgf/basiclayer/pgfcorelayers.code.tex
File: pgfcorelayers.code.tex 2013/07/18  (rcs-revision 1.7)
) (/usr/local/texlive/2017/texmf-dist/tex/generic/pgf/basiclayer/pgfcoretransparency.code.tex
File: pgfcoretransparency.code.tex 2013/09/30  (rcs-revision 1.5)
) (/usr/local/texlive/2017/texmf-dist/tex/generic/pgf/basiclayer/pgfcorepatterns.code.tex
File: pgfcorepatterns.code.tex 2013/11/07  (rcs-revision 1.5)
))) (/usr/local/texlive/2017/texmf-dist/tex/generic/pgf/modules/pgfmoduleshapes.code.tex
File: pgfmoduleshapes.code.tex 2014/03/21  (rcs-revision 1.35)
\pgfnodeparttextbox=\box51
) (/usr/local/texlive/2017/texmf-dist/tex/generic/pgf/modules/pgfmoduleplot.code.tex
File: pgfmoduleplot.code.tex 2015/08/03  (rcs-revision 1.13)
)
(/usr/local/texlive/2017/texmf-dist/tex/latex/pgf/compatibility/pgfcomp-version-0-65.sty
Package: pgfcomp-version-0-65 2007/07/03 v3.0.1a (rcs-revision 1.7)
\pgf@nodesepstart=\dimen177
\pgf@nodesepend=\dimen178
) (/usr/local/texlive/2017/texmf-dist/tex/latex/pgf/compatibility/pgfcomp-version-1-18.sty
Package: pgfcomp-version-1-18 2007/07/23 v3.0.1a (rcs-revision 1.1)
)) (/usr/local/texlive/2017/texmf-dist/tex/latex/pgf/utilities/pgffor.sty (/usr/local/texlive/2017/texmf-dist/tex/latex/pgf/utilities/pgfkeys.sty (/usr/local/texlive/2017/texmf-dist/tex/generic/pgf/utilities/pgfkeys.code.tex)) (/usr/local/texlive/2017/texmf-dist/tex/latex/pgf/math/pgfmath.sty (/usr/local/texlive/2017/texmf-dist/tex/generic/pgf/math/pgfmath.code.tex)) (/usr/local/texlive/2017/texmf-dist/tex/generic/pgf/utilities/pgffor.code.tex
Package: pgffor 2013/12/13 v3.0.1a (rcs-revision 1.25)
 (/usr/local/texlive/2017/texmf-dist/tex/generic/pgf/math/pgfmath.code.tex)
\pgffor@iter=\dimen179
\pgffor@skip=\dimen180
\pgffor@stack=\toks26
\pgffor@toks=\toks27
)) (/usr/local/texlive/2017/texmf-dist/tex/generic/pgf/frontendlayer/tikz/tikz.code.tex
Package: tikz 2015/08/07 v3.0.1a (rcs-revision 1.151)
 (/usr/local/texlive/2017/texmf-dist/tex/generic/pgf/libraries/pgflibraryplothandlers.code.tex
File: pgflibraryplothandlers.code.tex 2013/08/31 v3.0.1a (rcs-revision 1.20)
\pgf@plot@mark@count=\count145
\pgfplotmarksize=\dimen181
)
\tikz@lastx=\dimen182
\tikz@lasty=\dimen183
\tikz@lastxsaved=\dimen184
\tikz@lastysaved=\dimen185
\tikzleveldistance=\dimen186
\tikzsiblingdistance=\dimen187
\tikz@figbox=\box52
\tikz@figbox@bg=\box53
\tikz@tempbox=\box54
\tikz@tempbox@bg=\box55
\tikztreelevel=\count146
\tikznumberofchildren=\count147
\tikznumberofcurrentchild=\count148
\tikz@fig@count=\count149
 (/usr/local/texlive/2017/texmf-dist/tex/generic/pgf/modules/pgfmodulematrix.code.tex
File: pgfmodulematrix.code.tex 2013/09/17  (rcs-revision 1.8)
\pgfmatrixcurrentrow=\count150
\pgfmatrixcurrentcolumn=\count151
\pgf@matrix@numberofcolumns=\count152
)
\tikz@expandcount=\count153

(/usr/local/texlive/2017/texmf-dist/tex/generic/pgf/frontendlayer/tikz/libraries/tikzlibrarytopaths.code.tex
File: tikzlibrarytopaths.code.tex 2008/06/17 v3.0.1a (rcs-revision 1.2)
))) (/usr/local/texlive/2017/texmf-dist/tex/generic/pgf/frontendlayer/tikz/libraries/tikzlibrarycalc.code.tex
File: tikzlibrarycalc.code.tex 2013/07/15 v3.0.1a (rcs-revision 1.9)
) (/usr/local/texlive/2017/texmf-dist/tex/generic/pgf/frontendlayer/tikz/libraries/tikzlibrarydecorations.pathmorphing.code.tex (/usr/local/texlive/2017/texmf-dist/tex/generic/pgf/frontendlayer/tikz/libraries/tikzlibrarydecorations.code.tex (/usr/local/texlive/2017/texmf-dist/tex/generic/pgf/modules/pgfmoduledecorations.code.tex
\pgfdecoratedcompleteddistance=\dimen188
\pgfdecoratedremainingdistance=\dimen189
\pgfdecoratedinputsegmentcompleteddistance=\dimen190
\pgfdecoratedinputsegmentremainingdistance=\dimen191
\pgf@decorate@distancetomove=\dimen192
\pgf@decorate@repeatstate=\count154
\pgfdecorationsegmentamplitude=\dimen193
\pgfdecorationsegmentlength=\dimen194
)
\tikz@lib@dec@box=\box56
) (/usr/local/texlive/2017/texmf-dist/tex/generic/pgf/libraries/decorations/pgflibrarydecorations.pathmorphing.code.tex))
\l__chemmacros_el_length_dim=\dimen195
)
.................................................
. LaTeX info: "xparse/define-command"
. 
. Defining command \DeclareChemIUPAC with sig. 'mm' on line 209.
.................................................
.................................................
. LaTeX info: "xparse/define-command"
. 
. Defining command \NewChemIUPAC with sig. 'mm' on line 212.
.................................................
.................................................
. LaTeX info: "xparse/define-command"
. 
. Defining command \RenewChemIUPAC with sig. 'mm' on line 215.
.................................................
.................................................
. LaTeX info: "xparse/define-command"
. 
. Defining command \ProvideChemIUPAC with sig. 'mm' on line 218.
.................................................
.................................................
. LaTeX info: "xparse/define-command"
. 
. Defining command \LetChemIUPAC with sig. 'mm' on line 221.
.................................................
\l__chemmacros_cip_kern_dim=\dimen196
.................................................
. LaTeX info: "xparse/define-command"
. 
. Defining command \Sconf with sig. 'O{S}' on line 349.
.................................................
.................................................
. LaTeX info: "xparse/define-command"
. 
. Defining command \Rconf with sig. 'O{R}' on line 350.
.................................................
\l__chemmacros_iupac_hyphen_pre_dim=\dimen197
\l__chemmacros_iupac_hyphen_post_dim=\dimen198
\l__chemmacros_iupac_break_dim=\dimen199
.................................................
. LaTeX info: "xparse/define-command"
. 
. Defining command \DeclareChemIUPACShorthand with sig. 'mm' on line 595.
.................................................
.................................................
. LaTeX info: "xparse/define-command"
. 
. Defining command \NewChemIUPACShorthand with sig. 'mm' on line 602.
.................................................
.................................................
. LaTeX info: "xparse/define-command"
. 
. Defining command \ProvideChemIUPACShorthand with sig. 'mm' on line 608.
.................................................
.................................................
. LaTeX info: "xparse/define-command"
. 
. Defining command \RenewChemIUPACShorthand with sig. 'mm' on line 615.
.................................................
.................................................
. LaTeX info: "xparse/define-command"
. 
. Defining command \RemoveChemIUPACShorthand with sig. 'm' on line 618.
.................................................
.................................................
. LaTeX info: "xparse/define-command"
. 
. Defining command \iupac with sig. 'O{}m' on line 664.
.................................................
.................................................
. LaTeX info: "xparse/define-command"
. 
. Defining command \NewChemLatin with sig. 'mm' on line 746.
.................................................
.................................................
. LaTeX info: "xparse/define-command"
. 
. Defining command \RenewChemLatin with sig. 'mm' on line 746.
.................................................
.................................................
. LaTeX info: "xparse/define-command"
. 
. Defining command \DeclareChemLatin with sig. 'mm' on line 746.
.................................................
.................................................
. LaTeX info: "xparse/define-command"
. 
. Defining command \ProvideChemLatin with sig. 'mm' on line 746.
.................................................
.................................................
. LaTeX info: "xparse/define-command"
. 
. Defining command \latin with sig. 'O{}m' on line 817.
.................................................
))) (/usr/local/texlive/2017/texmf-dist/tex/latex/amsmath/amsmath.sty
Package: amsmath 2016/11/05 v2.16a AMS math features
\@mathmargin=\skip49

For additional information on amsmath, use the `?' option.
(/usr/local/texlive/2017/texmf-dist/tex/latex/amsmath/amsbsy.sty
Package: amsbsy 1999/11/29 v1.2d Bold Symbols
LaTeX Info: Redefining \boldsymbol on input line 28.
\pmbraise@=\dimen256
) (/usr/local/texlive/2017/texmf-dist/tex/latex/amsmath/amsopn.sty
Package: amsopn 2016/03/08 v2.02 operator names
)
\inf@bad=\count155
LaTeX Info: Redefining \frac on input line 213.
\uproot@=\count156
\leftroot@=\count157
LaTeX Info: Redefining \overline on input line 375.
\classnum@=\count158
\DOTSCASE@=\count159
LaTeX Info: Redefining \ldots on input line 472.
LaTeX Info: Redefining \dots on input line 475.
LaTeX Info: Redefining \cdots on input line 596.
\Mathstrutbox@=\box57
\strutbox@=\box58
\big@size=\dimen257
LaTeX Font Info:    Redeclaring font encoding OML on input line 712.
LaTeX Font Info:    Redeclaring font encoding OMS on input line 713.
\macc@depth=\count160
\c@MaxMatrixCols=\count161
\dotsspace@=\muskip16
\c@parentequation=\count162
\dspbrk@lvl=\count163
\tag@help=\toks28
\row@=\count164
\column@=\count165
\maxfields@=\count166
\andhelp@=\toks29
\eqnshift@=\dimen258
\alignsep@=\dimen259
\tagshift@=\dimen260
\tagwidth@=\dimen261
\totwidth@=\dimen262
\lineht@=\dimen263
\@envbody=\toks30
\multlinegap=\skip50
\multlinetaggap=\skip51
\mathdisplay@stack=\toks31
LaTeX Info: Redefining \[ on input line 2817.
LaTeX Info: Redefining \] on input line 2818.
) (/usr/local/texlive/2017/texmf-dist/tex/latex/float/float.sty
Package: float 2001/11/08 v1.3d Float enhancements (AL)
\c@float@type=\count167
\float@exts=\toks32
\float@box=\box59
\@float@everytoks=\toks33
\@floatcapt=\box60
) (/usr/local/texlive/2017/texmf-dist/tex/latex/was/gensymb.sty
Package: gensymb 2003/07/02 v1.0 (WaS)
) (/usr/local/texlive/2017/texmf-dist/tex/latex/multirow/multirow.sty
Package: multirow 2016/11/25 v2.2 Span multiple rows of a table
\multirow@colwidth=\skip52
\multirow@cntb=\count168
\multirow@dima=\skip53
\bigstrutjot=\dimen264
) (/usr/local/texlive/2017/texmf-dist/tex/latex/wrapfig/wrapfig.sty
\wrapoverhang=\dimen265
\WF@size=\dimen266
\c@WF@wrappedlines=\count169
\WF@box=\box61
\WF@everypar=\toks34
Package: wrapfig 2003/01/31  v 3.6
) (/usr/local/texlive/2017/texmf-dist/tex/latex/caption/caption.sty
Package: caption 2016/02/21 v3.3-144 Customizing captions (AR)
 (/usr/local/texlive/2017/texmf-dist/tex/latex/caption/caption3.sty
Package: caption3 2016/05/22 v1.7-166 caption3 kernel (AR)
Package caption3 Info: TeX engine: e-TeX on input line 67.
\captionmargin=\dimen267
\captionmargin@=\dimen268
\captionwidth=\dimen269
\caption@tempdima=\dimen270
\caption@indent=\dimen271
\caption@parindent=\dimen272
\caption@hangindent=\dimen273
)
\c@ContinuedFloat=\count170
Package caption Info: float package is loaded.
Package caption Info: wrapfig package is loaded.
)
Package translations Info: No language package found. I am going to use `english' as default language. on input line 19.
.................................................
. chemmacros info: "default-formula-method"
. 
. You haven't chosen a formula method so I'm assuming the default method
. `chemformula'.
.................................................
 (/usr/local/texlive/2017/texmf-dist/tex/latex/chemformula/chemformula.sty (/usr/local/texlive/2017/texmf-dist/tex/latex/l3packages/xfrac/xfrac.sty (/usr/local/texlive/2017/texmf-dist/tex/latex/base/textcomp.sty
Package: textcomp 2017/04/05 v2.0i Standard LaTeX package
Package textcomp Info: Sub-encoding information:
(textcomp)               5 = only ISO-Adobe without \textcurrency
(textcomp)               4 = 5 + \texteuro
(textcomp)               3 = 4 + \textohm
(textcomp)               2 = 3 + \textestimated + \textcurrency
(textcomp)               1 = TS1 - \textcircled - \t
(textcomp)               0 = TS1 (full)
(textcomp)             Font families with sub-encoding setting implement
(textcomp)             only a restricted character set as indicated.
(textcomp)             Family '?' is the default used for unknown fonts.
(textcomp)             See the documentation for details.
Package textcomp Info: Setting ? sub-encoding to TS1/1 on input line 79.
 (/usr/local/texlive/2017/texmf-dist/tex/latex/base/ts1enc.def
File: ts1enc.def 2001/06/05 v3.0e (jk/car/fm) Standard LaTeX file
)
LaTeX Info: Redefining \oldstylenums on input line 334.
Package textcomp Info: Setting cmr sub-encoding to TS1/0 on input line 349.
Package textcomp Info: Setting cmss sub-encoding to TS1/0 on input line 350.
Package textcomp Info: Setting cmtt sub-encoding to TS1/0 on input line 351.
Package textcomp Info: Setting cmvtt sub-encoding to TS1/0 on input line 352.
Package textcomp Info: Setting cmbr sub-encoding to TS1/0 on input line 353.
Package textcomp Info: Setting cmtl sub-encoding to TS1/0 on input line 354.
Package textcomp Info: Setting ccr sub-encoding to TS1/0 on input line 355.
Package textcomp Info: Setting ptm sub-encoding to TS1/4 on input line 356.
Package textcomp Info: Setting pcr sub-encoding to TS1/4 on input line 357.
Package textcomp Info: Setting phv sub-encoding to TS1/4 on input line 358.
Package textcomp Info: Setting ppl sub-encoding to TS1/3 on input line 359.
Package textcomp Info: Setting pag sub-encoding to TS1/4 on input line 360.
Package textcomp Info: Setting pbk sub-encoding to TS1/4 on input line 361.
Package textcomp Info: Setting pnc sub-encoding to TS1/4 on input line 362.
Package textcomp Info: Setting pzc sub-encoding to TS1/4 on input line 363.
Package textcomp Info: Setting bch sub-encoding to TS1/4 on input line 364.
Package textcomp Info: Setting put sub-encoding to TS1/5 on input line 365.
Package textcomp Info: Setting uag sub-encoding to TS1/5 on input line 366.
Package textcomp Info: Setting ugq sub-encoding to TS1/5 on input line 367.
Package textcomp Info: Setting ul8 sub-encoding to TS1/4 on input line 368.
Package textcomp Info: Setting ul9 sub-encoding to TS1/4 on input line 369.
Package textcomp Info: Setting augie sub-encoding to TS1/5 on input line 370.
Package textcomp Info: Setting dayrom sub-encoding to TS1/3 on input line 371.
Package textcomp Info: Setting dayroms sub-encoding to TS1/3 on input line 372.
Package textcomp Info: Setting pxr sub-encoding to TS1/0 on input line 373.
Package textcomp Info: Setting pxss sub-encoding to TS1/0 on input line 374.
Package textcomp Info: Setting pxtt sub-encoding to TS1/0 on input line 375.
Package textcomp Info: Setting txr sub-encoding to TS1/0 on input line 376.
Package textcomp Info: Setting txss sub-encoding to TS1/0 on input line 377.
Package textcomp Info: Setting txtt sub-encoding to TS1/0 on input line 378.
Package textcomp Info: Setting lmr sub-encoding to TS1/0 on input line 379.
Package textcomp Info: Setting lmdh sub-encoding to TS1/0 on input line 380.
Package textcomp Info: Setting lmss sub-encoding to TS1/0 on input line 381.
Package textcomp Info: Setting lmssq sub-encoding to TS1/0 on input line 382.
Package textcomp Info: Setting lmvtt sub-encoding to TS1/0 on input line 383.
Package textcomp Info: Setting lmtt sub-encoding to TS1/0 on input line 384.
Package textcomp Info: Setting qhv sub-encoding to TS1/0 on input line 385.
Package textcomp Info: Setting qag sub-encoding to TS1/0 on input line 386.
Package textcomp Info: Setting qbk sub-encoding to TS1/0 on input line 387.
Package textcomp Info: Setting qcr sub-encoding to TS1/0 on input line 388.
Package textcomp Info: Setting qcs sub-encoding to TS1/0 on input line 389.
Package textcomp Info: Setting qpl sub-encoding to TS1/0 on input line 390.
Package textcomp Info: Setting qtm sub-encoding to TS1/0 on input line 391.
Package textcomp Info: Setting qzc sub-encoding to TS1/0 on input line 392.
Package textcomp Info: Setting qhvc sub-encoding to TS1/0 on input line 393.
Package textcomp Info: Setting futs sub-encoding to TS1/4 on input line 394.
Package textcomp Info: Setting futx sub-encoding to TS1/4 on input line 395.
Package textcomp Info: Setting futj sub-encoding to TS1/4 on input line 396.
Package textcomp Info: Setting hlh sub-encoding to TS1/3 on input line 397.
Package textcomp Info: Setting hls sub-encoding to TS1/3 on input line 398.
Package textcomp Info: Setting hlst sub-encoding to TS1/3 on input line 399.
Package textcomp Info: Setting hlct sub-encoding to TS1/5 on input line 400.
Package textcomp Info: Setting hlx sub-encoding to TS1/5 on input line 401.
Package textcomp Info: Setting hlce sub-encoding to TS1/5 on input line 402.
Package textcomp Info: Setting hlcn sub-encoding to TS1/5 on input line 403.
Package textcomp Info: Setting hlcw sub-encoding to TS1/5 on input line 404.
Package textcomp Info: Setting hlcf sub-encoding to TS1/5 on input line 405.
Package textcomp Info: Setting pplx sub-encoding to TS1/3 on input line 406.
Package textcomp Info: Setting pplj sub-encoding to TS1/3 on input line 407.
Package textcomp Info: Setting ptmx sub-encoding to TS1/4 on input line 408.
Package textcomp Info: Setting ptmj sub-encoding to TS1/4 on input line 409.
) (/usr/local/texlive/2017/texmf-dist/tex/latex/l3packages/xtemplate/xtemplate.sty
Package: xtemplate 2017/05/13 L3 Experimental prototype document functions
\l__xtemplate_tmp_dim=\dimen274
\l__xtemplate_tmp_int=\count171
\l__xtemplate_tmp_muskip=\muskip17
\l__xtemplate_tmp_skip=\skip54
)
Package: xfrac 2017/05/13 L3 Experimental split-level fractions
\l__xfrac_slash_box=\box62
\l__xfrac_tmp_box=\box63
\l__xfrac_denominator_bot_sep_dim=\dimen275
\l__xfrac_numerator_bot_sep_dim=\dimen276
\l__xfrac_numerator_top_sep_dim=\dimen277
\l__xfrac_slash_left_sep_dim=\dimen278
\l__xfrac_slash_right_sep_dim=\dimen279
\l__xfrac_slash_left_muskip=\muskip18
\l__xfrac_slash_right_muskip=\muskip19
.................................................
. xtemplate info: "declare-object-type"
. 
. Declaring object type 'xfrac' taking 3 argument(s) on line 80.
.................................................
.................................................
. LaTeX info: "xparse/define-command"
. 
. Defining command \sfrac with sig. 'omom' on line 419.
.................................................
) (/usr/local/texlive/2017/texmf-dist/tex/latex/units/nicefrac.sty
Package: nicefrac 1998/08/04 v0.9b Nice fractions
\L@UnitsRaiseDisplaystyle=\skip55
\L@UnitsRaiseTextstyle=\skip56
\L@UnitsRaiseScriptstyle=\skip57

(/usr/local/texlive/2017/texmf-dist/tex/latex/base/ifthen.sty
Package: ifthen 2014/09/29 v1.1c Standard LaTeX ifthen package (DPC)
)) (/usr/local/texlive/2017/texmf-dist/tex/generic/pgf/libraries/pgflibraryarrows.meta.code.tex
File: pgflibraryarrows.meta.code.tex 2015/05/13 v3.0.1a (rcs-revision 1.13)
\pgfarrowinset=\dimen280
\pgfarrowlength=\dimen281
\pgfarrowwidth=\dimen282
\pgfarrowlinewidth=\dimen283
)
Package: chemformula 2017/03/23 v4.15e typeset chemical compounds and reactions (CN)
\l__chemformula_tmpa_dim=\dimen284
\l__chemformula_tmpb_dim=\dimen285
\l__chemformula_tmpc_dim=\dimen286
\l__chemformula_tmpa_int=\count172
\l__chemformula_tmpb_int=\count173
\l__chemformula_tmpc_int=\count174
\l__chemformula_tmpa_box=\box64
\l__chemformula_tmpb_box=\box65
\l__chemformula_arrow_length_dim=\dimen287
\l__chemformula_arrow_label_height_dim=\dimen288
\l__chemformula_arrow_label_offset_dim=\dimen289
\l__chemformula_arrow_minimum_length_dim=\dimen290
\l__chemformula_arrow_shortage_dim=\dimen291
\l__chemformula_arrow_offset_dim=\dimen292
\l__chemformula_arrow_yshift_dim=\dimen293
\l__chemformula_radical_radius_dim=\dimen294
\l__chemformula_radical_hshift_dim=\dimen295
\l__chemformula_radical_vshift_dim=\dimen296
\l__chemformula_radical_space_dim=\dimen297
\l__chemformula_arrow_head_dim=\dimen298
\l__chemformula_name_dim=\dimen299
\l__chemformula_adduct_space_dim=\dimen300
\l__chemformula_charge_shift_dim=\dimen301
\l__chemformula_subscript_shift_dim=\dimen302
\l__chemformula_superscript_shift_dim=\dimen303
\l__chemformula_subscript_dim=\dimen304
\l__chemformula_superscript_dim=\dimen305
\l__chemformula_bond_dim=\dimen306
\l__chemformula_bond_space_dim=\dimen307
\l__chemformula_elspec_pair_distance_dim=\dimen308
\l__chemformula_elspec_pair_line_length_dim=\dimen309
\l__chemformula_elspec_pair_width_dim=\dimen310
\l__chemformula_kroegervink_positive_radius_dim=\dimen311
\l__chemformula_kroegervink_positive_hshift_dim=\dimen312
\l__chemformula_kroegervink_positive_vshift_dim=\dimen313
\l__chemformula_kroegervink_positive_space_dim=\dimen314
\l__chemformula_stoich_space_skip=\skip58
\l__chemformula_math_space_skip=\skip59
\l__chemformula_count_tokens_int=\count175
\g__chemformula_lewis_int=\count176
\l__chemformula_arrow_arg_i_box=\box66
\l__chemformula_arrow_arg_ii_box=\box67
\l__chemformula_superscript_box=\box68
\l__chemformula_subscript_box=\box69
.................................................
. LaTeX info: "xparse/define-command"
. 
. Defining command \charrow with sig. 'mO{}O{}' on line 823.
.................................................
.................................................
. LaTeX info: "xparse/define-command"
. 
. Defining command \NewChemArrow with sig. 'mm' on line 896.
.................................................
.................................................
. LaTeX info: "xparse/define-command"
. 
. Defining command \DeclareChemArrow with sig. 'mm' on line 904.
.................................................
.................................................
. LaTeX info: "xparse/define-command"
. 
. Defining command \RenewChemArrow with sig. 'mm' on line 911.
.................................................
.................................................
. LaTeX info: "xparse/define-command"
. 
. Defining command \ProvideChemArrow with sig. 'mm' on line 921.
.................................................
.................................................
. LaTeX info: "xparse/define-command"
. 
. Defining command \ShowChemArrow with sig. 'm' on line 931.
.................................................
.................................................
. LaTeX info: "xparse/define-command"
. 
. Defining command \ch with sig. 'O{}m' on line 1176.
.................................................
.................................................
. LaTeX info: "xparse/define-command"
. 
. Defining command \chcpd with sig. 'O{}m' on line 1198.
.................................................
.................................................
. LaTeX info: "xparse/define-command"
. 
. Defining command \chname with sig. 'R(){}R(){}' on line 1276.
.................................................
.................................................
. LaTeX info: "xparse/define-command"
. 
. Defining command \NewChemCompoundProperty with sig. 'mm' on line 1361.
.................................................
.................................................
. LaTeX info: "xparse/define-command"
. 
. Defining command \RenewChemCompoundProperty with sig. 'mm' on line 1364.
.................................................
.................................................
. LaTeX info: "xparse/define-command"
. 
. Defining command \ProvideChemCompoundProperty with sig. 'mm' on line 1367.
.................................................
.................................................
. LaTeX info: "xparse/define-command"
. 
. Defining command \DeclareChemCompoundProperty with sig. 'mm' on line 1370.
.................................................
.................................................
. LaTeX info: "xparse/define-command"
. 
. Defining command \RemoveChemCompoundProperty with sig. 'm' on line 1373.
.................................................
.................................................
. LaTeX info: "xparse/define-command"
. 
. Defining command \NewChemBond with sig. 'mm' on line 1571.
.................................................
.................................................
. LaTeX info: "xparse/define-command"
. 
. Defining command \ProvideChemBond with sig. 'mm' on line 1574.
.................................................
.................................................
. LaTeX info: "xparse/define-command"
. 
. Defining command \DeclareChemBond with sig. 'mm' on line 1577.
.................................................
.................................................
. LaTeX info: "xparse/define-command"
. 
. Defining command \RenewChemBond with sig. 'mm' on line 1580.
.................................................
.................................................
. LaTeX info: "xparse/define-command"
. 
. Defining command \NewChemBondAlias with sig. 'mm' on line 1583.
.................................................
.................................................
. LaTeX info: "xparse/define-command"
. 
. Defining command \DeclareChemBondAlias with sig. 'mm' on line 1586.
.................................................
.................................................
. LaTeX info: "xparse/define-command"
. 
. Defining command \ShowChemBond with sig. 'm' on line 1589.
.................................................
.................................................
. LaTeX info: "xparse/define-command"
. 
. Defining command \bond with sig. 'm' on line 1592.
.................................................
.................................................
. LaTeX info: "xparse/define-command"
. 
. Defining command \chstoich with sig. 'm' on line 2191.
.................................................
\l__chemformula_additions_symbol_space_skip=\skip60
.................................................
. LaTeX info: "xparse/define-command"
. 
. Defining command \NewChemAdditionSymbol with sig. 'mmm' on line 2697.
.................................................
.................................................
. LaTeX info: "xparse/define-command"
. 
. Defining command \ProvideChemAdditionSymbol with sig. 'mmm' on line 2706.
.................................................
.................................................
. LaTeX info: "xparse/define-command"
. 
. Defining command \RenewChemAdditionSymbol with sig. 'mmm' on line 2715.
.................................................
.................................................
. LaTeX info: "xparse/define-command"
. 
. Defining command \DeclareChemAdditionSymbol with sig. 'mmm' on line 2718.
.................................................
\l__chemformula_plus_space_skip=\skip61
\l__chemformula_minus_space_skip=\skip62
.................................................
. LaTeX info: "xparse/define-command"
. 
. Defining command \NewChemSymbol with sig. 'mm' on line 2763.
.................................................
.................................................
. LaTeX info: "xparse/define-command"
. 
. Defining command \ProvideChemSymbol with sig. 'mm' on line 2769.
.................................................
.................................................
. LaTeX info: "xparse/define-command"
. 
. Defining command \RenewChemSymbol with sig. 'mm' on line 2776.
.................................................
.................................................
. LaTeX info: "xparse/define-command"
. 
. Defining command \DeclareChemSymbol with sig. 'mm' on line 2779.
.................................................
.................................................
. LaTeX info: "xparse/define-command"
. 
. Defining command \chlewis with sig. 'O{}mm' on line 3334.
.................................................
.................................................
. LaTeX info: "xparse/define-command"
. 
. Defining command \setchemformula with sig. 'm' on line 3339.
.................................................
) (./Supplemental.aux)
\openout1 = Supplemental.aux

LaTeX Font Info:    Checking defaults for OML/cmm/m/it on input line 19.
LaTeX Font Info:    ... okay on input line 19.
LaTeX Font Info:    Checking defaults for T1/cmr/m/n on input line 19.
LaTeX Font Info:    ... okay on input line 19.
LaTeX Font Info:    Checking defaults for OT1/cmr/m/n on input line 19.
LaTeX Font Info:    ... okay on input line 19.
LaTeX Font Info:    Checking defaults for OMS/cmsy/m/n on input line 19.
LaTeX Font Info:    ... okay on input line 19.
LaTeX Font Info:    Checking defaults for TU/lmr/m/n on input line 19.
LaTeX Font Info:    ... okay on input line 19.
LaTeX Font Info:    Checking defaults for OMX/cmex/m/n on input line 19.
LaTeX Font Info:    ... okay on input line 19.
LaTeX Font Info:    Checking defaults for U/cmr/m/n on input line 19.
LaTeX Font Info:    ... okay on input line 19.
LaTeX Font Info:    Checking defaults for TS1/cmr/m/n on input line 19.
LaTeX Font Info:    Try loading font information for TS1+cmr on input line 19.
 (/usr/local/texlive/2017/texmf-dist/tex/latex/base/ts1cmr.fd
File: ts1cmr.fd 2014/09/29 v2.5h Standard LaTeX font definitions
)
LaTeX Font Info:    ... okay on input line 19.
 (/usr/local/texlive/2017/texmf-dist/tex/context/base/mkii/supp-pdf.mkii
[Loading MPS to PDF converter (version 2006.09.02).]
\scratchcounter=\count177
\scratchdimen=\dimen315
\scratchbox=\box70
\nofMPsegments=\count178
\nofMParguments=\count179
\everyMPshowfont=\toks35
\MPscratchCnt=\count180
\MPscratchDim=\dimen316
\MPnumerator=\count181
\makeMPintoPDFobject=\count182
\everyMPtoPDFconversion=\toks36
) (/usr/local/texlive/2017/texmf-dist/tex/latex/oberdiek/epstopdf-base.sty
Package: epstopdf-base 2016/05/15 v2.6 Base part for package epstopdf
 (/usr/local/texlive/2017/texmf-dist/tex/latex/oberdiek/grfext.sty
Package: grfext 2016/05/16 v1.2 Manage graphics extensions (HO)
 (/usr/local/texlive/2017/texmf-dist/tex/generic/oberdiek/kvdefinekeys.sty
Package: kvdefinekeys 2016/05/16 v1.4 Define keys (HO)
)) (/usr/local/texlive/2017/texmf-dist/tex/latex/oberdiek/kvoptions.sty
Package: kvoptions 2016/05/16 v3.12 Key value format for package options (HO)
 (/usr/local/texlive/2017/texmf-dist/tex/generic/oberdiek/kvsetkeys.sty
Package: kvsetkeys 2016/05/16 v1.17 Key value parser (HO)
 (/usr/local/texlive/2017/texmf-dist/tex/generic/oberdiek/etexcmds.sty
Package: etexcmds 2016/05/16 v1.6 Avoid name clashes with e-TeX commands (HO)
 (/usr/local/texlive/2017/texmf-dist/tex/generic/oberdiek/ifluatex.sty
Package: ifluatex 2016/05/16 v1.4 Provides the ifluatex switch (HO)
Package ifluatex Info: LuaTeX detected.
)))) (/usr/local/texlive/2017/texmf-dist/tex/generic/oberdiek/pdftexcmds.sty
Package: pdftexcmds 2017/03/19 v0.25 Utility functions of pdfTeX for LuaTeX (HO)
 (/usr/local/texlive/2017/texmf-dist/tex/generic/oberdiek/ifpdf.sty
Package: ifpdf 2017/03/15 v3.2 Provides the ifpdf switch
)
Package pdftexcmds Info: \pdf@primitive is available.
Package pdftexcmds Info: \pdf@ifprimitive is available.
Package pdftexcmds Info: \pdfdraftmode found.
\pdftexcmds@toks=\toks37
)
Package epstopdf-base Info: Redefining graphics rule for `.eps' on input line 438.
Package grfext Info: Graphics extension search list:
(grfext)             [.png,.pdf,.jpg,.mps,.jpeg,.jbig2,.jb2,.PNG,.PDF,.JPG,.JPEG,.JBIG2,.JB2,.eps]
(grfext)             \AppendGraphicsExtensions on input line 456.
 (/usr/local/texlive/2017/texmf-dist/tex/latex/latexconfig/epstopdf-sys.cfg
File: epstopdf-sys.cfg 2010/07/13 v1.3 Configuration of (r)epstopdf for TeX Live
)) (/usr/local/texlive/2017/texmf-dist/tex/latex/translations/translations-basic-dictionary-english.trsl
File: translations-basic-dictionary-english.trsl (english translation file `translations-basic-dictionary')
)
Package translations Info: loading dictionary `translations-basic-dictionary' for `english'. on input line 19.
.................................................
. chemgreek info: "mapping-activated"
. 
. Activating mapping `default' on line 19.
.................................................

*************************************************
* chemmacros warning: "no-greek"
* 
* You haven't loaded any package for upright Greek letters or no unique choice
* was possible. Either load one of packages specified in the manual or select
* a chemgreek mapping manually.
*************************************************
ABD: EveryShipout initializing macros
.................................................
. LaTeX info: "xparse/define-command"
. 
. Defining command \insitu with sig. 'O{}' on line 19.
.................................................
.................................................
. LaTeX info: "xparse/define-command"
. 
. Defining command \abinitio with sig. 'O{}' on line 19.
.................................................
.................................................
. LaTeX info: "xparse/define-command"
. 
. Defining command \invacuo with sig. 'O{}' on line 19.
.................................................
\symgns@font=\mathgroup7
LaTeX Font Info:    Overwriting symbol font `gns@font' in version `bold'
(Font)                  TS1/lmr/m/n --> TS1/lmr/bx/n on input line 19.
Package gensymb Info: Math companion symbols declared on input line 19.
LaTeX Info: Redefining \degree on input line 19.
LaTeX Info: Redefining \celsius on input line 19.
Package gensymb Info: Using text companion symbols for \degree, \celsius and \perthousand on input line 19.
LaTeX Info: Redefining \ohm on input line 19.
Package gensymb Info: Using \textohm for \ohm on input line 19.
Package gensymb Info: Using \textmu for \micro on input line 19.
Package caption Info: Begin \AtBeginDocument code.
Package caption Info: End \AtBeginDocument code.
(load luc: /Users/nathanb/Library/texlive/2017/texmf-var/luatex-cache/generic/fonts/otl/lmroman17-regular.luc)(load luc: /Users/nathanb/Library/texlive/2017/texmf-var/luatex-cache/generic/fonts/otl/lmroman12-regular.luc)
LaTeX Font Info:    Try loading font information for TS1+lmr on input line 21.
 (/usr/local/texlive/2017/texmf-dist/tex/latex/lm/ts1lmr.fd
File: ts1lmr.fd 2009/10/30 v1.6 Font defs for Latin Modern
)(load luc: /Users/nathanb/Library/texlive/2017/texmf-var/luatex-cache/generic/fonts/otl/lmroman12-bold.luc)(load luc: /Users/nathanb/Library/texlive/2017/texmf-var/luatex-cache/generic/fonts/otl/lmroman10-italic.luc)
./Supplemental.tex:57: Extra alignment tab has been changed to \cr.
<recently read> \endtemplate 
             
l.57 Author & Method & strain &
                              Reported Quantity & fractional coverage (by co...
You have given more \span or & marks than there were
in the preamble to the \halign or \valign now in progress.
So I'll assume that you meant to type \cr instead.

./Supplemental.tex:59: Extra alignment tab has been changed to \cr.
<recently read> \endtemplate 
             
l.59 ...} (2010) & & YFP-fusion, cell fluorescence &
                                                   fg/copies per cell & & \\
You have given more \span or & marks than there were
in the preamble to the \halign or \valign now in progress.
So I'll assume that you meant to type \cr instead.

./Supplemental.tex:61: Extra alignment tab has been changed to \cr.
<recently read> \endtemplate 
             
l.61 ... {\it et al.} (2012) & & Mass spectrometry &
                                                   fg/copies per cell & & \\
You have given more \span or & marks than there were
in the preamble to the \halign or \valign now in progress.
So I'll assume that you meant to type \cr instead.

./Supplemental.tex:63: Extra alignment tab has been changed to \cr.
<recently read> \endtemplate 
             
l.63 ... {\it et al.} (2014) & & Mass spectrometry &
                                                   fg/copies per fL & & \\
You have given more \span or & marks than there were
in the preamble to the \halign or \valign now in progress.
So I'll assume that you meant to type \cr instead.

./Supplemental.tex:65: Extra alignment tab has been changed to \cr.
<recently read> \endtemplate 
             
l.65 ...\it et al.} (2014) & & Ribosomal profiling &
                                                   protein synthesis rate & ...
You have given more \span or & marks than there were
in the preamble to the \halign or \valign now in progress.
So I'll assume that you meant to type \cr instead.

./Supplemental.tex:67: Extra alignment tab has been changed to \cr.
<recently read> \endtemplate 
             
l.67 ... {\it et al.} (2015) & & Mass spectrometry &
                                                   fg/copies per cell & &\\
You have given more \span or & marks than there were
in the preamble to the \halign or \valign now in progress.
So I'll assume that you meant to type \cr instead.

./Supplemental.tex:69: Extra alignment tab has been changed to \cr.
<recently read> \endtemplate 
             
l.69 ... {\it et al.} (2016) & & Mass spectrometry &
                                                   fg/copies per cell & & \\
You have given more \span or & marks than there were
in the preamble to the \halign or \valign now in progress.
So I'll assume that you meant to type \cr instead.

./Supplemental.tex:71: Extra alignment tab has been changed to \cr.
<recently read> \endtemplate 
             
l.71 ... {\it et al.} (2017) & & Mass spectrometry &
                                                   relative abundance & &\\
You have given more \span or & marks than there were
in the preamble to the \halign or \valign now in progress.
So I'll assume that you meant to type \cr instead.

[1

{/usr/local/texlive/2017/texmf-var/fonts/map/pdftex/updmap/pdftex.map}](load luc: /Users/nathanb/Library/texlive/2017/texmf-var/luatex-cache/generic/fonts/otl/lmroman10-bold.luc)

LaTeX Warning: Reference `' on page 2 undefined on input line 77.


LaTeX Warning: Reference `' on page 2 undefined on input line 82.


LaTeX Warning: Reference `' on page 2 undefined on input line 105.

[2]

LaTeX Warning: Reference `' on page 3 undefined on input line 152.


LaTeX Warning: Reference `' on page 3 undefined on input line 155.

[3](load luc: /Users/nathanb/Library/texlive/2017/texmf-var/luatex-cache/generic/fonts/otl/lmroman12-italic.luc)

LaTeX Warning: Reference `' on page 4 undefined on input line 189.

[4] (./Supplemental.aux)

LaTeX Warning: There were undefined references.

)

Here is how much of LuaTeX's memory you used:
 26258 strings out of 494481
 125171,662416 words of node,token memory allocated
 496 words of node memory still in use:
   6 hlist, 2 vlist, 2 rule, 2 glue, 1 kern, 8 attribute, 58 glue_spec, 8 attribute_list, 1 write nodes
   avail lists: 1:2,2:358,3:26,4:32,5:170,6:2850,7:910,8:124,9:113,10:19,11:259
 29524 multiletter control sequences out of 65536+600000
 55 fonts using 3767527 bytes
 99i,6n,89p,863b,229s stack positions out of 5000i,500n,10000p,200000b,100000s
</usr/local/texlive/2017/texmf-dist/fonts/opentype/public/lm/lmroman12-italic.otf></usr/local/texlive/2017/texmf-dist/fonts/opentype/public/lm/lmroman10-bold.otf></usr/local/texlive/2017/texmf-dist/fonts/opentype/public/lm/lmroman10-italic.otf></usr/local/texlive/2017/texmf-dist/fonts/opentype/public/lm/lmroman10-regular.otf></usr/local/texlive/2017/texmf-dist/fonts/opentype/public/lm/lmroman12-bold.otf></usr/local/texlive/2017/texmf-dist/fonts/opentype/public/lm/lmroman12-regular.otf></usr/local/texlive/2017/texmf-dist/fonts/opentype/public/lm/lmroman17-regular.otf></usr/local/texlive/2017/texmf-dist/fonts/type1/public/amsfonts/cm/cmmi10.pfb></usr/local/texlive/2017/texmf-dist/fonts/type1/public/amsfonts/cm/cmmi8.pfb></usr/local/texlive/2017/texmf-dist/fonts/type1/public/amsfonts/cm/cmr10.pfb></usr/local/texlive/2017/texmf-dist/fonts/type1/public/amsfonts/cm/cmr8.pfb></usr/local/texlive/2017/texmf-dist/fonts/type1/public/amsfonts/cm/cmsy10.pfb></usr/local/texlive/2017/texmf-dist/fonts/
type1/public/amsfonts/cm/cmsy8.pfb>
Output written on Supplemental.pdf (4 pages, 83166 bytes).

PDF statistics: 93 PDF objects out of 1000 (max. 8388607)
 59 compressed objects within 1 object stream
 0 named destinations out of 1000 (max. 131072)
 16 words of extra memory for PDF output out of 10000 (max. 100000000)

