\BOOKMARK [1][-]{section*.1}{Introduction}{}% 1
\BOOKMARK [1][-]{section*.4}{Nutrient Transport}{}% 2
\BOOKMARK [2][-]{subsection*.6}{Limits on Transporter Expression}{section*.4}% 3
\BOOKMARK [1][-]{section*.7}{Cell Envelope Biogenesis}{}% 4
\BOOKMARK [2][-]{subsection*.8}{Lipid Synthesis}{section*.7}% 5
\BOOKMARK [2][-]{subsection*.9}{Peptidoglycan Synthesis}{section*.7}% 6
\BOOKMARK [3][-]{subsubsection*.10}{Limits on Cell Wall Biogenesis}{subsection*.9}% 7
\BOOKMARK [1][-]{section*.12}{Energy Production}{}% 8
\BOOKMARK [2][-]{subsection*.13}{ATP Synthesis}{section*.12}% 9
\BOOKMARK [2][-]{subsection*.14}{Generating the Proton Electrochemical Gradient}{section*.12}% 10
\BOOKMARK [3][-]{subsubsection*.16}{Limits on Biosynthesis in a Crowded Membrane}{subsection*.14}% 11
\BOOKMARK [1][-]{section*.18}{Processes of the Central Dogma}{}% 12
\BOOKMARK [2][-]{subsection*.19}{DNA Replication}{section*.18}% 13
\BOOKMARK [2][-]{subsection*.21}{RNA Synthesis}{section*.18}% 14
\BOOKMARK [2][-]{subsection*.23}{Protein Synthesis}{section*.18}% 15
\BOOKMARK [2][-]{subsection*.25}{Maximum Growth Rate is Determined by the Ribosomal Mass Fraction}{section*.18}% 16
\BOOKMARK [2][-]{subsection*.27}{rRNA Synthesis Presents a Potential Bottleneck During Rapid Growth}{section*.18}% 17
\BOOKMARK [2][-]{subsection*.28}{Rapid Growth Requires E. coli to Increase Both Cell Size and Ribosomal Mass Fraction}{section*.18}% 18
\BOOKMARK [1][-]{section*.30}{A Minimal Model of Nutrient-Mediated Growth Rate Control}{}% 19
\BOOKMARK [2][-]{subsubsection*.32}{Optimal Ribosomal Content and Cell Size Depend on Nutrient Availability and Metabolic Capacity}{section*.30}% 20
\BOOKMARK [1][-]{section*.33}{Discussion}{}% 21
\BOOKMARK [1][-]{section*.34}{Methods}{}% 22
\BOOKMARK [2][-]{subsection*.35}{Data Analysis and Availability}{section*.34}% 23
\BOOKMARK [1][-]{section*.36}{Acknowledgements}{}% 24
\BOOKMARK [1][-]{section*.37}{Competing Interests}{}% 25
