\BOOKMARK [1][-]{section*.1}{Introduction}{}% 1
\BOOKMARK [1][-]{section*.4}{Nutrient Transport}{}% 2
\BOOKMARK [2][-]{subsection*.6}{Limits on Transporter Expression}{section*.4}% 3
\BOOKMARK [1][-]{section*.7}{Cell Envelope Biogenesis}{}% 4
\BOOKMARK [2][-]{subsection*.8}{Lipid Synthesis}{section*.7}% 5
\BOOKMARK [2][-]{subsection*.9}{Peptidoglycan Synthesis}{section*.7}% 6
\BOOKMARK [2][-]{subsection*.10}{Limits on Cell Wall Biogenesis}{section*.7}% 7
\BOOKMARK [1][-]{section*.12}{Energy Production}{}% 8
\BOOKMARK [2][-]{subsection*.13}{ATP Synthesis}{section*.12}% 9
\BOOKMARK [2][-]{subsection*.14}{Generating the Proton Electrochemical Gradient}{section*.12}% 10
\BOOKMARK [2][-]{subsection*.16}{Limits on Biosynthesis in a Crowded Membrane}{section*.12}% 11
\BOOKMARK [1][-]{section*.19}{Processes of the Central Dogma}{}% 12
\BOOKMARK [2][-]{subsection*.20}{DNA Replication}{section*.19}% 13
\BOOKMARK [2][-]{subsection*.22}{RNA Synthesis}{section*.19}% 14
\BOOKMARK [2][-]{subsection*.24}{Protein Synthesis}{section*.19}% 15
\BOOKMARK [2][-]{subsection*.26}{Maximum Growth Rate is Determined by the Ribosomal Mass Fraction}{section*.19}% 16
\BOOKMARK [2][-]{subsection*.28}{rRNA Synthesis Presents a Potential Bottleneck During Rapid Growth}{section*.19}% 17
\BOOKMARK [2][-]{subsection*.29}{Rapid Growth Requires E. coli to Increase Both Cell Size and Ribosomal Mass Fraction}{section*.19}% 18
\BOOKMARK [1][-]{section*.31}{A Minimal Model of Nutrient-Mediated Growth Rate Control}{}% 19
\BOOKMARK [2][-]{subsubsection*.33}{Optimal Ribosomal Content and Cell Size Depend on Nutrient Availability and Metabolic Capacity}{section*.31}% 20
\BOOKMARK [1][-]{section*.34}{Discussion}{}% 21
\BOOKMARK [1][-]{section*.35}{Methods}{}% 22
\BOOKMARK [2][-]{subsection*.36}{Data Analysis and Availability}{section*.35}% 23
\BOOKMARK [1][-]{section*.37}{Acknowledgements}{}% 24
\BOOKMARK [1][-]{section*.38}{Competing Interests}{}% 25
