\BOOKMARK [1][-]{section*.1}{Introduction}{}% 1
\BOOKMARK [1][-]{section*.4}{Nutrient Transport}{}% 2
\BOOKMARK [2][-]{subsection*.6}{Limits on Transporter Expression}{section*.4}% 3
\BOOKMARK [1][-]{section*.7}{Cell Envelope Biogenesis}{}% 4
\BOOKMARK [2][-]{subsection*.8}{Lipid Synthesis}{section*.7}% 5
\BOOKMARK [2][-]{subsection*.9}{Peptidoglycan Synthesis}{section*.7}% 6
\BOOKMARK [3][-]{subsubsection*.10}{Limits on Cell Wall Biogenesis}{subsection*.9}% 7
\BOOKMARK [1][-]{section*.12}{Energy Production}{}% 8
\BOOKMARK [2][-]{subsection*.13}{ATP Synthesis}{section*.12}% 9
\BOOKMARK [2][-]{subsection*.14}{Generating the Proton Electrochemical Gradient}{section*.12}% 10
\BOOKMARK [3][-]{subsubsection*.16}{Limits on Biosynthesis in a Crowded Membrane}{subsection*.14}% 11
\BOOKMARK [1][-]{section*.18}{Processes of the Central Dogma}{}% 12
\BOOKMARK [2][-]{subsection*.19}{DNA Replication}{section*.18}% 13
\BOOKMARK [2][-]{subsection*.21}{RNA Synthesis}{section*.18}% 14
\BOOKMARK [2][-]{subsection*.23}{Protein Synthesis}{section*.18}% 15
\BOOKMARK [2][-]{subsection*.25}{Maximum Growth Rate is Determined by the Ribosomal Mass Fraction}{section*.18}% 16
\BOOKMARK [2][-]{subsection*.27}{rRNA Synthesis Presents a Potential Bottleneck During Rapid Growth}{section*.18}% 17
\BOOKMARK [2][-]{subsection*.28}{Rapid Growth Requires E. coli to Increase Both Cell Size and Ribosomal Mass Fraction}{section*.18}% 18
\BOOKMARK [1][-]{section*.30}{A Minimal Model of Nutrient-Mediated Growth Rate Control}{}% 19
\BOOKMARK [2][-]{subsubsection*.32}{Optimal Ribosomal Content and Cell Size Depend on Nutrient Availability and Metabolic Capacity}{section*.30}% 20
\BOOKMARK [1][-]{section*.33}{Discussion}{}% 21
\BOOKMARK [1][-]{section*.34}{Methods}{}% 22
\BOOKMARK [2][-]{subsection*.35}{Data Analysis and Availability}{section*.34}% 23
\BOOKMARK [1][-]{section*.36}{Acknowledgements}{}% 24
\BOOKMARK [1][-]{section*.37}{Competing Interests}{}% 25
\BOOKMARK [1][-]{section*.38}{Additional Estimates of Fundamental Biological Processes}{}% 26
\BOOKMARK [2][-]{subsection*.39}{Nutrient Transport}{section*.38}% 27
\BOOKMARK [3][-]{subsubsection*.40}{Nitrogen}{subsection*.39}% 28
\BOOKMARK [3][-]{subsubsection*.41}{Phosphorus}{subsection*.39}% 29
\BOOKMARK [3][-]{subsubsection*.42}{Sulfur}{subsection*.39}% 30
\BOOKMARK [2][-]{subsection*.43}{Additional Process of the Central Dogma}{section*.38}% 31
\BOOKMARK [3][-]{subsubsection*.44}{dNTP synthesis}{subsection*.43}% 32
\BOOKMARK [3][-]{subsubsection*.45}{mRNA and tRNA Synthesis}{subsection*.43}% 33
\BOOKMARK [3][-]{subsubsection*.46}{tRNA Charging}{subsection*.43}% 34
\BOOKMARK [1][-]{section*.47}{Experimental Details Behind Proteomic Data}{}% 35
\BOOKMARK [2][-]{subsection*.49}{Fluorescence based measurements}{section*.47}% 36
\BOOKMARK [2][-]{subsection*.50}{Ribosomal profiling measurements}{section*.47}% 37
\BOOKMARK [2][-]{subsection*.51}{Mass spectrometry measurements}{section*.47}% 38
\BOOKMARK [1][-]{section*.52}{Summary of Proteomic Data}{}% 39
\BOOKMARK [1][-]{section*.55}{Estimation of Cell Size and Surface Area}{}% 40
\BOOKMARK [1][-]{section*.57}{Estimation of Total Protein Content per Cell}{}% 41
\BOOKMARK [2][-]{subsection*.59}{Estimating Volume and Number of Amino Acids from Ribosome Copy Number}{section*.57}% 42
\BOOKMARK [1][-]{section*.61}{Additional Considerations of Schmidt et al. Data Set}{}% 43
\BOOKMARK [2][-]{subsection*.64}{Effect of cell volume on reported absolute protein abundances}{section*.61}% 44
\BOOKMARK [2][-]{subsection*.65}{Relaxing assumption of constant protein concentration across growth conditions}{section*.61}% 45
\BOOKMARK [2][-]{subsection*.66}{Comparison with total protein measurements from Basan et al. 2015.}{section*.61}% 46
\BOOKMARK [1][-]{section*.68}{Calculation of Complex Abundance}{}% 47
\BOOKMARK [1][-]{section*.70}{Extending Estimates to a Continuum of Growth Rates}{}% 48
\BOOKMARK [2][-]{subsection*.71}{Estimation of the total cell mass}{section*.70}% 49
\BOOKMARK [2][-]{subsection*.72}{Complex Abundance Scaling With Cell Volume}{section*.70}% 50
\BOOKMARK [2][-]{subsection*.73}{A Relation for Complex Abundance Scaling With Surface Area}{section*.70}% 51
\BOOKMARK [3][-]{subsubsection*.74}{Number of Lipids}{subsection*.73}% 52
\BOOKMARK [3][-]{subsubsection*.75}{Number of Murein Monomers}{subsection*.73}% 53
\BOOKMARK [2][-]{subsection*.76}{Complex Abundance Scaling With Number of Origins, and rRNA Synthesis}{section*.70}% 54
\BOOKMARK [1][-]{section*.77}{Calculation of active ribosomal fraction.}{}% 55
\BOOKMARK [1][-]{section*.78}{Estimation of \043ori / \043ter and \043ori.}{}% 56
\BOOKMARK [1][-]{section*.80}{Derivation of Minimal Model for Nutrient-Mediated Growth Rate Control}{}% 57
