This is pdfTeX, Version 3.14159265-2.6-1.40.21 (TeX Live 2020) (preloaded format=pdflatex 2020.4.7)  1 JUL 2020 08:52
entering extended mode
 restricted \write18 enabled.
 file:line:error style messages enabled.
 %&-line parsing enabled.
**/Users/gchure/Dropbox/git/growth_limits/docs/manuscript/eLife_draft.tex
(/Users/gchure/Dropbox/git/growth_limits/docs/manuscript/eLife_draft.tex
LaTeX2e <2020-02-02> patch level 5
L3 programming layer <2020-03-06> (/Users/gchure/Dropbox/git/growth_limits/docs/manuscript/elife.cls
Document Class: elife 2020/02/28, v1.7
(/usr/local/texlive/2020/texmf-dist/tex/generic/babel/babel.sty
Package: babel 2020/03/22 3.42 The Babel package
 (/usr/local/texlive/2020/texmf-dist/tex/generic/babel/switch.def
File: switch.def 2020/03/22 3.42 Babel switching mechanism
) (/usr/local/texlive/2020/texmf-dist/tex/generic/babel-english/english.ldf
Language: english 2017/06/06 v3.3r English support from the babel system
 (/usr/local/texlive/2020/texmf-dist/tex/generic/babel/babel.def
File: babel.def 2020/03/22 3.42 Babel common definitions
\babel@savecnt=\count167
\U@D=\dimen134
 (/usr/local/texlive/2020/texmf-dist/tex/generic/babel/txtbabel.def)
\bbl@readstream=\read2
\bbl@dirlevel=\count168
)
Package babel Info: \l@canadian = using hyphenrules for english
(babel)             (\language0) on input line 102.
Package babel Info: \l@australian = using hyphenrules for ukenglish
(babel)             (\language21) on input line 105.
Package babel Info: \l@newzealand = using hyphenrules for ukenglish
(babel)             (\language21) on input line 108.
)) (/usr/local/texlive/2020/texmf-dist/tex/latex/tools/calc.sty
Package: calc 2017/05/25 v4.3 Infix arithmetic (KKT,FJ)
\calc@Acount=\count169
\calc@Bcount=\count170
\calc@Adimen=\dimen135
\calc@Bdimen=\dimen136
\calc@Askip=\skip47
\calc@Bskip=\skip48
LaTeX Info: Redefining \setlength on input line 80.
LaTeX Info: Redefining \addtolength on input line 81.
\calc@Ccount=\count171
\calc@Cskip=\skip49
) (/usr/local/texlive/2020/texmf-dist/tex/latex/etoolbox/etoolbox.sty
Package: etoolbox 2019/09/21 v2.5h e-TeX tools for LaTeX (JAW)
\etb@tempcnta=\count172
) (/usr/local/texlive/2020/texmf-dist/tex/latex/regexpatch/regexpatch.sty (/usr/local/texlive/2020/texmf-dist/tex/latex/l3kernel/expl3.sty
Package: expl3 2020-03-06 L3 programming layer (loader) 
 (/usr/local/texlive/2020/texmf-dist/tex/latex/l3backend/l3backend-pdfmode.def
File: l3backend-pdfmode.def 2020-03-12 L3 backend support: PDF mode
\l__kernel_color_stack_int=\count173
\l__pdf_internal_box=\box45
))
Package: regexpatch 2018/05/02 v0.2d Extending etoolbox patching commands
 (/usr/local/texlive/2020/texmf-dist/tex/latex/l3packages/xparse/xparse.sty
Package: xparse 2020-03-06 L3 Experimental document command parser
\l__xparse_current_arg_int=\count174
\g__xparse_grabber_int=\count175
\l__xparse_m_args_int=\count176
\l__xparse_v_nesting_int=\count177
)) (/usr/local/texlive/2020/texmf-dist/tex/generic/iftex/ifxetex.sty
Package: ifxetex 2019/10/25 v0.7 ifxetex legacy package. Use iftex instead.
 (/usr/local/texlive/2020/texmf-dist/tex/generic/iftex/iftex.sty
Package: iftex 2020/03/06 v1.0d TeX engine tests
)) (/usr/local/texlive/2020/texmf-dist/tex/generic/iftex/ifluatex.sty
Package: ifluatex 2019/10/25 v1.5 ifluatex legacy package. Use iftex instead.
) (/usr/local/texlive/2020/texmf-dist/tex/latex/extsizes/extarticle.cls
Document Class: extarticle 1996/10/08 v1.0 Non Standard LaTeX document class
(/usr/local/texlive/2020/texmf-dist/tex/latex/extsizes/size9.clo
File: size9.clo 1999/11/11 v1.4a NON-Standard LaTeX file (size option)
) (/usr/local/texlive/2020/texmf-dist/tex/latex/base/exscale.sty
Package: exscale 2018/09/24 v2.1i Standard LaTeX package exscale
LaTeX Font Info:    Redeclaring symbol font `largesymbols' on input line 57.
LaTeX Font Info:    Overwriting symbol font `largesymbols' in version `normal'
(Font)                  OMX/cmex/m/n --> OMX/cmex/m/n on input line 57.
LaTeX Font Info:    Overwriting symbol font `largesymbols' in version `bold'
(Font)                  OMX/cmex/m/n --> OMX/cmex/m/n on input line 57.
\big@size=\dimen137
)
\c@part=\count178
\c@section=\count179
\c@subsection=\count180
\c@subsubsection=\count181
\c@paragraph=\count182
\c@subparagraph=\count183
\c@figure=\count184
\c@table=\count185
\abovecaptionskip=\skip50
\belowcaptionskip=\skip51
\bibindent=\dimen138
) (/usr/local/texlive/2020/texmf-dist/tex/latex/amsmath/amsmath.sty
Package: amsmath 2020/01/20 v2.17e AMS math features
\@mathmargin=\skip52

For additional information on amsmath, use the `?' option.
(/usr/local/texlive/2020/texmf-dist/tex/latex/amsmath/amstext.sty
Package: amstext 2000/06/29 v2.01 AMS text
 (/usr/local/texlive/2020/texmf-dist/tex/latex/amsmath/amsgen.sty
File: amsgen.sty 1999/11/30 v2.0 generic functions
\@emptytoks=\toks15
\ex@=\dimen139
)) (/usr/local/texlive/2020/texmf-dist/tex/latex/amsmath/amsbsy.sty
Package: amsbsy 1999/11/29 v1.2d Bold Symbols
\pmbraise@=\dimen140
) (/usr/local/texlive/2020/texmf-dist/tex/latex/amsmath/amsopn.sty
Package: amsopn 2016/03/08 v2.02 operator names
)
\inf@bad=\count186
LaTeX Info: Redefining \frac on input line 227.
\uproot@=\count187
\leftroot@=\count188
LaTeX Info: Redefining \overline on input line 389.
\classnum@=\count189
\DOTSCASE@=\count190
LaTeX Info: Redefining \ldots on input line 486.
LaTeX Info: Redefining \dots on input line 489.
LaTeX Info: Redefining \cdots on input line 610.
\Mathstrutbox@=\box46
\strutbox@=\box47
\big@size=\dimen141
LaTeX Font Info:    Redeclaring font encoding OML on input line 733.
LaTeX Font Info:    Redeclaring font encoding OMS on input line 734.
\macc@depth=\count191
\c@MaxMatrixCols=\count192
\dotsspace@=\muskip16
\c@parentequation=\count193
\dspbrk@lvl=\count194
\tag@help=\toks16
\row@=\count195
\column@=\count196
\maxfields@=\count197
\andhelp@=\toks17
\eqnshift@=\dimen142
\alignsep@=\dimen143
\tagshift@=\dimen144
\tagwidth@=\dimen145
\totwidth@=\dimen146
\lineht@=\dimen147
\@envbody=\toks18
\multlinegap=\skip53
\multlinetaggap=\skip54
\mathdisplay@stack=\toks19
LaTeX Info: Redefining \[ on input line 2859.
LaTeX Info: Redefining \] on input line 2860.
) (/usr/local/texlive/2020/texmf-dist/tex/latex/mdframed/mdframed.sty
Package: mdframed 2013/07/01 1.9b: mdframed
 (/usr/local/texlive/2020/texmf-dist/tex/latex/kvoptions/kvoptions.sty
Package: kvoptions 2019/11/29 v3.13 Key value format for package options (HO)
 (/usr/local/texlive/2020/texmf-dist/tex/latex/graphics/keyval.sty
Package: keyval 2014/10/28 v1.15 key=value parser (DPC)
\KV@toks@=\toks20
) (/usr/local/texlive/2020/texmf-dist/tex/generic/ltxcmds/ltxcmds.sty
Package: ltxcmds 2019/12/15 v1.24 LaTeX kernel commands for general use (HO)
) (/usr/local/texlive/2020/texmf-dist/tex/generic/kvsetkeys/kvsetkeys.sty
Package: kvsetkeys 2019/12/15 v1.18 Key value parser (HO)
)) (/usr/local/texlive/2020/texmf-dist/tex/latex/zref/zref-abspage.sty
Package: zref-abspage 2020-03-03 v2.29 Module abspage for zref (HO)
 (/usr/local/texlive/2020/texmf-dist/tex/latex/zref/zref-base.sty
Package: zref-base 2020-03-03 v2.29 Module base for zref (HO)
 (/usr/local/texlive/2020/texmf-dist/tex/generic/infwarerr/infwarerr.sty
Package: infwarerr 2019/12/03 v1.5 Providing info/warning/error messages (HO)
) (/usr/local/texlive/2020/texmf-dist/tex/generic/kvdefinekeys/kvdefinekeys.sty
Package: kvdefinekeys 2019-12-19 v1.6 Define keys (HO)
) (/usr/local/texlive/2020/texmf-dist/tex/latex/pdftexcmds/pdftexcmds.sty
Package: pdftexcmds 2019/11/24 v0.31 Utility functions of pdfTeX for LuaTeX (HO)
Package pdftexcmds Info: \pdf@primitive is available.
Package pdftexcmds Info: \pdf@ifprimitive is available.
Package pdftexcmds Info: \pdfdraftmode found.
) (/usr/local/texlive/2020/texmf-dist/tex/generic/etexcmds/etexcmds.sty
Package: etexcmds 2019/12/15 v1.7 Avoid name clashes with e-TeX commands (HO)
) (/usr/local/texlive/2020/texmf-dist/tex/latex/auxhook/auxhook.sty
Package: auxhook 2019-12-17 v1.6 Hooks for auxiliary files (HO)
)
Package zref Info: New property list: main on input line 763.
Package zref Info: New property: default on input line 764.
Package zref Info: New property: page on input line 765.
) (/usr/local/texlive/2020/texmf-dist/tex/generic/atbegshi/atbegshi.sty
Package: atbegshi 2019/12/05 v1.19 At begin shipout hook (HO)
)
\c@abspage=\count198
Package zref Info: New property: abspage on input line 66.
) (/usr/local/texlive/2020/texmf-dist/tex/latex/needspace/needspace.sty
Package: needspace 2010/09/12 v1.3d reserve vertical space
) (/usr/local/texlive/2020/texmf-dist/tex/latex/graphics/color.sty
Package: color 2019/11/23 v1.2a Standard LaTeX Color (DPC)
 (/usr/local/texlive/2020/texmf-dist/tex/latex/graphics-cfg/color.cfg
File: color.cfg 2016/01/02 v1.6 sample color configuration
)
Package color Info: Driver file: pdftex.def on input line 147.
 (/usr/local/texlive/2020/texmf-dist/tex/latex/graphics-def/pdftex.def
File: pdftex.def 2018/01/08 v1.0l Graphics/color driver for pdftex
))
\mdf@templength=\skip55
\c@mdf@globalstyle@cnt=\count199
\mdf@skipabove@length=\skip56
\mdf@skipbelow@length=\skip57
\mdf@leftmargin@length=\skip58
\mdf@rightmargin@length=\skip59
\mdf@innerleftmargin@length=\skip60
\mdf@innerrightmargin@length=\skip61
\mdf@innertopmargin@length=\skip62
\mdf@innerbottommargin@length=\skip63
\mdf@splittopskip@length=\skip64
\mdf@splitbottomskip@length=\skip65
\mdf@outermargin@length=\skip66
\mdf@innermargin@length=\skip67
\mdf@linewidth@length=\skip68
\mdf@innerlinewidth@length=\skip69
\mdf@middlelinewidth@length=\skip70
\mdf@outerlinewidth@length=\skip71
\mdf@roundcorner@length=\skip72
\mdf@footenotedistance@length=\skip73
\mdf@userdefinedwidth@length=\skip74
\mdf@needspace@length=\skip75
\mdf@frametitleaboveskip@length=\skip76
\mdf@frametitlebelowskip@length=\skip77
\mdf@frametitlerulewidth@length=\skip78
\mdf@frametitleleftmargin@length=\skip79
\mdf@frametitlerightmargin@length=\skip80
\mdf@shadowsize@length=\skip81
\mdf@extratopheight@length=\skip82
\mdf@subtitleabovelinewidth@length=\skip83
\mdf@subtitlebelowlinewidth@length=\skip84
\mdf@subtitleaboveskip@length=\skip85
\mdf@subtitlebelowskip@length=\skip86
\mdf@subtitleinneraboveskip@length=\skip87
\mdf@subtitleinnerbelowskip@length=\skip88
\mdf@subsubtitleabovelinewidth@length=\skip89
\mdf@subsubtitlebelowlinewidth@length=\skip90
\mdf@subsubtitleaboveskip@length=\skip91
\mdf@subsubtitlebelowskip@length=\skip92
\mdf@subsubtitleinneraboveskip@length=\skip93
\mdf@subsubtitleinnerbelowskip@length=\skip94
 (/usr/local/texlive/2020/texmf-dist/tex/latex/mdframed/md-frame-0.mdf
File: md-frame-0.mdf 2013/07/01\ 1.9b: md-frame-0
)
\mdf@frametitlebox=\box48
\mdf@footnotebox=\box49
\mdf@splitbox@one=\box50
\mdf@splitbox@two=\box51
\mdf@splitbox@save=\box52
\mdfsplitboxwidth=\skip95
\mdfsplitboxtotalwidth=\skip96
\mdfsplitboxheight=\skip97
\mdfsplitboxdepth=\skip98
\mdfsplitboxtotalheight=\skip99
\mdfframetitleboxwidth=\skip100
\mdfframetitleboxtotalwidth=\skip101
\mdfframetitleboxheight=\skip102
\mdfframetitleboxdepth=\skip103
\mdfframetitleboxtotalheight=\skip104
\mdffootnoteboxwidth=\skip105
\mdffootnoteboxtotalwidth=\skip106
\mdffootnoteboxheight=\skip107
\mdffootnoteboxdepth=\skip108
\mdffootnoteboxtotalheight=\skip109
\mdftotallinewidth=\skip110
\mdfboundingboxwidth=\skip111
\mdfboundingboxtotalwidth=\skip112
\mdfboundingboxheight=\skip113
\mdfboundingboxdepth=\skip114
\mdfboundingboxtotalheight=\skip115
\mdf@freevspace@length=\skip116
\mdf@horizontalwidthofbox@length=\skip117
\mdf@verticalmarginwhole@length=\skip118
\mdf@horizontalspaceofbox=\skip119
\mdfsubtitleheight=\skip120
\mdfsubsubtitleheight=\skip121
\c@mdfcountframes=\count266

****** mdframed patching \endmdf@trivlist

****** -- success******

\mdf@envdepth=\count267
\c@mdf@env@i=\count268
\c@mdf@env@ii=\count269
\c@mdf@zref@counter=\count270
Package zref Info: New property: mdf@pagevalue on input line 895.
) (/usr/local/texlive/2020/texmf-dist/tex/latex/lineno/lineno.sty
Package: lineno 2005/11/02 line numbers on paragraphs v4.41
\linenopenalty=\count271
\output=\toks21
\linenoprevgraf=\count272
\linenumbersep=\dimen148
\linenumberwidth=\dimen149
\c@linenumber=\count273
\c@pagewiselinenumber=\count274
\c@LN@truepage=\count275
\c@internallinenumber=\count276
\c@internallinenumbers=\count277
\quotelinenumbersep=\dimen150
\bframerule=\dimen151
\bframesep=\dimen152
\bframebox=\box53
LaTeX Info: Redefining \\ on input line 3056.
) (/usr/local/texlive/2020/texmf-dist/tex/latex/base/fontenc.sty
Package: fontenc 2020/02/11 v2.0o Standard LaTeX package
) (/usr/local/texlive/2020/texmf-dist/tex/latex/base/inputenc.sty
Package: inputenc 2018/08/11 v1.3c Input encoding file
\inpenc@prehook=\toks22
\inpenc@posthook=\toks23
) (/usr/local/texlive/2020/texmf-dist/tex/latex/stix/stix.sty
Package: stix 2018/04/17 v1.1.3-latex STIX fonts support package
 (/usr/local/texlive/2020/texmf-dist/tex/latex/base/textcomp.sty
Package: textcomp 2020/02/02 v2.0n Standard LaTeX package
LaTeX Font Info:    Changing ? sub-encoding to TS1/0 on input line 75.
)
Now handling font encoding LS1 ...
... no UTF-8 mapping file for font encoding LS1
Now handling font encoding LS2 ...
... no UTF-8 mapping file for font encoding LS2
LaTeX Font Info:    Redeclaring symbol font `letters' on input line 76.
LaTeX Font Info:    Encoding `OML' has changed to `LS1' for symbol font
(Font)              `letters' in the math version `normal' on input line 76.
LaTeX Font Info:    Overwriting symbol font `letters' in version `normal'
(Font)                  OML/cmm/m/it --> LS1/stix/m/it on input line 76.
LaTeX Font Info:    Encoding `OML' has changed to `LS1' for symbol font
(Font)              `letters' in the math version `bold' on input line 76.
LaTeX Font Info:    Overwriting symbol font `letters' in version `bold'
(Font)                  OML/cmm/b/it --> LS1/stix/m/it on input line 76.
LaTeX Font Info:    Redeclaring symbol font `operators' on input line 77.
LaTeX Font Info:    Encoding `OT1' has changed to `LS1' for symbol font
(Font)              `operators' in the math version `normal' on input line 77.
LaTeX Font Info:    Overwriting symbol font `operators' in version `normal'
(Font)                  OT1/cmr/m/n --> LS1/stix/m/n on input line 77.
LaTeX Font Info:    Encoding `OT1' has changed to `LS1' for symbol font
(Font)              `operators' in the math version `bold' on input line 77.
LaTeX Font Info:    Overwriting symbol font `operators' in version `bold'
(Font)                  OT1/cmr/bx/n --> LS1/stix/m/n on input line 77.
\symbold-operators=\mathgroup4
LaTeX Font Info:    Redeclaring symbol font `symbols' on input line 79.
LaTeX Font Info:    Encoding `OMS' has changed to `LS1' for symbol font
(Font)              `symbols' in the math version `normal' on input line 79.
LaTeX Font Info:    Overwriting symbol font `symbols' in version `normal'
(Font)                  OMS/cmsy/m/n --> LS1/stixscr/m/n on input line 79.
LaTeX Font Info:    Encoding `OMS' has changed to `LS1' for symbol font
(Font)              `symbols' in the math version `bold' on input line 79.
LaTeX Font Info:    Overwriting symbol font `symbols' in version `bold'
(Font)                  OMS/cmsy/b/n --> LS1/stixscr/m/n on input line 79.
\symsymbols2=\mathgroup5
\symsymbols3=\mathgroup6
\symsymbols4=\mathgroup7
\symintegrals=\mathgroup8
LaTeX Font Info:    Redeclaring symbol font `largesymbols' on input line 84.
LaTeX Font Info:    Encoding `OMX' has changed to `LS2' for symbol font
(Font)              `largesymbols' in the math version `normal' on input line 84.
LaTeX Font Info:    Overwriting symbol font `largesymbols' in version `normal'
(Font)                  OMX/cmex/m/n --> LS2/stixex/m/n on input line 84.
LaTeX Font Info:    Encoding `OMX' has changed to `LS2' for symbol font
(Font)              `largesymbols' in the math version `bold' on input line 84.
LaTeX Font Info:    Overwriting symbol font `largesymbols' in version `bold'
(Font)                  OMX/cmex/m/n --> LS2/stixex/m/n on input line 84.
\symarrows1=\mathgroup9
\symarrows2=\mathgroup10
\symarrows3=\mathgroup11
LaTeX Font Info:    Overwriting symbol font `letters' in version `bold'
(Font)                  LS1/stix/m/it --> LS1/stix/b/it on input line 88.
LaTeX Font Info:    Overwriting symbol font `operators' in version `bold'
(Font)                  LS1/stix/m/n --> LS1/stix/b/n on input line 89.
LaTeX Font Info:    Overwriting symbol font `symbols' in version `bold'
(Font)                  LS1/stixscr/m/n --> LS1/stixscr/b/n on input line 90.
LaTeX Font Info:    Overwriting symbol font `symbols2' in version `bold'
(Font)                  LS1/stixfrak/m/n --> LS1/stixfrak/b/n on input line 91.
LaTeX Font Info:    Overwriting symbol font `symbols3' in version `bold'
(Font)                  LS1/stixbb/m/n --> LS1/stixbb/b/n on input line 92.
LaTeX Font Info:    Overwriting symbol font `symbols4' in version `bold'
(Font)                  LS1/stixbb/m/it --> LS1/stixbb/b/it on input line 93.
LaTeX Font Info:    Overwriting symbol font `integrals' in version `bold'
(Font)                  LS2/stixcal/m/n --> LS2/stixcal/b/n on input line 94.
LaTeX Font Info:    Overwriting symbol font `largesymbols' in version `bold'
(Font)                  LS2/stixex/m/n --> LS2/stixex/b/n on input line 95.
LaTeX Font Info:    Overwriting symbol font `arrows1' in version `bold'
(Font)                  LS1/stixsf/m/n --> LS1/stixsf/b/n on input line 96.
LaTeX Font Info:    Overwriting symbol font `arrows2' in version `bold'
(Font)                  LS1/stixsf/m/it --> LS1/stixsf/b/it on input line 97.
LaTeX Font Info:    Overwriting symbol font `arrows3' in version `bold'
(Font)                  LS2/stixtt/m/n --> LS2/stixtt/b/n on input line 98.
LaTeX Font Info:    Redeclaring math alphabet \mathit on input line 99.
LaTeX Font Info:    Redeclaring math alphabet \mathsf on input line 106.
LaTeX Font Info:    Redeclaring math alphabet \mathtt on input line 108.
LaTeX Font Info:    Redeclaring math alphabet \mathbf on input line 109.
LaTeX Font Info:    Redeclaring math symbol \hbar on input line 227.
LaTeX Font Info:    Redeclaring math accent \grave on input line 698.
LaTeX Font Info:    Redeclaring math accent \acute on input line 699.
LaTeX Font Info:    Redeclaring math accent \hat on input line 700.
LaTeX Font Info:    Redeclaring math accent \tilde on input line 701.
LaTeX Font Info:    Redeclaring math accent \bar on input line 702.
LaTeX Font Info:    Redeclaring math accent \breve on input line 703.
LaTeX Font Info:    Redeclaring math accent \dot on input line 704.
LaTeX Font Info:    Redeclaring math accent \ddot on input line 705.
LaTeX Font Info:    Redeclaring math accent \mathring on input line 707.
LaTeX Font Info:    Redeclaring math accent \check on input line 708.
LaTeX Font Info:    Redeclaring math accent \vec on input line 716.
LaTeX Font Info:    Redeclaring math accent \widehat on input line 728.
LaTeX Font Info:    Redeclaring math accent \widetilde on input line 729.
LaTeX Info: Redefining \vdots on input line 1518.
LaTeX Info: Redefining \cdots on input line 1522.
LaTeX Font Info:    Redeclaring math symbol \mathsterling on input line 1978.
LaTeX Info: Redefining \not on input line 2144.
) (/usr/local/texlive/2020/texmf-dist/tex/latex/opensans/opensans.sty
Package: opensans 2019/06/20 Style file for Open Sans.
 (/usr/local/texlive/2020/texmf-dist/tex/latex/fontaxes/fontaxes.sty
Package: fontaxes 2014/03/23 v1.0d Font selection axes
LaTeX Info: Redefining \upshape on input line 29.
LaTeX Info: Redefining \itshape on input line 31.
LaTeX Info: Redefining \slshape on input line 33.
LaTeX Info: Redefining \swshape on input line 35.
LaTeX Info: Redefining \scshape on input line 37.
LaTeX Info: Redefining \sscshape on input line 39.
LaTeX Info: Redefining \ulcshape on input line 41.
LaTeX Info: Redefining \textsw on input line 47.
LaTeX Info: Redefining \textssc on input line 48.
LaTeX Info: Redefining \textulc on input line 49.
) (/usr/local/texlive/2020/texmf-dist/tex/latex/xkeyval/xkeyval.sty
Package: xkeyval 2014/12/03 v2.7a package option processing (HA)
 (/usr/local/texlive/2020/texmf-dist/tex/generic/xkeyval/xkeyval.tex (/usr/local/texlive/2020/texmf-dist/tex/generic/xkeyval/xkvutils.tex
\XKV@toks=\toks24
\XKV@tempa@toks=\toks25
)
\XKV@depth=\count278
File: xkeyval.tex 2014/12/03 v2.7a key=value parser (HA)
))) (/usr/local/texlive/2020/texmf-dist/tex/latex/microtype/microtype.sty
Package: microtype 2019/11/18 v2.7d Micro-typographical refinements (RS)
\MT@toks=\toks26
\MT@count=\count279
LaTeX Info: Redefining \textls on input line 790.
\MT@outer@kern=\dimen153
LaTeX Info: Redefining \textmicrotypecontext on input line 1354.
\MT@listname@count=\count280
 (/usr/local/texlive/2020/texmf-dist/tex/latex/microtype/microtype-pdftex.def
File: microtype-pdftex.def 2019/11/18 v2.7d Definitions specific to pdftex (RS)
LaTeX Info: Redefining \lsstyle on input line 914.
LaTeX Info: Redefining \lslig on input line 914.
\MT@outer@space=\skip122
)
Package microtype Info: Loading configuration file microtype.cfg.
 (/usr/local/texlive/2020/texmf-dist/tex/latex/microtype/microtype.cfg
File: microtype.cfg 2019/11/18 v2.7d microtype main configuration file (RS)
)) (/usr/local/texlive/2020/texmf-dist/tex/latex/graphics/graphicx.sty
Package: graphicx 2019/11/30 v1.2a Enhanced LaTeX Graphics (DPC,SPQR)
 (/usr/local/texlive/2020/texmf-dist/tex/latex/graphics/graphics.sty
Package: graphics 2019/11/30 v1.4a Standard LaTeX Graphics (DPC,SPQR)
 (/usr/local/texlive/2020/texmf-dist/tex/latex/graphics/trig.sty
Package: trig 2016/01/03 v1.10 sin cos tan (DPC)
) (/usr/local/texlive/2020/texmf-dist/tex/latex/graphics-cfg/graphics.cfg
File: graphics.cfg 2016/06/04 v1.11 sample graphics configuration
)
Package graphics Info: Driver file: pdftex.def on input line 105.
)
\Gin@req@height=\dimen154
\Gin@req@width=\dimen155
) (/usr/local/texlive/2020/texmf-dist/tex/latex/xcolor/xcolor.sty
Package: xcolor 2016/05/11 v2.12 LaTeX color extensions (UK)
 (/usr/local/texlive/2020/texmf-dist/tex/latex/graphics-cfg/color.cfg
File: color.cfg 2016/01/02 v1.6 sample color configuration
)
Package xcolor Info: Driver file: pdftex.def on input line 225.
LaTeX Info: Redefining \color on input line 709.
Package xcolor Info: Model `cmy' substituted by `cmy0' on input line 1348.
Package xcolor Info: Model `hsb' substituted by `rgb' on input line 1352.
Package xcolor Info: Model `RGB' extended on input line 1364.
Package xcolor Info: Model `HTML' substituted by `rgb' on input line 1366.
Package xcolor Info: Model `Hsb' substituted by `hsb' on input line 1367.
Package xcolor Info: Model `tHsb' substituted by `hsb' on input line 1368.
Package xcolor Info: Model `HSB' substituted by `hsb' on input line 1369.
Package xcolor Info: Model `Gray' substituted by `gray' on input line 1370.
Package xcolor Info: Model `wave' substituted by `hsb' on input line 1371.
) (/usr/local/texlive/2020/texmf-dist/tex/latex/booktabs/booktabs.sty
Package: booktabs 2020/01/12 v1.61803398 Publication quality tables
\heavyrulewidth=\dimen156
\lightrulewidth=\dimen157
\cmidrulewidth=\dimen158
\belowrulesep=\dimen159
\belowbottomsep=\dimen160
\aboverulesep=\dimen161
\abovetopsep=\dimen162
\cmidrulesep=\dimen163
\cmidrulekern=\dimen164
\defaultaddspace=\dimen165
\@cmidla=\count281
\@cmidlb=\count282
\@aboverulesep=\dimen166
\@belowrulesep=\dimen167
\@thisruleclass=\count283
\@lastruleclass=\count284
\@thisrulewidth=\dimen168
) (/usr/local/texlive/2020/texmf-dist/tex/latex/preprint/authblk.sty
Package: authblk 2001/02/27 1.3 (PWD)
\affilsep=\skip123
\@affilsep=\skip124
\c@Maxaffil=\count285
\c@authors=\count286
\c@affil=\count287
) (/usr/local/texlive/2020/texmf-dist/tex/latex/geometry/geometry.sty
Package: geometry 2020/01/02 v5.9 Page Geometry
 (/usr/local/texlive/2020/texmf-dist/tex/generic/iftex/ifvtex.sty
Package: ifvtex 2019/10/25 v1.7 ifvtex legacy package. Use iftex instead.
)
\Gm@cnth=\count288
\Gm@cntv=\count289
\c@Gm@tempcnt=\count290
\Gm@bindingoffset=\dimen169
\Gm@wd@mp=\dimen170
\Gm@odd@mp=\dimen171
\Gm@even@mp=\dimen172
\Gm@layoutwidth=\dimen173
\Gm@layoutheight=\dimen174
\Gm@layouthoffset=\dimen175
\Gm@layoutvoffset=\dimen176
\Gm@dimlist=\toks27
) (/usr/local/texlive/2020/texmf-dist/tex/latex/changepage/changepage.sty
Package: changepage 2009/10/20 v1.0c check page and change page layout
\c@cp@cntr=\count291
\cp@tempcnt=\count292
) (/usr/local/texlive/2020/texmf-dist/tex/latex/silence/silence.sty
Package: silence 2012/07/02 v1.5b Selective filtering of warnings and error messages
\sl@Save=\count293
\sl@StateNumber=\count294
\sl@MessageCount=\count295
\sl@Casualties=\count296
\sl@Filter=\toks28
\sl@Message=\toks29
\sl@UnexpandedMessage=\toks30
\sl@Mess@ge=\toks31
\sl@WarningCount=\count297
\sl@WarningNumber=\count298
\sl@WarningCasualties=\count299
\sl@TempBOW=\toks32
\sl@BankOfWarnings=\toks33
LaTeX Info: Redefining \GenericWarning on input line 433.
\sl@ErrorCount=\count300
\sl@ErrorNumber=\count301
\sl@ErrorCasualties=\count302
\sl@TempBOE=\toks34
\sl@BankOfErrors=\toks35
LaTeX Info: Redefining \GenericError on input line 601.
) (/usr/local/texlive/2020/texmf-dist/tex/latex/caption/caption.sty
Package: caption 2020/01/03 v3.4h Customizing captions (AR)
 (/usr/local/texlive/2020/texmf-dist/tex/latex/caption/caption3.sty
Package: caption3 2020/01/03 v1.8h caption3 kernel (AR)
Package caption3 Info: TeX engine: e-TeX on input line 61.
\captionmargin=\dimen177
\captionmargin@=\dimen178
\captionwidth=\dimen179
\caption@tempdima=\dimen180
\caption@indent=\dimen181
\caption@parindent=\dimen182
\caption@hangindent=\dimen183
Package caption Info: Standard document class detected.
)
\c@caption@flags=\count303
\c@continuedfloat=\count304
) (/usr/local/texlive/2020/texmf-dist/tex/latex/natbib/natbib.sty
Package: natbib 2010/09/13 8.31b (PWD, AO)
\bibhang=\skip125
\bibsep=\skip126
LaTeX Info: Redefining \cite on input line 694.
\c@NAT@ctr=\count305
)

Package elife Warning: vancouver-elife.bst not found; falling back to apalike bibliography style. on input line 110.

(/usr/local/texlive/2020/texmf-dist/tex/latex/fancyhdr/fancyhdr.sty
Package: fancyhdr 2019/01/31 v3.10 Extensive control of page headers and footers
\f@nch@headwidth=\skip127
\f@nch@O@elh=\skip128
\f@nch@O@erh=\skip129
\f@nch@O@olh=\skip130
\f@nch@O@orh=\skip131
\f@nch@O@elf=\skip132
\f@nch@O@erf=\skip133
\f@nch@O@olf=\skip134
\f@nch@O@orf=\skip135
) (/usr/local/texlive/2020/texmf-dist/tex/latex/lastpage/lastpage.sty
Package: lastpage 2015/03/29 v1.2m Refers to last page's name (HMM; JPG)
) (/usr/local/texlive/2020/texmf-dist/tex/latex/titlesec/titlesec.sty
Package: titlesec 2019/10/16 v2.13 Sectioning titles
\ttl@box=\box54
\beforetitleunit=\skip136
\aftertitleunit=\skip137
\ttl@plus=\dimen184
\ttl@minus=\dimen185
\ttl@toksa=\toks36
\titlewidth=\dimen186
\titlewidthlast=\dimen187
\titlewidthfirst=\dimen188
) (/usr/local/texlive/2020/texmf-dist/tex/latex/enumitem/enumitem.sty
Package: enumitem 2019/06/20 v3.9 Customized lists
\labelindent=\skip138
\enit@outerparindent=\dimen189
\enit@toks=\toks37
\enit@inbox=\box55
\enit@count@id=\count306
\enitdp@description=\count307
) (/usr/local/texlive/2020/texmf-dist/tex/generic/alphalph/alphalph.sty
Package: alphalph 2019/12/09 v2.6 Convert numbers to letters (HO)
 (/usr/local/texlive/2020/texmf-dist/tex/generic/intcalc/intcalc.sty
Package: intcalc 2019/12/15 v1.3 Expandable calculations with integers (HO)
))
\c@authorfn=\count308
 (/usr/local/texlive/2020/texmf-dist/tex/latex/newfloat/newfloat.sty
Package: newfloat 2019/09/02 v1.1l Defining new floating environments (AR)
) (/usr/local/texlive/2020/texmf-dist/tex/latex/wrapfig/wrapfig.sty
\wrapoverhang=\dimen190
\WF@size=\dimen191
\c@WF@wrappedlines=\count309
\WF@box=\box56
\WF@everypar=\toks38
Package: wrapfig 2003/01/31  v 3.6
)
Package newfloat Info: New float `featurebox' with options `placement=btp,name=Box' on input line 278.
\c@featurebox=\count310
\newfloat@ftype=\count311
Package newfloat Info: float type `featurebox'=8 on input line 278.
\c@featurefigure=\count312
\c@featuretable=\count313
\c@figsupp=\count314
\c@data=\count315
\c@video=\count316
\c@videosupp=\count317
 (/usr/local/texlive/2020/texmf-dist/tex/latex/newfile/newfile.sty
Package: newfile 2009/09/03 v1.0c Output and input files
 (/usr/local/texlive/2020/texmf-dist/tex/latex/tools/verbatim.sty
Package: verbatim 2019/11/10 v1.5r LaTeX2e package for verbatim enhancements
\every@verbatim=\toks39
\verbatim@line=\toks40
\verbatim@in@stream=\read3
)
\c@streamvline=\count318
)
\suppinfooutstre@m=\write3
\openout3 = `eLife_draft.suppinfo'.

\c@appendix=\count319
 (/usr/local/texlive/2020/texmf-dist/tex/latex/hyperref/hyperref.sty
Package: hyperref 2020/01/14 v7.00d Hypertext links for LaTeX
 (/usr/local/texlive/2020/texmf-dist/tex/generic/pdfescape/pdfescape.sty
Package: pdfescape 2019/12/09 v1.15 Implements pdfTeX's escape features (HO)
) (/usr/local/texlive/2020/texmf-dist/tex/latex/hycolor/hycolor.sty
Package: hycolor 2020-01-27 v1.10 Color options for hyperref/bookmark (HO)
) (/usr/local/texlive/2020/texmf-dist/tex/latex/letltxmacro/letltxmacro.sty
Package: letltxmacro 2019/12/03 v1.6 Let assignment for LaTeX macros (HO)
)
\@linkdim=\dimen192
\Hy@linkcounter=\count320
\Hy@pagecounter=\count321
 (/usr/local/texlive/2020/texmf-dist/tex/latex/hyperref/pd1enc.def
File: pd1enc.def 2020/01/14 v7.00d Hyperref: PDFDocEncoding definition (HO)
Now handling font encoding PD1 ...
... no UTF-8 mapping file for font encoding PD1
)
\Hy@SavedSpaceFactor=\count322
Package hyperref Info: Hyper figures OFF on input line 4547.
Package hyperref Info: Link nesting OFF on input line 4552.
Package hyperref Info: Hyper index ON on input line 4555.
Package hyperref Info: Plain pages OFF on input line 4562.
Package hyperref Info: Backreferencing OFF on input line 4567.
Package hyperref Info: Implicit mode ON; LaTeX internals redefined.
Package hyperref Info: Bookmarks ON on input line 4800.
\c@Hy@tempcnt=\count323
 (/usr/local/texlive/2020/texmf-dist/tex/latex/url/url.sty
\Urlmuskip=\muskip17
Package: url 2013/09/16  ver 3.4  Verb mode for urls, etc.
)
LaTeX Info: Redefining \url on input line 5159.
\XeTeXLinkMargin=\dimen193
 (/usr/local/texlive/2020/texmf-dist/tex/generic/bitset/bitset.sty
Package: bitset 2019/12/09 v1.3 Handle bit-vector datatype (HO)
 (/usr/local/texlive/2020/texmf-dist/tex/generic/bigintcalc/bigintcalc.sty
Package: bigintcalc 2019/12/15 v1.5 Expandable calculations on big integers (HO)
))
\Fld@menulength=\count324
\Field@Width=\dimen194
\Fld@charsize=\dimen195
Package hyperref Info: Hyper figures OFF on input line 6430.
Package hyperref Info: Link nesting OFF on input line 6435.
Package hyperref Info: Hyper index ON on input line 6438.
Package hyperref Info: backreferencing OFF on input line 6445.
Package hyperref Info: Link coloring OFF on input line 6450.
Package hyperref Info: Link coloring with OCG OFF on input line 6455.
Package hyperref Info: PDF/A mode OFF on input line 6460.
LaTeX Info: Redefining \ref on input line 6500.
LaTeX Info: Redefining \pageref on input line 6504.
\Hy@abspage=\count325
\c@Item=\count326
\c@Hfootnote=\count327
)
Package hyperref Info: Driver (autodetected): hpdftex.
 (/usr/local/texlive/2020/texmf-dist/tex/latex/hyperref/hpdftex.def
File: hpdftex.def 2020/01/14 v7.00d Hyperref driver for pdfTeX
 (/usr/local/texlive/2020/texmf-dist/tex/latex/atveryend/atveryend.sty
Package: atveryend 2019-12-11 v1.11 Hooks at the very end of document (HO)
)
\HyAnn@Count=\count328
\Fld@listcount=\count329
\c@bookmark@seq@number=\count330
 (/usr/local/texlive/2020/texmf-dist/tex/latex/rerunfilecheck/rerunfilecheck.sty
Package: rerunfilecheck 2019/12/05 v1.9 Rerun checks for auxiliary files (HO)
 (/usr/local/texlive/2020/texmf-dist/tex/generic/uniquecounter/uniquecounter.sty
Package: uniquecounter 2019/12/15 v1.4 Provide unlimited unique counter (HO)
)
Package uniquecounter Info: New unique counter `rerunfilecheck' on input line 286.
)
\Hy@SectionHShift=\skip139
)
Package hyperref Info: Option `colorlinks' set `true' on input line 398.
) (/usr/local/texlive/2020/texmf-dist/tex/latex/mhchem/mhchem.sty
Package: mhchem 2018/06/22 v4.08 for typesetting chemical formulae
 (/usr/local/texlive/2020/texmf-dist/tex/latex/l3packages/l3keys2e/l3keys2e.sty
Package: l3keys2e 2020-03-06 LaTeX2e option processing using LaTeX3 keys
) (/usr/local/texlive/2020/texmf-dist/tex/latex/chemgreek/chemgreek.sty
Package: chemgreek 2020/01/16 v1.1a interface for upright Greek letters for use in chemistry (CN)
\l__chemgreek_tmpa_int=\count331
\g__chemgreek_tmpa_int=\count332
)
\l__mhchem_ce_distanceFromLastComma_int=\count333
\__mhchem_arrow_extPgfLength_skip=\skip140
\mhchem@minispace@tmp=\skip141
\mhchem@minibackspace@tmp=\skip142
\mhchem@bondwidth=\skip143
\mhchem@bondheight=\skip144
\mhchem@smallbondwidth@tmpA=\skip145
\mhchem@smallbondwidth@tmpB=\skip146
\mhchem@smallbondwidth=\skip147
\mhchem@bondtmp@minussidebearingleft=\skip148
\mhchem@bondtmp@minussidebearingright=\skip149
\l__mhchem_option_version_int=\count334
\mhchem@option@minusmathsidebearingleft=\dimen196
\mhchem@option@minusmathsidebearingright=\dimen197
\mhchem@option@minustextsidebearingleft=\dimen198
\mhchem@option@minustextsidebearingright=\dimen199
) (/usr/local/texlive/2020/texmf-dist/tex/latex/siunitx/siunitx.sty
Package: siunitx 2020/02/25 v2.8b A comprehensive (SI) units package
 (/usr/local/texlive/2020/texmf-dist/tex/latex/tools/array.sty
Package: array 2019/08/31 v2.4l Tabular extension package (FMi)
\col@sep=\dimen256
\ar@mcellbox=\box57
\extrarowheight=\dimen257
\NC@list=\toks41
\extratabsurround=\skip150
\backup@length=\skip151
\ar@cellbox=\box58
)
\l__siunitx_tmp_box=\box59
\l__siunitx_tmp_dim=\dimen258
\l__siunitx_tmp_int=\count335
\l__siunitx_number_mantissa_length_int=\count336
\l__siunitx_number_uncert_length_int=\count337
\l__siunitx_round_int=\count338
\l__siunitx_process_decimal_int=\count339
\l__siunitx_process_uncertainty_int=\count340
\l__siunitx_process_fixed_int=\count341
\l__siunitx_process_integer_min_int=\count342
\l__siunitx_process_precision_int=\count343
\l__siunitx_group_min_int=\count344
\l__siunitx_angle_marker_box=\box60
\l__siunitx_angle_unit_box=\box61
\l__siunitx_angle_marker_dim=\dimen259
\l__siunitx_angle_unit_dim=\dimen260
\l__siunitx_unit_int=\count345
\l__siunitx_unit_denominator_int=\count346
\l__siunitx_unit_numerator_int=\count347
\l__siunitx_unit_prefix_int=\count348
\l__siunitx_unit_prefix_base_int=\count349
\l__siunitx_unit_prefix_gram_int=\count350
\l__siunitx_number_product_int=\count351
\c__siunitx_one_fill_skip=\skip152
\l__siunitx_table_unit_align_skip=\skip153
\l__siunitx_table_exponent_dim=\dimen261
\l__siunitx_table_integer_dim=\dimen262
\l__siunitx_table_mantissa_dim=\dimen263
\l__siunitx_table_marker_dim=\dimen264
\l__siunitx_table_result_dim=\dimen265
\l__siunitx_table_uncert_dim=\dimen266
\l__siunitx_table_fill_pre_dim=\dimen267
\l__siunitx_table_fill_post_dim=\dimen268
\l__siunitx_table_fill_mid_dim=\dimen269
\l__siunitx_table_pre_box=\box62
\l__siunitx_table_post_box=\box63
\l__siunitx_table_mantissa_box=\box64
\l__siunitx_table_result_box=\box65
\l__siunitx_table_number_align_skip=\skip154
\l__siunitx_table_text_align_skip=\skip155
 (/usr/local/texlive/2020/texmf-dist/tex/latex/translator/translator.sty
Package: translator 2019-05-31 v1.12a Easy translation of strings in LaTeX
)) (/Users/gchure/Dropbox/git/growth_limits/docs/manuscript/eLife_draft.aux)
\openout1 = `eLife_draft.aux'.

LaTeX Font Info:    Checking defaults for OML/cmm/m/it on input line 26.
LaTeX Font Info:    ... okay on input line 26.
LaTeX Font Info:    Checking defaults for OMS/cmsy/m/n on input line 26.
LaTeX Font Info:    ... okay on input line 26.
LaTeX Font Info:    Checking defaults for OT1/cmr/m/n on input line 26.
LaTeX Font Info:    ... okay on input line 26.
LaTeX Font Info:    Checking defaults for T1/cmr/m/n on input line 26.
LaTeX Font Info:    ... okay on input line 26.
LaTeX Font Info:    Checking defaults for TS1/cmr/m/n on input line 26.
LaTeX Font Info:    ... okay on input line 26.
LaTeX Font Info:    Checking defaults for OMX/cmex/m/n on input line 26.
LaTeX Font Info:    ... okay on input line 26.
LaTeX Font Info:    Checking defaults for U/cmr/m/n on input line 26.
LaTeX Font Info:    ... okay on input line 26.
LaTeX Font Info:    Checking defaults for LS1/stix/m/n on input line 26.
LaTeX Font Info:    Trying to load font information for LS1+stix on input line 26.
 (/usr/local/texlive/2020/texmf-dist/tex/latex/stix/ls1stix.fd
File: ls1stix.fd 2015/04/17 v1.1.2-latex STIX LS1 font definitions
)
LaTeX Font Info:    ... okay on input line 26.
LaTeX Font Info:    Checking defaults for LS2/stix/m/n on input line 26.
LaTeX Font Info:    Trying to load font information for LS2+stix on input line 26.
 (/usr/local/texlive/2020/texmf-dist/tex/latex/stix/ls2stix.fd
File: ls2stix.fd 2015/04/17 v1.1.2-latex STIX LS2 font definitions
)
LaTeX Font Info:    ... okay on input line 26.
LaTeX Font Info:    Checking defaults for PD1/pdf/m/n on input line 26.
LaTeX Font Info:    ... okay on input line 26.
LaTeX Font Info:    Trying to load font information for T1+opensans-TLF on input line 26.
 (/usr/local/texlive/2020/texmf-dist/tex/latex/opensans/T1opensans-TLF.fd
File: T1opensans-TLF.fd 2019/06/24 Font definitions for T1/opensans-TLF.
)
LaTeX Font Info:    Font shape `T1/opensans-TLF/m/n' will be
(Font)              scaled to size 9.0pt on input line 26.
\AtBeginShipoutBox=\box66
 (/usr/local/texlive/2020/texmf-dist/tex/context/base/mkii/supp-pdf.mkii
[Loading MPS to PDF converter (version 2006.09.02).]
\scratchcounter=\count352
\scratchdimen=\dimen270
\scratchbox=\box67
\nofMPsegments=\count353
\nofMParguments=\count354
\everyMPshowfont=\toks42
\MPscratchCnt=\count355
\MPscratchDim=\dimen271
\MPnumerator=\count356
\makeMPintoPDFobject=\count357
\everyMPtoPDFconversion=\toks43
) (/usr/local/texlive/2020/texmf-dist/tex/latex/epstopdf-pkg/epstopdf-base.sty
Package: epstopdf-base 2020-01-24 v2.11 Base part for package epstopdf
Package epstopdf-base Info: Redefining graphics rule for `.eps' on input line 485.
 (/usr/local/texlive/2020/texmf-dist/tex/latex/latexconfig/epstopdf-sys.cfg
File: epstopdf-sys.cfg 2010/07/13 v1.3 Configuration of (r)epstopdf for TeX Live
))
\c@mv@tabular=\count358
\c@mv@boldtabular=\count359
LaTeX Info: Redefining \microtypecontext on input line 26.
Package microtype Info: Generating PDF output.
Package microtype Info: Character protrusion enabled (level 2).
Package microtype Info: Using default protrusion set `alltext'.
Package microtype Info: Automatic font expansion enabled (level 2),
(microtype)             stretch: 20, shrink: 20, step: 1, non-selected.
Package microtype Info: Using default expansion set `basictext'.
LaTeX Info: Redefining \showhyphens on input line 26.
Package microtype Info: No adjustment of tracking.
Package microtype Info: No adjustment of interword spacing.
Package microtype Info: No adjustment of character kerning.
Package microtype Info: Loading generic protrusion settings for font family
(microtype)             `opensans-TLF' (encoding: T1).
(microtype)             For optimal results, create family-specific settings.
(microtype)             See the microtype manual for details.

*geometry* driver: auto-detecting
*geometry* detected driver: pdftex
*geometry* verbose mode - [ preamble ] result:
* driver: pdftex
* paper: letterpaper
* layout: <same size as paper>
* layoutoffset:(h,v)=(0.0pt,0.0pt)
* modes: 
* h-part:(L,W,R)=(170.71652pt, 406.58981pt, 36.98866pt)
* v-part:(T,H,B)=(56.9055pt, 666.9326pt, 71.13188pt)
* \paperwidth=614.295pt
* \paperheight=794.96999pt
* \textwidth=406.58981pt
* \textheight=666.9326pt
* \oddsidemargin=98.44653pt
* \evensidemargin=98.44653pt
* \topmargin=-58.26448pt
* \headheight=21.0pt
* \headsep=21.9pt
* \topskip=9.0pt
* \footskip=30.0pt
* \marginparwidth=113.81102pt
* \marginparsep=14.22636pt
* \columnsep=18.49548pt
* \skip\footins=8.0pt plus 4.0pt minus 2.0pt
* \hoffset=0.0pt
* \voffset=0.0pt
* \mag=1000
* \@twocolumnfalse
* \@twosidefalse
* \@mparswitchfalse
* \@reversemargintrue
* (1in=72.27pt=25.4mm, 1cm=28.453pt)

Package caption Info: Begin \AtBeginDocument code.
Package caption Info: hyperref package is loaded.
Package caption Info: wrapfig package is loaded.
Package caption Info: End \AtBeginDocument code.
Package lastpage Info: Please have a look at the pageslts package at
(lastpage)             https://www.ctan.org/pkg/pageslts
(lastpage)             ! on input line 26.
Package newfloat Info: `wrapfig' package detected.
Package hyperref Info: Link coloring ON on input line 26.
(/usr/local/texlive/2020/texmf-dist/tex/latex/hyperref/nameref.sty
Package: nameref 2019/09/16 v2.46 Cross-referencing by name of section
 (/usr/local/texlive/2020/texmf-dist/tex/latex/refcount/refcount.sty
Package: refcount 2019/12/15 v3.6 Data extraction from label references (HO)
) (/usr/local/texlive/2020/texmf-dist/tex/generic/gettitlestring/gettitlestring.sty
Package: gettitlestring 2019/12/15 v1.6 Cleanup title references (HO)
)
\c@section@level=\count360
)
LaTeX Info: Redefining \ref on input line 26.
LaTeX Info: Redefining \pageref on input line 26.
LaTeX Info: Redefining \nameref on input line 26.
\@outlinefile=\write4
\openout4 = `eLife_draft.out'.


Package chemgreek Info: Activating mapping `default' on line 26.

 (/usr/local/texlive/2020/texmf-dist/tex/latex/translator/translator-basic-dictionary-English.dict
Dictionary: translator-basic-dictionary, Language: English 
) (/usr/local/texlive/2020/texmf-dist/tex/latex/siunitx/siunitx-abbreviations.cfg
File: siunitx-abbreviations.cfg 2017/11/26 v2.7k siunitx: Abbreviated units
)
LaTeX Font Info:    Trying to load font information for LS1+stixscr on input line 26.
 (/usr/local/texlive/2020/texmf-dist/tex/latex/stix/ls1stixscr.fd
File: ls1stixscr.fd 2015/04/17 v1.1.2-latex STIX script LS1 font definitions
)
LaTeX Font Info:    Trying to load font information for LS2+stixex on input line 26.
 (/usr/local/texlive/2020/texmf-dist/tex/latex/stix/ls2stixex.fd
File: ls2stixex.fd 2015/04/17 v1.1.2-latex STIX extentions LS2 font definitions
)
LaTeX Font Info:    Trying to load font information for LS1+stixfrak on input line 26.
 (/usr/local/texlive/2020/texmf-dist/tex/latex/stix/ls1stixfrak.fd
File: ls1stixfrak.fd 2015/04/17 v1.1.2-latex STIX fraktur LS1 font definitions
)
LaTeX Font Info:    Trying to load font information for LS1+stixbb on input line 26.
 (/usr/local/texlive/2020/texmf-dist/tex/latex/stix/ls1stixbb.fd
File: ls1stixbb.fd 2015/04/17 v1.1.2-latex STIX blackboard LS1 font definitions
)
LaTeX Font Info:    Trying to load font information for LS2+stixcal on input line 26.
 (/usr/local/texlive/2020/texmf-dist/tex/latex/stix/ls2stixcal.fd
File: ls2stixcal.fd 2015/04/17 v1.1.2-latex STIX calligraphic LS2 font definitions
)
LaTeX Font Info:    Trying to load font information for LS1+stixsf on input line 26.
 (/usr/local/texlive/2020/texmf-dist/tex/latex/stix/ls1stixsf.fd
File: ls1stixsf.fd 2015/04/17 v1.1.2-latex STIX sans-serif LS1 font definitions
)
LaTeX Font Info:    Trying to load font information for LS2+stixtt on input line 26.
 (/usr/local/texlive/2020/texmf-dist/tex/latex/stix/ls2stixtt.fd
File: ls2stixtt.fd 2015/04/17 v1.1.2-latex STIX typewriter LS2 font definitions
)
LaTeX Font Info:    Font shape `T1/opensans-TLF/b/n' will be
(Font)              scaled to size 9.0pt on input line 28.
LaTeX Font Info:    Font shape `T1/opensans-TLF/b/n' will be
(Font)              scaled to size 22.0pt on input line 28.
LaTeX Font Info:    Font shape `T1/opensans-TLF/m/n' will be
(Font)              scaled to size 22.0pt on input line 28.
LaTeX Font Info:    Font shape `T1/opensans-TLF/m/n' will be
(Font)              scaled to size 5.0pt on input line 28.
LaTeX Font Info:    Trying to load font information for T1+cmss on input line 28.
 (/usr/local/texlive/2020/texmf-dist/tex/latex/base/t1cmss.fd
File: t1cmss.fd 2019/12/16 v2.5j Standard LaTeX font definitions
)
Package microtype Info: Loading generic protrusion settings for font family
(microtype)             `cmss' (encoding: T1).
(microtype)             For optimal results, create family-specific settings.
(microtype)             See the microtype manual for details.
LaTeX Font Info:    Font shape `T1/opensans-TLF/b/n' will be
(Font)              scaled to size 10.0pt on input line 28.
LaTeX Font Info:    Font shape `T1/opensans-TLF/b/n' will be
(Font)              scaled to size 7.5pt on input line 28.
LaTeX Font Info:    Font shape `T1/opensans-TLF/m/n' will be
(Font)              scaled to size 7.5pt on input line 28.
LaTeX Font Info:    Calculating math sizes for size <7.5> on input line 28.
LaTeX Font Info:    Font shape `T1/opensans-TLF/m/n' will be
(Font)              scaled to size 10.0pt on input line 28.
LaTeX Font Info:    Font shape `T1/opensans-TLF/m/n' will be
(Font)              scaled to size 7.0pt on input line 28.
LaTeX Font Info:    Font shape `T1/opensans-TLF/b/n' will be
(Font)              scaled to size 7.0pt on input line 28.
 (/Users/gchure/Dropbox/git/growth_limits/docs/manuscript/section_01_introduction.tex
LaTeX Font Info:    Font shape `T1/opensans-TLF/m/n' will be
(Font)              scaled to size 10.95pt on input line 1.
LaTeX Font Info:    Font shape `T1/opensans-TLF/b/n' will be
(Font)              scaled to size 10.95pt on input line 1.


Package natbib Warning: Citation `jun2018' on page 1 undefined on input line 9.

LaTeX Font Info:    Font shape `T1/opensans-TLF/m/it' will be
(Font)              scaled to size 9.0pt on input line 17.

Overfull \hbox (6.0pt too wide) has occurred while \output is active
 [][][][][][][]| 
 []

LaTeX Font Info:    Font shape `T1/opensans-TLF/m/n' will be
(Font)              scaled to size 8.0pt on input line 35.
LaTeX Font Info:    Font shape `T1/opensans-TLF/b/n' will be
(Font)              scaled to size 8.0pt on input line 35.

LaTeX Warning: Reference `LastPage' on page 1 undefined on input line 35.

[1{/usr/local/texlive/2020/texmf-var/fonts/map/pdftex/updmap/pdftex.map}

]

Package natbib Warning: Citation `schmidt2016' on page 2 undefined on input line 38.


Package natbib Warning: Citation `peebo2015' on page 2 undefined on input line 38.


Package natbib Warning: Citation `valgepea2013' on page 2 undefined on input line 38.


Package natbib Warning: Citation `li2014' on page 2 undefined on input line 39.

LaTeX Font Info:    Font shape `T1/opensans-TLF/b/it' will be
(Font)              scaled to size 9.0pt on input line 41.

LaTeX Warning: Reference `fig:categories' on page 2 undefined on input line 41.


LaTeX Warning: Reference `fig:categories' on page 2 undefined on input line 62.


Package natbib Warning: Citation `scott2010' on page 2 undefined on input line 69.

<main_figs/schematic_categories.pdf, id=15, 370.38878pt x 213.36613pt>
File: main_figs/schematic_categories.pdf Graphic file (type pdf)
<use main_figs/schematic_categories.pdf>
Package pdftex.def Info: main_figs/schematic_categories.pdf  used on input line 101.
(pdftex.def)             Requested size: 370.38786pt x 213.3656pt.
) (/Users/gchure/Dropbox/git/growth_limits/docs/manuscript/section_02_transport.tex

Package natbib Warning: Citation `monod1947' on page 2 undefined on input line 6.


Package natbib Warning: Citation `jun2018' on page 2 undefined on input line 9.


Package natbib Warning: Citation `assentoft2016' on page 2 undefined on input line 9.


Package natbib Warning: Citation `stasi2019' on page 2 undefined on input line 9.


Package natbib Warning: Citation `antonenko1997' on page 2 undefined on input line 9.


Package natbib Warning: Citation `rosenberg1977' on page 2 undefined on input line 9.


Package natbib Warning: Citation `willsky1973' on page 2 undefined on input line 9.


Package natbib Warning: Citation `phillips2018' on page 2 undefined on input line 10.


Package natbib Warning: Citation `neidhardt1991' on page 2 undefined on input line 20.


Package natbib Warning: Citation `taymaz-nikerel2010' on page 2 undefined on input line 20.


Package natbib Warning: Citation `heldal1985' on page 2 undefined on input line 20.


Package natbib Warning: Citation `bauer1976' on page 2 undefined on input line 20.


Package natbib Warning: Citation `milo2010' on page 2 undefined on input line 24.


Package natbib Warning: Citation `milo2010' on page 2 undefined on input line 25.


Package natbib Warning: Citation `milo2010' on page 2 undefined on input line 25.


Package natbib Warning: Citation `milo2010' on page 2 undefined on input line 26.


Overfull \hbox (6.0pt too wide) has occurred while \output is active
 [][][][][][][]| 
 []


LaTeX Warning: Reference `LastPage' on page 2 undefined on input line 35.

[2]

Package natbib Warning: Citation `milo2010' on page 3 undefined on input line 47.


Package natbib Warning: Citation `heeswijk2013a' on page 3 undefined on input line 50.


Package natbib Warning: Citation `khademi2004' on page 3 undefined on input line 50.


Package natbib Warning: Citation `milo2010' on page 3 undefined on input line 63.


LaTeX Warning: Reference `fig:carbon_tport' on page 3 undefined on input line 65.


Package natbib Warning: Citation `escalante2012' on page 3 undefined on input line 72.


Package natbib Warning: Citation `milo2010' on page 3 undefined on input line 74.


LaTeX Warning: Reference `fig:carbon_tport' on page 3 undefined on input line 78.


Package natbib Warning: Citation `schmidt2016' on page 3 undefined on input line 80.


Package natbib Warning: Citation `peebo2015' on page 3 undefined on input line 80.


Package natbib Warning: Citation `valgepea2013' on page 3 undefined on input line 80.


Package natbib Warning: Citation `li2014' on page 3 undefined on input line 80.


LaTeX Warning: Reference `fig:carbon_tport' on page 3 undefined on input line 81.


LaTeX Warning: Reference `fig:carbon_tport' on page 3 undefined on input line 85.


LaTeX Warning: Reference `fig:carbon_tport' on page 3 undefined on input line 88.

<main_figs/fig2_carbon_transport.pdf, id=21, 488.69475pt x 300.322pt>
File: main_figs/fig2_carbon_transport.pdf Graphic file (type pdf)
<use main_figs/fig2_carbon_transport.pdf>
Package pdftex.def Info: main_figs/fig2_carbon_transport.pdf  used on input line 94.
(pdftex.def)             Requested size: 488.69354pt x 300.32127pt.

Package natbib Warning: Citation `milo2010' on page 3 undefined on input line 116.


Package natbib Warning: Citation `lu2003' on page 3 undefined on input line 116.


Package natbib Warning: Citation `milo2010' on page 3 undefined on input line 116.


Package natbib Warning: Citation `milo2010' on page 3 undefined on input line 116.


Overfull \vbox (4.3356pt too high) has occurred while \output is active []


Overfull \hbox (6.0pt too wide) has occurred while \output is active
 [][][][][][][]| 
 []


LaTeX Warning: Reference `LastPage' on page 3 undefined on input line 121.

[3 </Users/gchure/Dropbox/git/growth_limits/docs/manuscript/main_figs/schematic_categories.pdf>]

LaTeX Warning: Reference `fig:carbon_tport' on page 4 undefined on input line 122.


LaTeX Warning: Reference `fig:carbon_tport' on page 4 undefined on input line 127.


LaTeX Warning: Reference `fig:carbon_tport' on page 4 undefined on input line 129.


Package natbib Warning: Citation `monod1947' on page 4 undefined on input line 136.


Package natbib Warning: Citation `liu2005a' on page 4 undefined on input line 136.


Package natbib Warning: Citation `aidelberg2014' on page 4 undefined on input line 136.


Package natbib Warning: Citation `gama-castro2016' on page 4 undefined on input line 141.


Package natbib Warning: Citation `zhang2014a' on page 4 undefined on input line 141.


Package natbib Warning: Citation `jacob1961' on page 4 undefined on input line 144.


Package natbib Warning: Citation `ireland2020' on page 4 undefined on input line 146.


Package natbib Warning: Citation `gama-castro2016' on page 4 undefined on input line 146.


Package natbib Warning: Citation `belliveau2018' on page 4 undefined on input line 146.


LaTeX Warning: Reference `fig:carbon_tport' on page 4 undefined on input line 150.


LaTeX Warning: Reference `fig:carbon_tport' on page 4 undefined on input line 156.


Package natbib Warning: Citation `rosenberg1977' on page 4 undefined on input line 174.


Package natbib Warning: Citation `ramos1977' on page 4 undefined on input line 176.


Package natbib Warning: Citation `booth1979' on page 4 undefined on input line 176.


Package natbib Warning: Citation `milo2010' on page 4 undefined on input line 177.


Package natbib Warning: Citation `milo2010' on page 4 undefined on input line 181.


Package natbib Warning: Citation `harris2001' on page 4 undefined on input line 184.


Package natbib Warning: Citation `feist2007' on page 4 undefined on input line 184.


LaTeX Warning: Reference `fig:phospho_sulfo_tport' on page 4 undefined on input line 187.


LaTeX Warning: Reference `fig:phospho_sulfo_tport' on page 4 undefined on input line 191.


Overfull \hbox (8.7212pt too wide) in paragraph at lines 165--195
\T1/opensans-TLF/m/n/9 mak-ing up DNA, RNA, and the NTP en-ergy pool as well as play-ing a crit-i-cal role in the post-translational
 []


Overfull \hbox (6.0pt too wide) has occurred while \output is active
 [][][][][][][]| 
 []


LaTeX Warning: Reference `LastPage' on page 4 undefined on input line 195.

[4]
Overfull \hbox (6.0pt too wide) has occurred while \output is active
 [][][][][][][]| 
 []


LaTeX Warning: Reference `LastPage' on page 5 undefined on input line 195.

[5 </Users/gchure/Dropbox/git/growth_limits/docs/manuscript/main_figs/fig2_carbon_transport.pdf>]

Package natbib Warning: Citation `zhang2014' on page 6 undefined on input line 202.


Package natbib Warning: Citation `sekowska2000' on page 6 undefined on input line 204.


Package natbib Warning: Citation `sirko1995' on page 6 undefined on input line 204.


Package natbib Warning: Citation `milo2010' on page 6 undefined on input line 207.


LaTeX Warning: Reference `fig:phospho_sulfo_tport' on page 6 undefined on input line 210.

<main_figs/fig3_phospho_sulfo_transport.pdf, id=966, 443.74184pt x 300.41835pt>
File: main_figs/fig3_phospho_sulfo_transport.pdf Graphic file (type pdf)
<use main_figs/fig3_phospho_sulfo_transport.pdf>
Package pdftex.def Info: main_figs/fig3_phospho_sulfo_transport.pdf  used on input line 221.
(pdftex.def)             Requested size: 443.74075pt x 300.4176pt.
LaTeX Font Info:    Font shape `T1/opensans-TLF/m/it' will be
(Font)              scaled to size 8.0pt on input line 232.

LaTeX Warning: Reference `fig:carbon_tport' on page 6 undefined on input line 241.


Package natbib Warning: Citation `milo2010' on page 6 undefined on input line 247.


Package natbib Warning: Citation `szenk2017' on page 6 undefined on input line 251.


Package natbib Warning: Citation `phillips2018' on page 6 undefined on input line 252.

) (/Users/gchure/Dropbox/git/growth_limits/docs/manuscript/section_04_energy.tex
Overfull \hbox (6.0pt too wide) has occurred while \output is active
 [][][][][][][]| 
 []


LaTeX Warning: Reference `LastPage' on page 6 undefined on input line 11.

[6]
Overfull \hbox (6.0pt too wide) has occurred while \output is active
 [][][][][][][]| 
 []


LaTeX Warning: Reference `LastPage' on page 7 undefined on input line 11.

[7 </Users/gchure/Dropbox/git/growth_limits/docs/manuscript/main_figs/fig3_phospho_sulfo_transport.pdf>]

Package natbib Warning: Citation `milo2010' on page 8 undefined on input line 22.


Package natbib Warning: Citation `milo2010' on page 8 undefined on input line 25.


Package natbib Warning: Citation `lynch2015' on page 8 undefined on input line 25.


Package natbib Warning: Citation `stouthamer1973' on page 8 undefined on input line 25.


Package natbib Warning: Citation `milo2010' on page 8 undefined on input line 28.


Package natbib Warning: Citation `weber2003' on page 8 undefined on input line 28.


Package natbib Warning: Citation `milo2010' on page 8 undefined on input line 33.


LaTeX Warning: Reference `fig:energy_production' on page 8 undefined on input line 39.


LaTeX Warning: Reference `fig:energy_production' on page 8 undefined on input line 47.


Package natbib Warning: Citation `milo2010' on page 8 undefined on input line 65.


Package natbib Warning: Citation `milo2010' on page 8 undefined on input line 73.


Overfull \hbox (6.0pt too wide) has occurred while \output is active
 [][][][][][][]| 
 []


LaTeX Warning: Reference `LastPage' on page 8 undefined on input line 78.

[8]

Package natbib Warning: Citation `ingledew1984' on page 9 undefined on input line 81.


Package natbib Warning: Citation `khademian2017' on page 9 undefined on input line 81.


Package natbib Warning: Citation `cox1970' on page 9 undefined on input line 81.


Package natbib Warning: Citation `henkel2014' on page 9 undefined on input line 81.


Package natbib Warning: Citation `szenk2017' on page 9 undefined on input line 82.


Package natbib Warning: Citation `milo2010' on page 9 undefined on input line 86.


LaTeX Warning: Reference `fig:energy_production' on page 9 undefined on input line 87.


LaTeX Warning: Reference `fig:energy_production' on page 9 undefined on input line 92.

<main_figs/fig4_energy_production.pdf, id=1460, 471.23854pt x 272.6205pt>
File: main_figs/fig4_energy_production.pdf Graphic file (type pdf)
<use main_figs/fig4_energy_production.pdf>
Package pdftex.def Info: main_figs/fig4_energy_production.pdf  used on input line 105.
(pdftex.def)             Requested size: 471.23738pt x 272.61981pt.

Package natbib Warning: Citation `ojkic2019' on page 9 undefined on input line 141.


Package natbib Warning: Citation `harris2018' on page 9 undefined on input line 141.


Package natbib Warning: Citation `schaechter1958' on page 9 undefined on input line 143.


Package natbib Warning: Citation `si2017' on page 9 undefined on input line 143.


LaTeX Warning: Reference `fig:energy_production' on page 9 undefined on input line 157.


Package natbib Warning: Citation `stouthamer1977' on page 9 undefined on input line 163.


Package natbib Warning: Citation `szenk2017' on page 9 undefined on input line 163.


LaTeX Warning: Reference `fig:energy_scaling' on page 9 undefined on input line 163.


Package natbib Warning: Citation `szenk2017' on page 9 undefined on input line 170.


LaTeX Warning: Reference `fig:energy_scaling' on page 9 undefined on input line 171.


Package natbib Warning: Citation `szenk2017' on page 9 undefined on input line 174.


LaTeX Warning: Reference `fig:energy_scaling' on page 9 undefined on input line 182.


Package natbib Warning: Citation `ashburner2000' on page 9 undefined on input line 186.


Package natbib Warning: Citation `thegeneOntologyconsortium2018' on page 9 undefined on input line 186.


LaTeX Warning: Reference `fig:energy_scaling' on page 9 undefined on input line 191.


Package natbib Warning: Citation `tatusov2000' on page 9 undefined on input line 194.


Overfull \hbox (6.0pt too wide) has occurred while \output is active
 [][][][][][][]| 
 []


LaTeX Warning: Reference `LastPage' on page 9 undefined on input line 196.

[9]
Overfull \hbox (6.0pt too wide) has occurred while \output is active
 [][][][][][][]| 
 []


LaTeX Warning: Reference `LastPage' on page 10 undefined on input line 196.

[10 </Users/gchure/Dropbox/git/growth_limits/docs/manuscript/main_figs/fig4_energy_production.pdf>]
<main_figs/fig5_energy_SV_scaling.pdf, id=1556, 488.18585pt x 311.83502pt>
File: main_figs/fig5_energy_SV_scaling.pdf Graphic file (type pdf)
<use main_figs/fig5_energy_SV_scaling.pdf>
Package pdftex.def Info: main_figs/fig5_energy_SV_scaling.pdf  used on input line 200.
(pdftex.def)             Requested size: 488.18466pt x 311.83426pt.
LaTeX Font Info:    Trying to load font information for T1+lmtt on input line 220.
 (/usr/local/texlive/2020/texmf-dist/tex/latex/lm/t1lmtt.fd
File: t1lmtt.fd 2009/10/30 v1.6 Font defs for Latin Modern
)
Package microtype Info: Loading generic protrusion settings for font family
(microtype)             `lmtt' (encoding: T1).
(microtype)             For optimal results, create family-specific settings.
(microtype)             See the microtype manual for details.


Package natbib Warning: Citation `shi2018' on page 11 undefined on input line 220.

) (/Users/gchure/Dropbox/git/growth_limits/docs/manuscript/section_06_DNA.tex
Overfull \hbox (6.0pt too wide) has occurred while \output is active
 [][][][][][][]| 
 []


LaTeX Warning: Reference `LastPage' on page 11 undefined on input line 9.

[11 </Users/gchure/Dropbox/git/growth_limits/docs/manuscript/main_figs/fig5_energy_SV_scaling.pdf>]
Overfull \hbox (13.80002pt too wide) in paragraph at lines 12--21
\T1/opensans-TLF/m/n/9 Most bac-te-ria (in-clud-ing \T1/opensans-TLF/m/it/9 E. coli\T1/opensans-TLF/m/n/9 ) har-bor a sin-gle, cir-cu-lar chro-mo-some and can have extra-chromosomal
 []


Package natbib Warning: Citation `rudd2016' on page 12 undefined on input line 29.


Package natbib Warning: Citation `ge2003' on page 12 undefined on input line 34.


LaTeX Warning: Reference `fig:DNA_synthesis' on page 12 undefined on input line 40.


LaTeX Warning: Reference `fig:DNA_synthesis' on page 12 undefined on input line 45.


LaTeX Warning: Reference `fig:DNA_synthesis' on page 12 undefined on input line 49.


Package natbib Warning: Citation `sanchez-romero2011' on page 12 undefined on input line 56.

<main_figs/fig6_DNA_synthesis.pdf, id=2159, 448.05896pt x 283.70291pt>
File: main_figs/fig6_DNA_synthesis.pdf Graphic file (type pdf)
<use main_figs/fig6_DNA_synthesis.pdf>
Package pdftex.def Info: main_figs/fig6_DNA_synthesis.pdf  used on input line 63.
(pdftex.def)             Requested size: 448.05786pt x 283.70221pt.

Package natbib Warning: Citation `si2019' on page 12 undefined on input line 78.


Package natbib Warning: Citation `fijalkowska2012' on page 12 undefined on input line 96.


Package natbib Warning: Citation `milo2010' on page 12 undefined on input line 98.


Overfull \hbox (6.0pt too wide) has occurred while \output is active
 [][][][][][][]| 
 []


LaTeX Warning: Reference `LastPage' on page 12 undefined on input line 106.

[12]
Overfull \hbox (6.0pt too wide) has occurred while \output is active
 [][][][][][][]| 
 []


LaTeX Warning: Reference `LastPage' on page 13 undefined on input line 106.

[13 </Users/gchure/Dropbox/git/growth_limits/docs/manuscript/main_figs/fig6_DNA_synthesis.pdf>]

Package natbib Warning: Citation `bremer2008' on page 14 undefined on input line 109.


Package natbib Warning: Citation `si2017' on page 14 undefined on input line 109.


LaTeX Warning: Reference `fig:DNA_synthesis' on page 14 undefined on input line 112.


Package natbib Warning: Citation `ason2000' on page 14 undefined on input line 118.


LaTeX Warning: Reference `fig:DNA_synthesis' on page 14 undefined on input line 118.


LaTeX Warning: Reference `fig:DNA_synthesis' on page 14 undefined on input line 128.


Package natbib Warning: Citation `jensen2001' on page 14 undefined on input line 132.

) (/Users/gchure/Dropbox/git/growth_limits/docs/manuscript/section_07_RNA.tex

Package natbib Warning: Citation `milo2010' on page 14 undefined on input line 18.


Package natbib Warning: Citation `milo2010' on page 14 undefined on input line 21.


Package natbib Warning: Citation `milo2010' on page 14 undefined on input line 33.


Overfull \hbox (6.0pt too wide) has occurred while \output is active
 [][][][][][][]| 
 []


LaTeX Warning: Reference `LastPage' on page 14 undefined on input line 39.

[14]

Package natbib Warning: Citation `milo2010' on page 15 undefined on input line 43.


Package natbib Warning: Citation `birnbaum1971' on page 15 undefined on input line 44.


Package natbib Warning: Citation `stevenson2004' on page 15 undefined on input line 47.


Package natbib Warning: Citation `milo2010' on page 15 undefined on input line 58.


Package natbib Warning: Citation `milo2010' on page 15 undefined on input line 72.


Package natbib Warning: Citation `milo2010' on page 15 undefined on input line 75.


Package natbib Warning: Citation `milo2010' on page 15 undefined on input line 76.


Package natbib Warning: Citation `milo2010' on page 15 undefined on input line 83.


Package natbib Warning: Citation `milo2010' on page 15 undefined on input line 91.


Overfull \hbox (6.0pt too wide) has occurred while \output is active
 [][][][][][][]| 
 []


LaTeX Warning: Reference `LastPage' on page 15 undefined on input line 105.

[15]

Package natbib Warning: Citation `milo2010' on page 16 undefined on input line 109.


Package natbib Warning: Citation `milo2010' on page 16 undefined on input line 112.


Package natbib Warning: Citation `abelson1974' on page 16 undefined on input line 118.


Package natbib Warning: Citation `svenningsen2017' on page 16 undefined on input line 118.

<main_figs/fig7_RNA_synthesis.pdf, id=2860, 448.9011pt x 361.90108pt>
File: main_figs/fig7_RNA_synthesis.pdf Graphic file (type pdf)
<use main_figs/fig7_RNA_synthesis.pdf>
Package pdftex.def Info: main_figs/fig7_RNA_synthesis.pdf  used on input line 129.
(pdftex.def)             Requested size: 448.9pt x 361.90019pt.

Overfull \vbox (13.0066pt too high) has occurred while \output is active []


Overfull \hbox (6.0pt too wide) has occurred while \output is active
 [][][][][][][]| 
 []


LaTeX Warning: Reference `LastPage' on page 16 undefined on input line 147.

[16 </Users/gchure/Dropbox/git/growth_limits/docs/manuscript/main_figs/fig7_RNA_synthesis.pdf>]

Package hyperref Warning: Token not allowed in a PDF string (PDFDocEncoding):
(hyperref)                removing `math shift' on input line 147.


Package hyperref Warning: Token not allowed in a PDF string (PDFDocEncoding):
(hyperref)                removing `\sigma' on input line 147.


Package hyperref Warning: Token not allowed in a PDF string (PDFDocEncoding):
(hyperref)                removing `math shift' on input line 147.


LaTeX Warning: Reference `fig:RNA_synthesis' on page 17 undefined on input line 148.


LaTeX Warning: Reference `fig:RNA_synthesis' on page 17 undefined on input line 151.


Package natbib Warning: Citation `patrick2015' on page 17 undefined on input line 156.


Package natbib Warning: Citation `finkelstein2013' on page 17 undefined on input line 159.


Package natbib Warning: Citation `browning2016' on page 17 undefined on input line 163.


Package natbib Warning: Citation `kapanidis2005' on page 17 undefined on input line 168.


Package natbib Warning: Citation `goldman2015' on page 17 undefined on input line 168.


Package natbib Warning: Citation `perdue2011' on page 17 undefined on input line 168.


Package natbib Warning: Citation `mooney2003' on page 17 undefined on input line 168.


Package natbib Warning: Citation `mooney2005' on page 17 undefined on input line 168.


LaTeX Warning: Reference `fig:RNA_synthesis' on page 17 undefined on input line 169.


LaTeX Warning: Reference `fig:RNA_synthesis' on page 17 undefined on input line 176.


LaTeX Warning: Reference `fig:RNA_synthesis' on page 17 undefined on input line 180.

) (/Users/gchure/Dropbox/git/growth_limits/docs/manuscript/section_08_translation.tex

Package natbib Warning: Citation `milo2010' on page 17 undefined on input line 22.


Package natbib Warning: Citation `milo2010' on page 17 undefined on input line 24.


Package natbib Warning: Citation `milo2010' on page 17 undefined on input line 37.


Overfull \hbox (6.0pt too wide) has occurred while \output is active
 [][][][][][][]| 
 []


LaTeX Warning: Reference `LastPage' on page 17 undefined on input line 38.

[17]

Package natbib Warning: Citation `milo2010' on page 18 undefined on input line 47.


Package natbib Warning: Citation `milo2010' on page 18 undefined on input line 51.


LaTeX Warning: Reference `fig:protein_synthesis' on page 18 undefined on input line 54.


LaTeX Warning: Reference `fig:protein_synthesis' on page 18 undefined on input line 59.


Package natbib Warning: Citation `dai2018' on page 18 undefined on input line 86.


Package natbib Warning: Citation `milo2010' on page 18 undefined on input line 89.


LaTeX Warning: Reference `fig:protein_synthesis' on page 18 undefined on input line 92.


LaTeX Warning: Reference `fig:protein_synthesis' on page 18 undefined on input line 95.

<main_figs/fig8_protein_synthesis.pdf, id=2961, 501.16635pt x 255.39014pt>
File: main_figs/fig8_protein_synthesis.pdf Graphic file (type pdf)
<use main_figs/fig8_protein_synthesis.pdf>
Package pdftex.def Info: main_figs/fig8_protein_synthesis.pdf  used on input line 100.
(pdftex.def)             Requested size: 501.16513pt x 255.38951pt.

LaTeX Warning: Reference `fig:ribosome_limit' on page 18 undefined on input line 129.


Overfull \hbox (6.0pt too wide) has occurred while \output is active
 [][][][][][][]| 
 []


LaTeX Warning: Reference `LastPage' on page 18 undefined on input line 131.

[18]
Overfull \hbox (6.0pt too wide) has occurred while \output is active
 [][][][][][][]| 
 []


LaTeX Warning: Reference `LastPage' on page 19 undefined on input line 131.

[19 </Users/gchure/Dropbox/git/growth_limits/docs/manuscript/main_figs/fig8_protein_synthesis.pdf>]
LaTeX Font Info:    Font shape `T1/opensans-TLF/m/n' will be
(Font)              scaled to size 6.0pt on input line 159.


Package natbib Warning: Citation `godin2010' on page 20 undefined on input line 160.


Package natbib Warning: Citation `milo2010' on page 20 undefined on input line 176.

LaTeX Font Info:    Trying to load font information for T1+stix on input line 181.
(/usr/local/texlive/2020/texmf-dist/tex/latex/stix/t1stix.fd
File: t1stix.fd 2015/04/17 v1.1.2-latex STIX T1 font definitions
)
Package microtype Info: Loading generic protrusion settings for font family
(microtype)             `stix' (encoding: T1).
(microtype)             For optimal results, create family-specific settings.
(microtype)             See the microtype manual for details.


LaTeX Warning: Reference `fig:ribosome_limit' on page 20 undefined on input line 185.


Package natbib Warning: Citation `milo2010' on page 20 undefined on input line 187.


LaTeX Warning: Reference `eq:translation_limit_growth_rate' on page 20 undefined on input line 189.


Package natbib Warning: Citation `Goldberger1979' on page 20 undefined on input line 192.


Package natbib Warning: Citation `scott2010' on page 20 undefined on input line 192.


LaTeX Warning: Reference `fig:ribosome_limit' on page 20 undefined on input line 195.


LaTeX Warning: Reference `fig:ribosome_limit' on page 20 undefined on input line 199.

<main_figs/fig7_ribosome_growth_limit_2.pdf, id=3053, 485.64337pt x 280.11752pt>
File: main_figs/fig7_ribosome_growth_limit_2.pdf Graphic file (type pdf)
<use main_figs/fig7_ribosome_growth_limit_2.pdf>
Package pdftex.def Info: main_figs/fig7_ribosome_growth_limit_2.pdf  used on input line 206.
(pdftex.def)             Requested size: 485.64218pt x 280.11684pt.

Package natbib Warning: Citation `si2017' on page 20 undefined on input line 233.

LaTeX Font Info:    Font shape `T1/opensans-TLF/b/it' will be
(Font)              scaled to size 8.0pt on input line 233.

LaTeX Warning: Reference `fig:translation_ecoli_partA' on page 20 undefined on input line 233.


LaTeX Warning: Reference `fig:ribosome_limit' on page 20 undefined on input line 253.


Package natbib Warning: Citation `milo2010' on page 20 undefined on input line 256.


LaTeX Warning: Reference `fig:ribosome_limit(C)' on page 20 undefined on input line 259.


LaTeX Warning: Reference `fig:ribosome_limit' on page 20 undefined on input line 268.


LaTeX Warning: Reference `fig:ribosome_limit' on page 20 undefined on input line 272.

) (/Users/gchure/Dropbox/git/growth_limits/docs/manuscript/section_09_limits.tex
Overfull \hbox (6.0pt too wide) has occurred while \output is active
 [][][][][][][]| 
 []


LaTeX Warning: Reference `LastPage' on page 20 undefined on input line 1.

[20]
Overfull \hbox (6.0pt too wide) has occurred while \output is active
 [][][][][][][]| 
 []


LaTeX Warning: Reference `LastPage' on page 21 undefined on input line 1.

[21 </Users/gchure/Dropbox/git/growth_limits/docs/manuscript/main_figs/fig7_ribosome_growth_limit_2.pdf>]

Package natbib Warning: Citation `schaechter1958' on page 22 undefined on input line 16.


Package natbib Warning: Citation `taheriaraghi2015' on page 22 undefined on input line 16.


LaTeX Warning: Reference `fig:translation_ecoli_partA' on page 22 undefined on input line 20.


Package natbib Warning: Citation `si2017' on page 22 undefined on input line 20.


Package natbib Warning: Citation `si2017' on page 22 undefined on input line 25.


Package natbib Warning: Citation `harris2018' on page 22 undefined on input line 25.


Package natbib Warning: Citation `milo2010' on page 22 undefined on input line 28.


Package natbib Warning: Citation `bremer2008' on page 22 undefined on input line 28.


Package natbib Warning: Citation `basan2015' on page 22 undefined on input line 28.


LaTeX Warning: Reference `eq:translation_limit_growth_rate' on page 22 undefined on input line 37.


LaTeX Warning: Reference `eq:translation_limit_growth_rate' on page 22 undefined on input line 43.


Package natbib Warning: Citation `si2017' on page 22 undefined on input line 48.


LaTeX Warning: Reference `fig:translation_ecoli_partA' on page 22 undefined on input line 55.


Package natbib Warning: Citation `si2017' on page 22 undefined on input line 56.


LaTeX Warning: Reference `fig:translation_ecoli_partA' on page 22 undefined on input line 61.


Package natbib Warning: Citation `scholz2019' on page 22 undefined on input line 66.


LaTeX Warning: Reference `fig:translation_ecoli_partA' on page 22 undefined on input line 68.


LaTeX Warning: Reference `fig:translation_ecoli_partA' on page 22 undefined on input line 71.


Overfull \hbox (6.0pt too wide) has occurred while \output is active
 [][][][][][][]| 
 []


LaTeX Warning: Reference `LastPage' on page 22 undefined on input line 80.

[22]
<main_figs/fig8_ribosome_growth_limit_ecoli_a_2.pdf, id=3326, 338.71744pt x 227.90144pt>
File: main_figs/fig8_ribosome_growth_limit_ecoli_a_2.pdf Graphic file (type pdf)
<use main_figs/fig8_ribosome_growth_limit_ecoli_a_2.pdf>
Package pdftex.def Info: main_figs/fig8_ribosome_growth_limit_ecoli_a_2.pdf  used on input line 84.
(pdftex.def)             Requested size: 338.71661pt x 227.90088pt.


Package natbib Warning: Citation `schmidt2016' on page 23 undefined on input line 104.


LaTeX Warning: Reference `fig:translation_ecoli_partA' on page 23 undefined on input line 363.


Package natbib Warning: Citation `dai2016' on page 23 undefined on input line 367.


Package natbib Warning: Citation `bosdriesz2015' on page 23 undefined on input line 367.


Package natbib Warning: Citation `zhu2019' on page 23 undefined on input line 367.


Overfull \vbox (0.20898pt too high) has occurred while \output is active []


Overfull \hbox (6.0pt too wide) has occurred while \output is active
 [][][][][][][]| 
 []


LaTeX Warning: Reference `LastPage' on page 23 undefined on input line 371.

[23 </Users/gchure/Dropbox/git/growth_limits/docs/manuscript/main_figs/fig8_ribosome_growth_limit_ecoli_a_2.pdf>]

LaTeX Warning: Reference `fig:translation_ecoli_partB' on page 24 undefined on input line 375.


Package natbib Warning: Citation `dai2016' on page 24 undefined on input line 379.


Package natbib Warning: Citation `dai2018' on page 24 undefined on input line 379.


Package natbib Warning: Citation `dai2016' on page 24 undefined on input line 409.


Package natbib Warning: Citation `dai2018' on page 24 undefined on input line 409.


Package natbib Warning: Citation `milo2010' on page 24 undefined on input line 418.


Package natbib Warning: Citation `bennett2009' on page 24 undefined on input line 418.


Package natbib Warning: Citation `dai2016' on page 24 undefined on input line 420.


LaTeX Warning: Reference `fig:translation_ecoli_partB' on page 24 undefined on input line 427.


Package natbib Warning: Citation `dai2018' on page 24 undefined on input line 437.


Package natbib Warning: Citation `bennett2009' on page 24 undefined on input line 445.

<main_figs/fig8_ribosome_growth_limit_ecoli_b.pdf, id=3665, 465.66774pt x 175.59201pt>
File: main_figs/fig8_ribosome_growth_limit_ecoli_b.pdf Graphic file (type pdf)
<use main_figs/fig8_ribosome_growth_limit_ecoli_b.pdf>
Package pdftex.def Info: main_figs/fig8_ribosome_growth_limit_ecoli_b.pdf  used on input line 456.
(pdftex.def)             Requested size: 465.6666pt x 175.59157pt.

Package natbib Warning: Citation `dai2016' on page 24 undefined on input line 473.

LaTeX Font Info:    Font shape `T1/opensans-TLF/m/it' will be
(Font)              scaled to size 10.0pt on input line 481.

Package natbib Warning: Citation `dai2016' on page 24 undefined on input line 483.


LaTeX Warning: Reference `fig:translation_ecoli_partB' on page 24 undefined on input line 485.


LaTeX Warning: Reference `eq:translation_limit_growth_rate' on page 24 undefined on input line 487.


Overfull \hbox (6.0pt too wide) has occurred while \output is active
 [][][][][][][]| 
 []


LaTeX Warning: Reference `LastPage' on page 24 undefined on input line 493.

[24]

Package natbib Warning: Citation `fernandezcoll2020' on page 25 undefined on input line 500.


Package natbib Warning: Citation `zhu2019' on page 25 undefined on input line 501.

)
Overfull \hbox (6.0pt too wide) has occurred while \output is active
 [][][][][][][]| 
 []


LaTeX Warning: Reference `LastPage' on page 25 undefined on input line 44.

[25 </Users/gchure/Dropbox/git/growth_limits/docs/manuscript/main_figs/fig8_ribosome_gro