\BOOKMARK [1][-]{section*.1}{Introduction}{}% 1
\BOOKMARK [1][-]{section*.3}{Uptake of Nutrients}{}% 2
\BOOKMARK [2][-]{subsection*.4}{Nitrogen Transport}{section*.3}% 3
\BOOKMARK [2][-]{subsection*.5}{Carbon Transport}{section*.3}% 4
\BOOKMARK [2][-]{subsection*.7}{Phosphorus and Sulfur Transport}{section*.3}% 5
\BOOKMARK [2][-]{subsection*.9}{Limits on Transporter Expression}{section*.3}% 6
\BOOKMARK [1][-]{section*.10}{Energy Production}{}% 7
\BOOKMARK [2][-]{subsection*.11}{ATP Synthesis}{section*.10}% 8
\BOOKMARK [2][-]{subsection*.12}{Generating the Proton Electrochemical Gradient}{section*.10}% 9
\BOOKMARK [2][-]{subsection*.14}{Energy Production in a Crowded Membrane.}{section*.10}% 10
\BOOKMARK [1][-]{section*.16}{Function of the Central Dogma}{}% 11
\BOOKMARK [2][-]{subsection*.17}{DNA}{section*.16}% 12
\BOOKMARK [3][-]{subsubsection*.18}{dNTP synthesis}{subsection*.17}% 13
\BOOKMARK [3][-]{subsubsection*.20}{DNA Replication}{subsection*.17}% 14
\BOOKMARK [2][-]{subsection*.21}{RNA Synthesis}{section*.16}% 15
\BOOKMARK [3][-]{subsubsection*.22}{rRNA}{subsection*.21}% 16
\BOOKMARK [3][-]{subsubsection*.23}{mRNA}{subsection*.21}% 17
\BOOKMARK [3][-]{subsubsection*.24}{tRNA}{subsection*.21}% 18
\BOOKMARK [3][-]{subsubsection*.26}{RNA Polymerase and -factor Abundance}{subsection*.21}% 19
\BOOKMARK [2][-]{subsection*.27}{Translation and ribosomal synthesis}{section*.16}% 20
\BOOKMARK [3][-]{subsubsection*.28}{tRNA synthetases}{subsection*.27}% 21
\BOOKMARK [3][-]{subsubsection*.29}{Protein synthesis}{subsection*.27}% 22
\BOOKMARK [3][-]{subsubsection*.31}{Translation as a growth-rate limiting step}{subsection*.27}% 23
\BOOKMARK [2][-]{subsection*.33}{Relationship between cell size and growth rate.}{section*.16}% 24
\BOOKMARK [3][-]{subsubsection*.34}{Ribosomal abundance defines exponential scaling between cell size and growth rate}{subsection*.33}% 25
\BOOKMARK [2][-]{subsection*.36}{Growth in poor nutrient conditions.}{section*.16}% 26
\BOOKMARK [3][-]{subsubsection*.37}{Mitigation of translation activity helps maintain homeostasis in poor nutrient conditions}{subsection*.36}% 27
\BOOKMARK [3][-]{subsubsection*.39}{E. coli maximizes its steady-state growth rate by tuning both ribosomal content and translation activity.}{subsection*.36}% 28
